[5.207s] Invoking command in '/home/user/ros2_ws/src/move_towards_object': PYTHONPATH=/home/user/build/move_towards_object/prefix_override:/home/user/install/move_towards_object/lib/python3.10/site-packages:${PYTHONPATH} _=/usr/bin/env /usr/bin/python3 -W ignore:setup.py install is deprecated setup.py egg_info --egg-base ../../../build/move_towards_object build --build-base /home/user/build/move_towards_object/build install --record /home/user/build/move_towards_object/install.log --single-version-externally-managed install_data
[6.641s] running egg_info
[6.642s] writing ../../../build/move_towards_object/move_towards_object.egg-info/PKG-INFO
[6.643s] writing dependency_links to ../../../build/move_towards_object/move_towards_object.egg-info/dependency_links.txt
[6.643s] writing entry points to ../../../build/move_towards_object/move_towards_object.egg-info/entry_points.txt
[6.644s] writing requirements to ../../../build/move_towards_object/move_towards_object.egg-info/requires.txt
[6.644s] writing top-level names to ../../../build/move_towards_object/move_towards_object.egg-info/top_level.txt
[6.649s] reading manifest file '../../../build/move_towards_object/move_towards_object.egg-info/SOURCES.txt'
[6.716s] writing manifest file '../../../build/move_towards_object/move_towards_object.egg-info/SOURCES.txt'
[6.717s] running build
[6.717s] running build_py
[6.725s] copying move_towards_object/q_learning_agent.py -> /home/user/build/move_towards_object/build/lib/move_towards_object
[6.725s] copying move_towards_object/robot_environment.py -> /home/user/build/move_towards_object/build/lib/move_towards_object
[6.805s] copying move_towards_object/move_towards_object_node.py -> /home/user/build/move_towards_object/build/lib/move_towards_object
[6.805s] running install
[6.805s] running install_lib
[6.811s] copying /home/user/build/move_towards_object/build/lib/move_towards_object/q_learning_agent.py -> /home/user/install/move_towards_object/lib/python3.10/site-packages/move_towards_object
[6.811s] copying /home/user/build/move_towards_object/build/lib/move_towards_object/robot_environment.py -> /home/user/install/move_towards_object/lib/python3.10/site-packages/move_towards_object
[6.811s] copying /home/user/build/move_towards_object/build/lib/move_towards_object/move_towards_object_node.py -> /home/user/install/move_towards_object/lib/python3.10/site-packages/move_towards_object
[6.812s] byte-compiling /home/user/install/move_towards_object/lib/python3.10/site-packages/move_towards_object/q_learning_agent.py to q_learning_agent.cpython-310.pyc
[6.825s] byte-compiling /home/user/install/move_towards_object/lib/python3.10/site-packages/move_towards_object/robot_environment.py to robot_environment.cpython-310.pyc
[6.825s] byte-compiling /home/user/install/move_towards_object/lib/python3.10/site-packages/move_towards_object/move_towards_object_node.py to move_towards_object_node.cpython-310.pyc
[6.837s] running install_data
[6.837s] running install_egg_info
[6.837s] removing '/home/user/install/move_towards_object/lib/python3.10/site-packages/move_towards_object-0.0.0-py3.10.egg-info' (and everything under it)
[6.845s] Copying ../../../build/move_towards_object/move_towards_object.egg-info to /home/user/install/move_towards_object/lib/python3.10/site-packages/move_towards_object-0.0.0-py3.10.egg-info
[6.845s] running install_scripts
[7.029s] Installing move_towards_object_node script to /home/user/install/move_towards_object/lib/move_towards_object
[7.029s] writing list of installed files to '/home/user/build/move_towards_object/install.log'
[7.168s] Invoked command in '/home/user/ros2_ws/src/move_towards_object' returned '0': PYTHONPATH=/home/user/build/move_towards_object/prefix_override:/home/user/install/move_towards_object/lib/python3.10/site-packages:${PYTHONPATH} _=/usr/bin/env /usr/bin/python3 -W ignore:setup.py install is deprecated setup.py egg_info --egg-base ../../../build/move_towards_object build --build-base /home/user/build/move_towards_object/build install --record /home/user/build/move_towards_object/install.log --single-version-externally-managed install_data
