[1.276s] DEBUG:colcon:Command line arguments: ['/usr/bin/colcon', 'build', '--packages-select', '3d_object_detection']
[1.276s] DEBUG:colcon:Parsed command line arguments: Namespace(log_base=None, log_level=None, verb_name='build', build_base='build', install_base='install', merge_install=False, symlink_install=False, test_result_base=None, continue_on_error=False, executor='parallel', parallel_workers=4, event_handlers=None, ignore_user_meta=False, metas=['./colcon.meta'], base_paths=['.'], packages_ignore=None, packages_ignore_regex=None, paths=None, packages_up_to=None, packages_up_to_regex=None, packages_above=None, packages_above_and_dependencies=None, packages_above_depth=None, packages_select_by_dep=None, packages_skip_by_dep=None, packages_skip_up_to=None, packages_select_build_failed=False, packages_skip_build_finished=False, packages_select_test_failures=False, packages_skip_test_passed=False, packages_select=['3d_object_detection'], packages_skip=None, packages_select_regex=None, packages_skip_regex=None, packages_start=None, packages_end=None, lookup_in_workspace=False, cargo_args=None, clean_build=False, cmake_args=None, cmake_target=None, cmake_target_skip_unavailable=False, cmake_clean_cache=False, cmake_clean_first=False, cmake_force_configure=False, ament_cmake_args=None, catkin_cmake_args=None, catkin_skip_building_tests=False, mixin_files=None, mixin=None, verb_parser=<colcon_mixin.mixin.mixin_argument.MixinArgumentDecorator object at 0x7f572bc82680>, verb_extension=<colcon_core.verb.build.BuildVerb object at 0x7f572bc81b10>, main=<bound method BuildVerb.main of <colcon_core.verb.build.BuildVerb object at 0x7f572bc81b10>>, mixin_verb=('build',))
[2.969s] Level 1:colcon.colcon_core.package_discovery:discover_packages(colcon_meta) check parameters
[2.969s] Level 1:colcon.colcon_core.package_discovery:discover_packages(recursive) check parameters
[2.969s] Level 1:colcon.colcon_core.package_discovery:discover_packages(ignore) check parameters
[2.969s] Level 1:colcon.colcon_core.package_discovery:discover_packages(path) check parameters
[2.977s] Level 1:colcon.colcon_core.package_discovery:discover_packages(colcon_meta) discover
[2.983s] Level 1:colcon.colcon_core.package_discovery:discover_packages(recursive) discover
[2.983s] INFO:colcon.colcon_core.package_discovery:Crawling recursively for packages in '/home/user'
[2.984s] Level 1:colcon.colcon_core.package_identification:_identify(.) by extensions ['ignore', 'ignore_ament_install']
[2.987s] Level 1:colcon.colcon_core.package_identification:_identify(.) by extension 'ignore'
[2.987s] Level 1:colcon.colcon_core.package_identification:_identify(.) by extension 'ignore_ament_install'
[2.995s] Level 1:colcon.colcon_core.package_identification:_identify(.) by extensions ['colcon_pkg']
[2.995s] Level 1:colcon.colcon_core.package_identification:_identify(.) by extension 'colcon_pkg'
[2.995s] Level 1:colcon.colcon_core.package_identification:_identify(.) by extensions ['colcon_meta']
[2.995s] Level 1:colcon.colcon_core.package_identification:_identify(.) by extension 'colcon_meta'
[2.996s] Level 1:colcon.colcon_core.package_identification:_identify(.) by extensions ['ament_cargo']
[2.996s] Level 1:colcon.colcon_core.package_identification:_identify(.) by extension 'ament_cargo'
[2.996s] Level 1:colcon.colcon_core.package_identification:_identify(.) by extensions ['ros']
[2.997s] Level 1:colcon.colcon_core.package_identification:_identify(.) by extension 'ros'
[3.061s] Level 1:colcon.colcon_core.package_identification:_identify(.) by extensions ['cargo', 'cmake', 'python']
[3.095s] Level 1:colcon.colcon_core.package_identification:_identify(.) by extension 'cargo'
[3.098s] Level 1:colcon.colcon_core.package_identification:_identify(.) by extension 'cmake'
[3.099s] Level 1:colcon.colcon_core.package_identification:_identify(.) by extension 'python'
[3.099s] Level 1:colcon.colcon_core.package_identification:_identify(.) by extensions ['python_setup_py']
[3.104s] Level 1:colcon.colcon_core.package_identification:_identify(.) by extension 'python_setup_py'
[3.105s] Level 1:colcon.colcon_core.package_identification:_identify(build) by extensions ['ignore', 'ignore_ament_install']
[3.106s] Level 1:colcon.colcon_core.package_identification:_identify(build) by extension 'ignore'
[3.107s] Level 1:colcon.colcon_core.package_identification:_identify(build) ignored
[3.111s] Level 1:colcon.colcon_core.package_identification:_identify(darknet) by extensions ['ignore', 'ignore_ament_install']
[3.114s] Level 1:colcon.colcon_core.package_identification:_identify(darknet) by extension 'ignore'
[3.115s] Level 1:colcon.colcon_core.package_identification:_identify(darknet) by extension 'ignore_ament_install'
[3.115s] Level 1:colcon.colcon_core.package_identification:_identify(darknet) by extensions ['colcon_pkg']
[3.115s] Level 1:colcon.colcon_core.package_identification:_identify(darknet) by extension 'colcon_pkg'
[3.115s] Level 1:colcon.colcon_core.package_identification:_identify(darknet) by extensions ['colcon_meta']
[3.129s] Level 1:colcon.colcon_core.package_identification:_identify(darknet) by extension 'colcon_meta'
[3.129s] Level 1:colcon.colcon_core.package_identification:_identify(darknet) by extensions ['ament_cargo']
[3.129s] Level 1:colcon.colcon_core.package_identification:_identify(darknet) by extension 'ament_cargo'
[3.133s] Level 1:colcon.colcon_core.package_identification:_identify(darknet) by extensions ['ros']
[3.134s] Level 1:colcon.colcon_core.package_identification:_identify(darknet) by extension 'ros'
[3.173s] DEBUG:colcon.colcon_core.package_identification:Package 'darknet' with type 'ros.cmake' and name 'darknet'
[3.174s] Level 1:colcon.colcon_core.package_identification:_identify(install) by extensions ['ignore', 'ignore_ament_install']
[3.176s] Level 1:colcon.colcon_core.package_identification:_identify(install) by extension 'ignore'
[3.176s] Level 1:colcon.colcon_core.package_identification:_identify(install) ignored
[3.179s] Level 1:colcon.colcon_core.package_identification:_identify(log) by extensions ['ignore', 'ignore_ament_install']
[3.179s] Level 1:colcon.colcon_core.package_identification:_identify(log) by extension 'ignore'
[3.179s] Level 1:colcon.colcon_core.package_identification:_identify(log) ignored
[3.179s] Level 1:colcon.colcon_core.package_identification:_identify(notebook_ws) by extensions ['ignore', 'ignore_ament_install']
[3.179s] Level 1:colcon.colcon_core.package_identification:_identify(notebook_ws) by extension 'ignore'
[3.180s] Level 1:colcon.colcon_core.package_identification:_identify(notebook_ws) by extension 'ignore_ament_install'
[3.180s] Level 1:colcon.colcon_core.package_identification:_identify(notebook_ws) by extensions ['colcon_pkg']
[3.180s] Level 1:colcon.colcon_core.package_identification:_identify(notebook_ws) by extension 'colcon_pkg'
[3.180s] Level 1:colcon.colcon_core.package_identification:_identify(notebook_ws) by extensions ['colcon_meta']
[3.180s] Level 1:colcon.colcon_core.package_identification:_identify(notebook_ws) by extension 'colcon_meta'
[3.180s] Level 1:colcon.colcon_core.package_identification:_identify(notebook_ws) by extensions ['ament_cargo']
[3.180s] Level 1:colcon.colcon_core.package_identification:_identify(notebook_ws) by extension 'ament_cargo'
[3.180s] Level 1:colcon.colcon_core.package_identification:_identify(notebook_ws) by extensions ['ros']
[3.185s] Level 1:colcon.colcon_core.package_identification:_identify(notebook_ws) by extension 'ros'
[3.185s] Level 1:colcon.colcon_core.package_identification:_identify(notebook_ws) by extensions ['cargo', 'cmake', 'python']
[3.190s] Level 1:colcon.colcon_core.package_identification:_identify(notebook_ws) by extension 'cargo'
[3.190s] Level 1:colcon.colcon_core.package_identification:_identify(notebook_ws) by extension 'cmake'
[3.190s] Level 1:colcon.colcon_core.package_identification:_identify(notebook_ws) by extension 'python'
[3.190s] Level 1:colcon.colcon_core.package_identification:_identify(notebook_ws) by extensions ['python_setup_py']
[3.190s] Level 1:colcon.colcon_core.package_identification:_identify(notebook_ws) by extension 'python_setup_py'
[3.191s] Level 1:colcon.colcon_core.package_identification:_identify(notebook_ws/images) by extensions ['ignore', 'ignore_ament_install']
[3.191s] Level 1:colcon.colcon_core.package_identification:_identify(notebook_ws/images) by extension 'ignore'
[3.191s] Level 1:colcon.colcon_core.package_identification:_identify(notebook_ws/images) by extension 'ignore_ament_install'
[3.191s] Level 1:colcon.colcon_core.package_identification:_identify(notebook_ws/images) by extensions ['colcon_pkg']
[3.191s] Level 1:colcon.colcon_core.package_identification:_identify(notebook_ws/images) by extension 'colcon_pkg'
[3.191s] Level 1:colcon.colcon_core.package_identification:_identify(notebook_ws/images) by extensions ['colcon_meta']
[3.191s] Level 1:colcon.colcon_core.package_identification:_identify(notebook_ws/images) by extension 'colcon_meta'
[3.193s] Level 1:colcon.colcon_core.package_identification:_identify(notebook_ws/images) by extensions ['ament_cargo']
[3.193s] Level 1:colcon.colcon_core.package_identification:_identify(notebook_ws/images) by extension 'ament_cargo'
[3.193s] Level 1:colcon.colcon_core.package_identification:_identify(notebook_ws/images) by extensions ['ros']
[3.193s] Level 1:colcon.colcon_core.package_identification:_identify(notebook_ws/images) by extension 'ros'
[3.193s] Level 1:colcon.colcon_core.package_identification:_identify(notebook_ws/images) by extensions ['cargo', 'cmake', 'python']
[3.193s] Level 1:colcon.colcon_core.package_identification:_identify(notebook_ws/images) by extension 'cargo'
[3.193s] Level 1:colcon.colcon_core.package_identification:_identify(notebook_ws/images) by extension 'cmake'
[3.193s] Level 1:colcon.colcon_core.package_identification:_identify(notebook_ws/images) by extension 'python'
[3.194s] Level 1:colcon.colcon_core.package_identification:_identify(notebook_ws/images) by extensions ['python_setup_py']
[3.194s] Level 1:colcon.colcon_core.package_identification:_identify(notebook_ws/images) by extension 'python_setup_py'
[3.194s] Level 1:colcon.colcon_core.package_identification:_identify(ros2_ws) by extensions ['ignore', 'ignore_ament_install']
[3.194s] Level 1:colcon.colcon_core.package_identification:_identify(ros2_ws) by extension 'ignore'
[3.198s] Level 1:colcon.colcon_core.package_identification:_identify(ros2_ws) by extension 'ignore_ament_install'
[3.198s] Level 1:colcon.colcon_core.package_identification:_identify(ros2_ws) by extensions ['colcon_pkg']
[3.198s] Level 1:colcon.colcon_core.package_identification:_identify(ros2_ws) by extension 'colcon_pkg'
[3.198s] Level 1:colcon.colcon_core.package_identification:_identify(ros2_ws) by extensions ['colcon_meta']
[3.198s] Level 1:colcon.colcon_core.package_identification:_identify(ros2_ws) by extension 'colcon_meta'
[3.198s] Level 1:colcon.colcon_core.package_identification:_identify(ros2_ws) by extensions ['ament_cargo']
[3.199s] Level 1:colcon.colcon_core.package_identification:_identify(ros2_ws) by extension 'ament_cargo'
[3.199s] Level 1:colcon.colcon_core.package_identification:_identify(ros2_ws) by extensions ['ros']
[3.199s] Level 1:colcon.colcon_core.package_identification:_identify(ros2_ws) by extension 'ros'
[3.199s] Level 1:colcon.colcon_core.package_identification:_identify(ros2_ws) by extensions ['cargo', 'cmake', 'python']
[3.199s] Level 1:colcon.colcon_core.package_identification:_identify(ros2_ws) by extension 'cargo'
[3.199s] Level 1:colcon.colcon_core.package_identification:_identify(ros2_ws) by extension 'cmake'
[3.199s] Level 1:colcon.colcon_core.package_identification:_identify(ros2_ws) by extension 'python'
[3.199s] Level 1:colcon.colcon_core.package_identification:_identify(ros2_ws) by extensions ['python_setup_py']
[3.199s] Level 1:colcon.colcon_core.package_identification:_identify(ros2_ws) by extension 'python_setup_py'
[3.199s] Level 1:colcon.colcon_core.package_identification:_identify(ros2_ws/build) by extensions ['ignore', 'ignore_ament_install']
[3.199s] Level 1:colcon.colcon_core.package_identification:_identify(ros2_ws/build) by extension 'ignore'
[3.199s] Level 1:colcon.colcon_core.package_identification:_identify(ros2_ws/build) ignored
[3.200s] Level 1:colcon.colcon_core.package_identification:_identify(ros2_ws/install) by extensions ['ignore', 'ignore_ament_install']
[3.200s] Level 1:colcon.colcon_core.package_identification:_identify(ros2_ws/install) by extension 'ignore'
[3.200s] Level 1:colcon.colcon_core.package_identification:_identify(ros2_ws/install) ignored
[3.200s] Level 1:colcon.colcon_core.package_identification:_identify(ros2_ws/log) by extensions ['ignore', 'ignore_ament_install']
[3.200s] Level 1:colcon.colcon_core.package_identification:_identify(ros2_ws/log) by extension 'ignore'
[3.200s] Level 1:colcon.colcon_core.package_identification:_identify(ros2_ws/log) ignored
[3.200s] Level 1:colcon.colcon_core.package_identification:_identify(ros2_ws/src) by extensions ['ignore', 'ignore_ament_install']
[3.200s] Level 1:colcon.colcon_core.package_identification:_identify(ros2_ws/src) by extension 'ignore'
[3.200s] Level 1:colcon.colcon_core.package_identification:_identify(ros2_ws/src) by extension 'ignore_ament_install'
[3.200s] Level 1:colcon.colcon_core.package_identification:_identify(ros2_ws/src) by extensions ['colcon_pkg']
[3.200s] Level 1:colcon.colcon_core.package_identification:_identify(ros2_ws/src) by extension 'colcon_pkg'
[3.201s] Level 1:colcon.colcon_core.package_identification:_identify(ros2_ws/src) by extensions ['colcon_meta']
[3.201s] Level 1:colcon.colcon_core.package_identification:_identify(ros2_ws/src) by extension 'colcon_meta'
[3.201s] Level 1:colcon.colcon_core.package_identification:_identify(ros2_ws/src) by extensions ['ament_cargo']
[3.201s] Level 1:colcon.colcon_core.package_identification:_identify(ros2_ws/src) by extension 'ament_cargo'
[3.201s] Level 1:colcon.colcon_core.package_identification:_identify(ros2_ws/src) by extensions ['ros']
[3.201s] Level 1:colcon.colcon_core.package_identification:_identify(ros2_ws/src) by extension 'ros'
[3.201s] Level 1:colcon.colcon_core.package_identification:_identify(ros2_ws/src) by extensions ['cargo', 'cmake', 'python']
[3.201s] Level 1:colcon.colcon_core.package_identification:_identify(ros2_ws/src) by extension 'cargo'
[3.201s] Level 1:colcon.colcon_core.package_identification:_identify(ros2_ws/src) by extension 'cmake'
[3.201s] Level 1:colcon.colcon_core.package_identification:_identify(ros2_ws/src) by extension 'python'
[3.201s] Level 1:colcon.colcon_core.package_identification:_identify(ros2_ws/src) by extensions ['python_setup_py']
[3.201s] Level 1:colcon.colcon_core.package_identification:_identify(ros2_ws/src) by extension 'python_setup_py'
[3.201s] Level 1:colcon.colcon_core.package_identification:_identify(ros2_ws/src/3d_object_detection) by extensions ['ignore', 'ignore_ament_install']
[3.201s] Level 1:colcon.colcon_core.package_identification:_identify(ros2_ws/src/3d_object_detection) by extension 'ignore'
[3.202s] Level 1:colcon.colcon_core.package_identification:_identify(ros2_ws/src/3d_object_detection) by extension 'ignore_ament_install'
[3.222s] Level 1:colcon.colcon_core.package_identification:_identify(ros2_ws/src/3d_object_detection) by extensions ['colcon_pkg']
[3.222s] Level 1:colcon.colcon_core.package_identification:_identify(ros2_ws/src/3d_object_detection) by extension 'colcon_pkg'
[3.222s] Level 1:colcon.colcon_core.package_identification:_identify(ros2_ws/src/3d_object_detection) by extensions ['colcon_meta']
[3.222s] Level 1:colcon.colcon_core.package_identification:_identify(ros2_ws/src/3d_object_detection) by extension 'colcon_meta'
[3.222s] Level 1:colcon.colcon_core.package_identification:_identify(ros2_ws/src/3d_object_detection) by extensions ['ament_cargo']
[3.222s] Level 1:colcon.colcon_core.package_identification:_identify(ros2_ws/src/3d_object_detection) by extension 'ament_cargo'
[3.222s] Level 1:colcon.colcon_core.package_identification:_identify(ros2_ws/src/3d_object_detection) by extensions ['ros']
[3.222s] Level 1:colcon.colcon_core.package_identification:_identify(ros2_ws/src/3d_object_detection) by extension 'ros'
[3.224s] DEBUG:colcon.colcon_core.package_identification:Package 'ros2_ws/src/3d_object_detection' with type 'ros.ament_python' and name '3d_object_detection'
[3.224s] Level 1:colcon.colcon_core.package_identification:_identify(ros2_ws/src/limo_files) by extensions ['ignore', 'ignore_ament_install']
[3.224s] Level 1:colcon.colcon_core.package_identification:_identify(ros2_ws/src/limo_files) by extension 'ignore'
[3.224s] Level 1:colcon.colcon_core.package_identification:_identify(ros2_ws/src/limo_files) by extension 'ignore_ament_install'
[3.224s] Level 1:colcon.colcon_core.package_identification:_identify(ros2_ws/src/limo_files) by extensions ['colcon_pkg']
[3.224s] Level 1:colcon.colcon_core.package_identification:_identify(ros2_ws/src/limo_files) by extension 'colcon_pkg'
[3.224s] Level 1:colcon.colcon_core.package_identification:_identify(ros2_ws/src/limo_files) by extensions ['colcon_meta']
[3.224s] Level 1:colcon.colcon_core.package_identification:_identify(ros2_ws/src/limo_files) by extension 'colcon_meta'
[3.224s] Level 1:colcon.colcon_core.package_identification:_identify(ros2_ws/src/limo_files) by extensions ['ament_cargo']
[3.224s] Level 1:colcon.colcon_core.package_identification:_identify(ros2_ws/src/limo_files) by extension 'ament_cargo'
[3.225s] Level 1:colcon.colcon_core.package_identification:_identify(ros2_ws/src/limo_files) by extensions ['ros']
[3.225s] Level 1:colcon.colcon_core.package_identification:_identify(ros2_ws/src/limo_files) by extension 'ros'
[3.225s] Level 1:colcon.colcon_core.package_identification:_identify(ros2_ws/src/limo_files) by extensions ['cargo', 'cmake', 'python']
[3.225s] Level 1:colcon.colcon_core.package_identification:_identify(ros2_ws/src/limo_files) by extension 'cargo'
[3.225s] Level 1:colcon.colcon_core.package_identification:_identify(ros2_ws/src/limo_files) by extension 'cmake'
[3.225s] Level 1:colcon.colcon_core.package_identification:_identify(ros2_ws/src/limo_files) by extension 'python'
[3.225s] Level 1:colcon.colcon_core.package_identification:_identify(ros2_ws/src/limo_files) by extensions ['python_setup_py']
[3.225s] Level 1:colcon.colcon_core.package_identification:_identify(ros2_ws/src/limo_files) by extension 'python_setup_py'
[3.225s] Level 1:colcon.colcon_core.package_identification:_identify(ros2_ws/src/limo_files/gazebo_plugins_ros_mod) by extensions ['ignore', 'ignore_ament_install']
[3.225s] Level 1:colcon.colcon_core.package_identification:_identify(ros2_ws/src/limo_files/gazebo_plugins_ros_mod) by extension 'ignore'
[3.225s] Level 1:colcon.colcon_core.package_identification:_identify(ros2_ws/src/limo_files/gazebo_plugins_ros_mod) by extension 'ignore_ament_install'
[3.225s] Level 1:colcon.colcon_core.package_identification:_identify(ros2_ws/src/limo_files/gazebo_plugins_ros_mod) by extensions ['colcon_pkg']
[3.226s] Level 1:colcon.colcon_core.package_identification:_identify(ros2_ws/src/limo_files/gazebo_plugins_ros_mod) by extension 'colcon_pkg'
[3.226s] Level 1:colcon.colcon_core.package_identification:_identify(ros2_ws/src/limo_files/gazebo_plugins_ros_mod) by extensions ['colcon_meta']
[3.241s] Level 1:colcon.colcon_core.package_identification:_identify(ros2_ws/src/limo_files/gazebo_plugins_ros_mod) by extension 'colcon_meta'
[3.241s] Level 1:colcon.colcon_core.package_identification:_identify(ros2_ws/src/limo_files/gazebo_plugins_ros_mod) by extensions ['ament_cargo']
[3.241s] Level 1:colcon.colcon_core.package_identification:_identify(ros2_ws/src/limo_files/gazebo_plugins_ros_mod) by extension 'ament_cargo'
[3.241s] Level 1:colcon.colcon_core.package_identification:_identify(ros2_ws/src/limo_files/gazebo_plugins_ros_mod) by extensions ['ros']
[3.243s] Level 1:colcon.colcon_core.package_identification:_identify(ros2_ws/src/limo_files/gazebo_plugins_ros_mod) by extension 'ros'
[3.243s] Level 1:colcon.colcon_core.package_identification:_identify(ros2_ws/src/limo_files/gazebo_plugins_ros_mod) by extensions ['cargo', 'cmake', 'python']
[3.243s] Level 1:colcon.colcon_core.package_identification:_identify(ros2_ws/src/limo_files/gazebo_plugins_ros_mod) by extension 'cargo'
[3.243s] Level 1:colcon.colcon_core.package_identification:_identify(ros2_ws/src/limo_files/gazebo_plugins_ros_mod) by extension 'cmake'
[3.243s] Level 1:colcon.colcon_core.package_identification:_identify(ros2_ws/src/limo_files/gazebo_plugins_ros_mod) by extension 'python'
[3.243s] Level 1:colcon.colcon_core.package_identification:_identify(ros2_ws/src/limo_files/gazebo_plugins_ros_mod) by extensions ['python_setup_py']
[3.244s] Level 1:colcon.colcon_core.package_identification:_identify(ros2_ws/src/limo_files/gazebo_plugins_ros_mod) by extension 'python_setup_py'
[3.244s] Level 1:colcon.colcon_core.package_identification:_identify(ros2_ws/src/limo_files/gazebo_plugins_ros_mod/tc_gazebo_plugins) by extensions ['ignore', 'ignore_ament_install']
[3.244s] Level 1:colcon.colcon_core.package_identification:_identify(ros2_ws/src/limo_files/gazebo_plugins_ros_mod/tc_gazebo_plugins) by extension 'ignore'
[3.244s] Level 1:colcon.colcon_core.package_identification:_identify(ros2_ws/src/limo_files/gazebo_plugins_ros_mod/tc_gazebo_plugins) by extension 'ignore_ament_install'
[3.244s] Level 1:colcon.colcon_core.package_identification:_identify(ros2_ws/src/limo_files/gazebo_plugins_ros_mod/tc_gazebo_plugins) by extensions ['colcon_pkg']
[3.244s] Level 1:colcon.colcon_core.package_identification:_identify(ros2_ws/src/limo_files/gazebo_plugins_ros_mod/tc_gazebo_plugins) by extension 'colcon_pkg'
[3.244s] Level 1:colcon.colcon_core.package_identification:_identify(ros2_ws/src/limo_files/gazebo_plugins_ros_mod/tc_gazebo_plugins) by extensions ['colcon_meta']
[3.244s] Level 1:colcon.colcon_core.package_identification:_identify(ros2_ws/src/limo_files/gazebo_plugins_ros_mod/tc_gazebo_plugins) by extension 'colcon_meta'
[3.244s] Level 1:colcon.colcon_core.package_identification:_identify(ros2_ws/src/limo_files/gazebo_plugins_ros_mod/tc_gazebo_plugins) by extensions ['ament_cargo']
[3.244s] Level 1:colcon.colcon_core.package_identification:_identify(ros2_ws/src/limo_files/gazebo_plugins_ros_mod/tc_gazebo_plugins) by extension 'ament_cargo'
[3.245s] Level 1:colcon.colcon_core.package_identification:_identify(ros2_ws/src/limo_files/gazebo_plugins_ros_mod/tc_gazebo_plugins) by extensions ['ros']
[3.245s] Level 1:colcon.colcon_core.package_identification:_identify(ros2_ws/src/limo_files/gazebo_plugins_ros_mod/tc_gazebo_plugins) by extension 'ros'
[3.379s] DEBUG:colcon.colcon_core.package_identification:Package 'ros2_ws/src/limo_files/gazebo_plugins_ros_mod/tc_gazebo_plugins' with type 'ros.ament_cmake' and name 'tc_gazebo_plugins'
[3.380s] Level 1:colcon.colcon_core.package_identification:_identify(ros2_ws/src/limo_files/limo_ros2) by extensions ['ignore', 'ignore_ament_install']
[3.380s] Level 1:colcon.colcon_core.package_identification:_identify(ros2_ws/src/limo_files/limo_ros2) by extension 'ignore'
[3.380s] Level 1:colcon.colcon_core.package_identification:_identify(ros2_ws/src/limo_files/limo_ros2) by extension 'ignore_ament_install'
[3.380s] Level 1:colcon.colcon_core.package_identification:_identify(ros2_ws/src/limo_files/limo_ros2) by extensions ['colcon_pkg']
[3.380s] Level 1:colcon.colcon_core.package_identification:_identify(ros2_ws/src/limo_files/limo_ros2) by extension 'colcon_pkg'
[3.380s] Level 1:colcon.colcon_core.package_identification:_identify(ros2_ws/src/limo_files/limo_ros2) by extensions ['colcon_meta']
[3.380s] Level 1:colcon.colcon_core.package_identification:_identify(ros2_ws/src/limo_files/limo_ros2) by extension 'colcon_meta'
[3.380s] Level 1:colcon.colcon_core.package_identification:_identify(ros2_ws/src/limo_files/limo_ros2) by extensions ['ament_cargo']
[3.381s] Level 1:colcon.colcon_core.package_identification:_identify(ros2_ws/src/limo_files/limo_ros2) by extension 'ament_cargo'
[3.381s] Level 1:colcon.colcon_core.package_identification:_identify(ros2_ws/src/limo_files/limo_ros2) by extensions ['ros']
[3.381s] Level 1:colcon.colcon_core.package_identification:_identify(ros2_ws/src/limo_files/limo_ros2) by extension 'ros'
[3.381s] Level 1:colcon.colcon_core.package_identification:_identify(ros2_ws/src/limo_files/limo_ros2) by extensions ['cargo', 'cmake', 'python']
[3.381s] Level 1:colcon.colcon_core.package_identification:_identify(ros2_ws/src/limo_files/limo_ros2) by extension 'cargo'
[3.381s] Level 1:colcon.colcon_core.package_identification:_identify(ros2_ws/src/limo_files/limo_ros2) by extension 'cmake'
[3.381s] Level 1:colcon.colcon_core.package_identification:_identify(ros2_ws/src/limo_files/limo_ros2) by extension 'python'
[3.381s] Level 1:colcon.colcon_core.package_identification:_identify(ros2_ws/src/limo_files/limo_ros2) by extensions ['python_setup_py']
[3.381s] Level 1:colcon.colcon_core.package_identification:_identify(ros2_ws/src/limo_files/limo_ros2) by extension 'python_setup_py'
[3.381s] Level 1:colcon.colcon_core.package_identification:_identify(ros2_ws/src/limo_files/limo_ros2/limo_base) by extensions ['ignore', 'ignore_ament_install']
[3.381s] Level 1:colcon.colcon_core.package_identification:_identify(ros2_ws/src/limo_files/limo_ros2/limo_base) by extension 'ignore'
[3.382s] Level 1:colcon.colcon_core.package_identification:_identify(ros2_ws/src/limo_files/limo_ros2/limo_base) by extension 'ignore_ament_install'
[3.402s] Level 1:colcon.colcon_core.package_identification:_identify(ros2_ws/src/limo_files/limo_ros2/limo_base) by extensions ['colcon_pkg']
[3.402s] Level 1:colcon.colcon_core.package_identification:_identify(ros2_ws/src/limo_files/limo_ros2/limo_base) by extension 'colcon_pkg'
[3.402s] Level 1:colcon.colcon_core.package_identification:_identify(ros2_ws/src/limo_files/limo_ros2/limo_base) by extensions ['colcon_meta']
[3.402s] Level 1:colcon.colcon_core.package_identification:_identify(ros2_ws/src/limo_files/limo_ros2/limo_base) by extension 'colcon_meta'
[3.402s] Level 1:colcon.colcon_core.package_identification:_identify(ros2_ws/src/limo_files/limo_ros2/limo_base) by extensions ['ament_cargo']
[3.402s] Level 1:colcon.colcon_core.package_identification:_identify(ros2_ws/src/limo_files/limo_ros2/limo_base) by extension 'ament_cargo'
[3.402s] Level 1:colcon.colcon_core.package_identification:_identify(ros2_ws/src/limo_files/limo_ros2/limo_base) by extensions ['ros']
[3.402s] Level 1:colcon.colcon_core.package_identification:_identify(ros2_ws/src/limo_files/limo_ros2/limo_base) by extension 'ros'
[3.404s] DEBUG:colcon.colcon_core.package_identification:Package 'ros2_ws/src/limo_files/limo_ros2/limo_base' with type 'ros.ament_cmake' and name 'limo_base'
[3.404s] Level 1:colcon.colcon_core.package_identification:_identify(ros2_ws/src/limo_files/limo_ros2/limo_car) by extensions ['ignore', 'ignore_ament_install']
[3.404s] Level 1:colcon.colcon_core.package_identification:_identify(ros2_ws/src/limo_files/limo_ros2/limo_car) by extension 'ignore'
[3.405s] Level 1:colcon.colcon_core.package_identification:_identify(ros2_ws/src/limo_files/limo_ros2/limo_car) by extension 'ignore_ament_install'
[3.405s] Level 1:colcon.colcon_core.package_identification:_identify(ros2_ws/src/limo_files/limo_ros2/limo_car) by extensions ['colcon_pkg']
[3.405s] Level 1:colcon.colcon_core.package_identification:_identify(ros2_ws/src/limo_files/limo_ros2/limo_car) by extension 'colcon_pkg'
[3.405s] Level 1:colcon.colcon_core.package_identification:_identify(ros2_ws/src/limo_files/limo_ros2/limo_car) by extensions ['colcon_meta']
[3.405s] Level 1:colcon.colcon_core.package_identification:_identify(ros2_ws/src/limo_files/limo_ros2/limo_car) by extension 'colcon_meta'
[3.405s] Level 1:colcon.colcon_core.package_identification:_identify(ros2_ws/src/limo_files/limo_ros2/limo_car) by extensions ['ament_cargo']
[3.405s] Level 1:colcon.colcon_core.package_identification:_identify(ros2_ws/src/limo_files/limo_ros2/limo_car) by extension 'ament_cargo'
[3.405s] Level 1:colcon.colcon_core.package_identification:_identify(ros2_ws/src/limo_files/limo_ros2/limo_car) by extensions ['ros']
[3.405s] Level 1:colcon.colcon_core.package_identification:_identify(ros2_ws/src/limo_files/limo_ros2/limo_car) by extension 'ros'
[3.423s] DEBUG:colcon.colcon_core.package_identification:Package 'ros2_ws/src/limo_files/limo_ros2/limo_car' with type 'ros.ament_cmake' and name 'limo_car'
[3.423s] Level 1:colcon.colcon_core.package_identification:_identify(ros2_ws/src/limo_files/limo_ros2/limo_description) by extensions ['ignore', 'ignore_ament_install']
[3.423s] Level 1:colcon.colcon_core.package_identification:_identify(ros2_ws/src/limo_files/limo_ros2/limo_description) by extension 'ignore'
[3.423s] Level 1:colcon.colcon_core.package_identification:_identify(ros2_ws/src/limo_files/limo_ros2/limo_description) by extension 'ignore_ament_install'
[3.424s] Level 1:colcon.colcon_core.package_identification:_identify(ros2_ws/src/limo_files/limo_ros2/limo_description) by extensions ['colcon_pkg']
[3.424s] Level 1:colcon.colcon_core.package_identification:_identify(ros2_ws/src/limo_files/limo_ros2/limo_description) by extension 'colcon_pkg'
[3.424s] Level 1:colcon.colcon_core.package_identification:_identify(ros2_ws/src/limo_files/limo_ros2/limo_description) by extensions ['colcon_meta']
[3.424s] Level 1:colcon.colcon_core.package_identification:_identify(ros2_ws/src/limo_files/limo_ros2/limo_description) by extension 'colcon_meta'
[3.424s] Level 1:colcon.colcon_core.package_identification:_identify(ros2_ws/src/limo_files/limo_ros2/limo_description) by extensions ['ament_cargo']
[3.424s] Level 1:colcon.colcon_core.package_identification:_identify(ros2_ws/src/limo_files/limo_ros2/limo_description) by extension 'ament_cargo'
[3.424s] Level 1:colcon.colcon_core.package_identification:_identify(ros2_ws/src/limo_files/limo_ros2/limo_description) by extensions ['ros']
[3.424s] Level 1:colcon.colcon_core.package_identification:_identify(ros2_ws/src/limo_files/limo_ros2/limo_description) by extension 'ros'
[3.425s] DEBUG:colcon.colcon_core.package_identification:Package 'ros2_ws/src/limo_files/limo_ros2/limo_description' with type 'ros.ament_cmake' and name 'limo_description'
[3.425s] Level 1:colcon.colcon_core.package_identification:_identify(ros2_ws/src/limo_files/limo_ros2/limo_msgs) by extensions ['ignore', 'ignore_ament_install']
[3.425s] Level 1:colcon.colcon_core.package_identification:_identify(ros2_ws/src/limo_files/limo_ros2/limo_msgs) by extension 'ignore'
[3.425s] Level 1:colcon.colcon_core.package_identification:_identify(ros2_ws/src/limo_files/limo_ros2/limo_msgs) by extension 'ignore_ament_install'
[3.425s] Level 1:colcon.colcon_core.package_identification:_identify(ros2_ws/src/limo_files/limo_ros2/limo_msgs) by extensions ['colcon_pkg']
[3.426s] Level 1:colcon.colcon_core.package_identification:_identify(ros2_ws/src/limo_files/limo_ros2/limo_msgs) by extension 'colcon_pkg'
[3.446s] Level 1:colcon.colcon_core.package_identification:_identify(ros2_ws/src/limo_files/limo_ros2/limo_msgs) by extensions ['colcon_meta']
[3.446s] Level 1:colcon.colcon_core.package_identification:_identify(ros2_ws/src/limo_files/limo_ros2/limo_msgs) by extension 'colcon_meta'
[3.446s] Level 1:colcon.colcon_core.package_identification:_identify(ros2_ws/src/limo_files/limo_ros2/limo_msgs) by extensions ['ament_cargo']
[3.446s] Level 1:colcon.colcon_core.package_identification:_identify(ros2_ws/src/limo_files/limo_ros2/limo_msgs) by extension 'ament_cargo'
[3.446s] Level 1:colcon.colcon_core.package_identification:_identify(ros2_ws/src/limo_files/limo_ros2/limo_msgs) by extensions ['ros']
[3.446s] Level 1:colcon.colcon_core.package_identification:_identify(ros2_ws/src/limo_files/limo_ros2/limo_msgs) by extension 'ros'
[3.447s] DEBUG:colcon.colcon_core.package_identification:Package 'ros2_ws/src/limo_files/limo_ros2/limo_msgs' with type 'ros.ament_cmake' and name 'limo_msgs'
[3.448s] Level 1:colcon.colcon_core.package_identification:_identify(ros2_ws/src/limo_files/limo_ros2/scripts) by extensions ['ignore', 'ignore_ament_install']
[3.448s] Level 1:colcon.colcon_core.package_identification:_identify(ros2_ws/src/limo_files/limo_ros2/scripts) by extension 'ignore'
[3.448s] Level 1:colcon.colcon_core.package_identification:_identify(ros2_ws/src/limo_files/limo_ros2/scripts) by extension 'ignore_ament_install'
[3.448s] Level 1:colcon.colcon_core.package_identification:_identify(ros2_ws/src/limo_files/limo_ros2/scripts) by extensions ['colcon_pkg']
[3.448s] Level 1:colcon.colcon_core.package_identification:_identify(ros2_ws/src/limo_files/limo_ros2/scripts) by extension 'colcon_pkg'
[3.448s] Level 1:colcon.colcon_core.package_identification:_identify(ros2_ws/src/limo_files/limo_ros2/scripts) by extensions ['colcon_meta']
[3.448s] Level 1:colcon.colcon_core.package_identification:_identify(ros2_ws/src/limo_files/limo_ros2/scripts) by extension 'colcon_meta'
[3.448s] Level 1:colcon.colcon_core.package_identification:_identify(ros2_ws/src/limo_files/limo_ros2/scripts) by extensions ['ament_cargo']
[3.448s] Level 1:colcon.colcon_core.package_identification:_identify(ros2_ws/src/limo_files/limo_ros2/scripts) by extension 'ament_cargo'
[3.448s] Level 1:colcon.colcon_core.package_identification:_identify(ros2_ws/src/limo_files/limo_ros2/scripts) by extensions ['ros']
[3.448s] Level 1:colcon.colcon_core.package_identification:_identify(ros2_ws/src/limo_files/limo_ros2/scripts) by extension 'ros'
[3.449s] Level 1:colcon.colcon_core.package_identification:_identify(ros2_ws/src/limo_files/limo_ros2/scripts) by extensions ['cargo', 'cmake', 'python']
[3.449s] Level 1:colcon.colcon_core.package_identification:_identify(ros2_ws/src/limo_files/limo_ros2/scripts) by extension 'cargo'
[3.449s] Level 1:colcon.colcon_core.package_identification:_identify(ros2_ws/src/limo_files/limo_ros2/scripts) by extension 'cmake'
[3.449s] Level 1:colcon.colcon_core.package_identification:_identify(ros2_ws/src/limo_files/limo_ros2/scripts) by extension 'python'
[3.449s] Level 1:colcon.colcon_core.package_identification:_identify(ros2_ws/src/limo_files/limo_ros2/scripts) by extensions ['python_setup_py']
[3.456s] Level 1:colcon.colcon_core.package_identification:_identify(ros2_ws/src/limo_files/limo_ros2/scripts) by extension 'python_setup_py'
[3.456s] Level 1:colcon.colcon_core.package_identification:_identify(ros2_ws/src/limo_files/ros_components_description) by extensions ['ignore', 'ignore_ament_install']
[3.456s] Level 1:colcon.colcon_core.package_identification:_identify(ros2_ws/src/limo_files/ros_components_description) by extension 'ignore'
[3.456s] Level 1:colcon.colcon_core.package_identification:_identify(ros2_ws/src/limo_files/ros_components_description) by extension 'ignore_ament_install'
[3.456s] Level 1:colcon.colcon_core.package_identification:_identify(ros2_ws/src/limo_files/ros_components_description) by extensions ['colcon_pkg']
[3.456s] Level 1:colcon.colcon_core.package_identification:_identify(ros2_ws/src/limo_files/ros_components_description) by extension 'colcon_pkg'
[3.456s] Level 1:colcon.colcon_core.package_identification:_identify(ros2_ws/src/limo_files/ros_components_description) by extensions ['colcon_meta']
[3.457s] Level 1:colcon.colcon_core.package_identification:_identify(ros2_ws/src/limo_files/ros_components_description) by extension 'colcon_meta'
[3.457s] Level 1:colcon.colcon_core.package_identification:_identify(ros2_ws/src/limo_files/ros_components_description) by extensions ['ament_cargo']
[3.457s] Level 1:colcon.colcon_core.package_identification:_identify(ros2_ws/src/limo_files/ros_components_description) by extension 'ament_cargo'
[3.457s] Level 1:colcon.colcon_core.package_identification:_identify(ros2_ws/src/limo_files/ros_components_description) by extensions ['ros']
[3.457s] Level 1:colcon.colcon_core.package_identification:_identify(ros2_ws/src/limo_files/ros_components_description) by extension 'ros'
[3.546s] DEBUG:colcon.colcon_core.package_identification:Package 'ros2_ws/src/limo_files/ros_components_description' with type 'ros.ament_cmake' and name 'ros_components_description'
[3.546s] Level 1:colcon.colcon_core.package_identification:_identify(ros2_ws/src/limo_files/rviz) by extensions ['ignore', 'ignore_ament_install']
[3.546s] Level 1:colcon.colcon_core.package_identification:_identify(ros2_ws/src/limo_files/rviz) by extension 'ignore'
[3.547s] Level 1:colcon.colcon_core.package_identification:_identify(ros2_ws/src/limo_files/rviz) by extension 'ignore_ament_install'
[3.547s] Level 1:colcon.colcon_core.package_identification:_identify(ros2_ws/src/limo_files/rviz) by extensions ['colcon_pkg']
[3.547s] Level 1:colcon.colcon_core.package_identification:_identify(ros2_ws/src/limo_files/rviz) by extension 'colcon_pkg'
[3.547s] Level 1:colcon.colcon_core.package_identification:_identify(ros2_ws/src/limo_files/rviz) by extensions ['colcon_meta']
[3.547s] Level 1:colcon.colcon_core.package_identification:_identify(ros2_ws/src/limo_files/rviz) by extension 'colcon_meta'
[3.547s] Level 1:colcon.colcon_core.package_identification:_identify(ros2_ws/src/limo_files/rviz) by extensions ['ament_cargo']
[3.547s] Level 1:colcon.colcon_core.package_identification:_identify(ros2_ws/src/limo_files/rviz) by extension 'ament_cargo'
[3.547s] Level 1:colcon.colcon_core.package_identification:_identify(ros2_ws/src/limo_files/rviz) by extensions ['ros']
[3.547s] Level 1:colcon.colcon_core.package_identification:_identify(ros2_ws/src/limo_files/rviz) by extension 'ros'
[3.547s] Level 1:colcon.colcon_core.package_identification:_identify(ros2_ws/src/limo_files/rviz) by extensions ['cargo', 'cmake', 'python']
[3.547s] Level 1:colcon.colcon_core.package_identification:_identify(ros2_ws/src/limo_files/rviz) by extension 'cargo'
[3.547s] Level 1:colcon.colcon_core.package_identification:_identify(ros2_ws/src/limo_files/rviz) by extension 'cmake'
[3.547s] Level 1:colcon.colcon_core.package_identification:_identify(ros2_ws/src/limo_files/rviz) by extension 'python'
[3.548s] Level 1:colcon.colcon_core.package_identification:_identify(ros2_ws/src/limo_files/rviz) by extensions ['python_setup_py']
[3.548s] Level 1:colcon.colcon_core.package_identification:_identify(ros2_ws/src/limo_files/rviz) by extension 'python_setup_py'
[3.548s] Level 1:colcon.colcon_core.package_identification:_identify(ros2_ws/src/limo_files/scripts) by extensions ['ignore', 'ignore_ament_install']
[3.548s] Level 1:colcon.colcon_core.package_identification:_identify(ros2_ws/src/limo_files/scripts) by extension 'ignore'
[3.548s] Level 1:colcon.colcon_core.package_identification:_identify(ros2_ws/src/limo_files/scripts) by extension 'ignore_ament_install'
[3.548s] Level 1:colcon.colcon_core.package_identification:_identify(ros2_ws/src/limo_files/scripts) by extensions ['colcon_pkg']
[3.548s] Level 1:colcon.colcon_core.package_identification:_identify(ros2_ws/src/limo_files/scripts) by extension 'colcon_pkg'
[3.548s] Level 1:colcon.colcon_core.package_identification:_identify(ros2_ws/src/limo_files/scripts) by extensions ['colcon_meta']
[3.548s] Level 1:colcon.colcon_core.package_identification:_identify(ros2_ws/src/limo_files/scripts) by extension 'colcon_meta'
[3.548s] Level 1:colcon.colcon_core.package_identification:_identify(ros2_ws/src/limo_files/scripts) by extensions ['ament_cargo']
[3.549s] Level 1:colcon.colcon_core.package_identification:_identify(ros2_ws/src/limo_files/scripts) by extension 'ament_cargo'
[3.549s] Level 1:colcon.colcon_core.package_identification:_identify(ros2_ws/src/limo_files/scripts) by extensions ['ros']
[3.549s] Level 1:colcon.colcon_core.package_identification:_identify(ros2_ws/src/limo_files/scripts) by extension 'ros'
[3.549s] Level 1:colcon.colcon_core.package_identification:_identify(ros2_ws/src/limo_files/scripts) by extensions ['cargo', 'cmake', 'python']
[3.549s] Level 1:colcon.colcon_core.package_identification:_identify(ros2_ws/src/limo_files/scripts) by extension 'cargo'
[3.549s] Level 1:colcon.colcon_core.package_identification:_identify(ros2_ws/src/limo_files/scripts) by extension 'cmake'
[3.549s] Level 1:colcon.colcon_core.package_identification:_identify(ros2_ws/src/limo_files/scripts) by extension 'python'
[3.549s] Level 1:colcon.colcon_core.package_identification:_identify(ros2_ws/src/limo_files/scripts) by extensions ['python_setup_py']
[3.549s] Level 1:colcon.colcon_core.package_identification:_identify(ros2_ws/src/limo_files/scripts) by extension 'python_setup_py'
[3.549s] Level 1:colcon.colcon_core.package_identification:_identify(ros2_ws/src/move_towards_object) by extensions ['ignore', 'ignore_ament_install']
[3.550s] Level 1:colcon.colcon_core.package_identification:_identify(ros2_ws/src/move_towards_object) by extension 'ignore'
[3.550s] Level 1:colcon.colcon_core.package_identification:_identify(ros2_ws/src/move_towards_object) by extension 'ignore_ament_install'
[3.550s] Level 1:colcon.colcon_core.package_identification:_identify(ros2_ws/src/move_towards_object) by extensions ['colcon_pkg']
[3.550s] Level 1:colcon.colcon_core.package_identification:_identify(ros2_ws/src/move_towards_object) by extension 'colcon_pkg'
[3.550s] Level 1:colcon.colcon_core.package_identification:_identify(ros2_ws/src/move_towards_object) by extensions ['colcon_meta']
[3.550s] Level 1:colcon.colcon_core.package_identification:_identify(ros2_ws/src/move_towards_object) by extension 'colcon_meta'
[3.550s] Level 1:colcon.colcon_core.package_identification:_identify(ros2_ws/src/move_towards_object) by extensions ['ament_cargo']
[3.551s] Level 1:colcon.colcon_core.package_identification:_identify(ros2_ws/src/move_towards_object) by extension 'ament_cargo'
[3.551s] Level 1:colcon.colcon_core.package_identification:_identify(ros2_ws/src/move_towards_object) by extensions ['ros']
[3.551s] Level 1:colcon.colcon_core.package_identification:_identify(ros2_ws/src/move_towards_object) by extension 'ros'
[3.552s] DEBUG:colcon.colcon_core.package_identification:Package 'ros2_ws/src/move_towards_object' with type 'ros.ament_python' and name 'move_towards_object'
[3.552s] Level 1:colcon.colcon_core.package_identification:_identify(ros2_ws/src/raw_test) by extensions ['ignore', 'ignore_ament_install']
[3.552s] Level 1:colcon.colcon_core.package_identification:_identify(ros2_ws/src/raw_test) by extension 'ignore'
[3.552s] Level 1:colcon.colcon_core.package_identification:_identify(ros2_ws/src/raw_test) by extension 'ignore_ament_install'
[3.552s] Level 1:colcon.colcon_core.package_identification:_identify(ros2_ws/src/raw_test) by extensions ['colcon_pkg']
[3.552s] Level 1:colcon.colcon_core.package_identification:_identify(ros2_ws/src/raw_test) by extension 'colcon_pkg'
[3.552s] Level 1:colcon.colcon_core.package_identification:_identify(ros2_ws/src/raw_test) by extensions ['colcon_meta']
[3.552s] Level 1:colcon.colcon_core.package_identification:_identify(ros2_ws/src/raw_test) by extension 'colcon_meta'
[3.552s] Level 1:colcon.colcon_core.package_identification:_identify(ros2_ws/src/raw_test) by extensions ['ament_cargo']
[3.553s] Level 1:colcon.colcon_core.package_identification:_identify(ros2_ws/src/raw_test) by extension 'ament_cargo'
[3.553s] Level 1:colcon.colcon_core.package_identification:_identify(ros2_ws/src/raw_test) by extensions ['ros']
[3.553s] Level 1:colcon.colcon_core.package_identification:_identify(ros2_ws/src/raw_test) by extension 'ros'
[3.553s] Level 1:colcon.colcon_core.package_identification:_identify(ros2_ws/src/raw_test) by extensions ['cargo', 'cmake', 'python']
[3.553s] Level 1:colcon.colcon_core.package_identification:_identify(ros2_ws/src/raw_test) by extension 'cargo'
[3.553s] Level 1:colcon.colcon_core.package_identification:_identify(ros2_ws/src/raw_test) by extension 'cmake'
[3.553s] Level 1:colcon.colcon_core.package_identification:_identify(ros2_ws/src/raw_test) by extension 'python'
[3.553s] Level 1:colcon.colcon_core.package_identification:_identify(ros2_ws/src/raw_test) by extensions ['python_setup_py']
[3.553s] Level 1:colcon.colcon_core.package_identification:_identify(ros2_ws/src/raw_test) by extension 'python_setup_py'
[3.553s] Level 1:colcon.colcon_core.package_identification:_identify(ros2_ws/src/raw_test/openrobotics_darknet_ros) by extensions ['ignore', 'ignore_ament_install']
[3.554s] Level 1:colcon.colcon_core.package_identification:_identify(ros2_ws/src/raw_test/openrobotics_darknet_ros) by extension 'ignore'
[3.554s] Level 1:colcon.colcon_core.package_identification:_identify(ros2_ws/src/raw_test/openrobotics_darknet_ros) by extension 'ignore_ament_install'
[3.554s] Level 1:colcon.colcon_core.package_identification:_identify(ros2_ws/src/raw_test/openrobotics_darknet_ros) by extensions ['colcon_pkg']
[3.555s] Level 1:colcon.colcon_core.package_identification:_identify(ros2_ws/src/raw_test/openrobotics_darknet_ros) by extension 'colcon_pkg'
[3.555s] Level 1:colcon.colcon_core.package_identification:_identify(ros2_ws/src/raw_test/openrobotics_darknet_ros) by extensions ['colcon_meta']
[3.555s] Level 1:colcon.colcon_core.package_identification:_identify(ros2_ws/src/raw_test/openrobotics_darknet_ros) by extension 'colcon_meta'
[3.555s] Level 1:colcon.colcon_core.package_identification:_identify(ros2_ws/src/raw_test/openrobotics_darknet_ros) by extensions ['ament_cargo']
[3.555s] Level 1:colcon.colcon_core.package_identification:_identify(ros2_ws/src/raw_test/openrobotics_darknet_ros) by extension 'ament_cargo'
[3.555s] Level 1:colcon.colcon_core.package_identification:_identify(ros2_ws/src/raw_test/openrobotics_darknet_ros) by extensions ['ros']
[3.555s] Level 1:colcon.colcon_core.package_identification:_identify(ros2_ws/src/raw_test/openrobotics_darknet_ros) by extension 'ros'
[3.556s] DEBUG:colcon.colcon_core.package_identification:Package 'ros2_ws/src/raw_test/openrobotics_darknet_ros' with type 'ros.ament_cmake' and name 'openrobotics_darknet_ros'
[3.556s] Level 1:colcon.colcon_core.package_identification:_identify(ros2_ws/src/raw_test/vision_msgs) by extensions ['ignore', 'ignore_ament_install']
[3.557s] Level 1:colcon.colcon_core.package_identification:_identify(ros2_ws/src/raw_test/vision_msgs) by extension 'ignore'
[3.557s] Level 1:colcon.colcon_core.package_identification:_identify(ros2_ws/src/raw_test/vision_msgs) by extension 'ignore_ament_install'
[3.557s] Level 1:colcon.colcon_core.package_identification:_identify(ros2_ws/src/raw_test/vision_msgs) by extensions ['colcon_pkg']
[3.557s] Level 1:colcon.colcon_core.package_identification:_identify(ros2_ws/src/raw_test/vision_msgs) by extension 'colcon_pkg'
[3.557s] Level 1:colcon.colcon_core.package_identification:_identify(ros2_ws/src/raw_test/vision_msgs) by extensions ['colcon_meta']
[3.557s] Level 1:colcon.colcon_core.package_identification:_identify(ros2_ws/src/raw_test/vision_msgs) by extension 'colcon_meta'
[3.557s] Level 1:colcon.colcon_core.package_identification:_identify(ros2_ws/src/raw_test/vision_msgs) by extensions ['ament_cargo']
[3.557s] Level 1:colcon.colcon_core.package_identification:_identify(ros2_ws/src/raw_test/vision_msgs) by extension 'ament_cargo'
[3.557s] Level 1:colcon.colcon_core.package_identification:_identify(ros2_ws/src/raw_test/vision_msgs) by extensions ['ros']
[3.557s] Level 1:colcon.colcon_core.package_identification:_identify(ros2_ws/src/raw_test/vision_msgs) by extension 'ros'
[3.557s] Level 1:colcon.colcon_core.package_identification:_identify(ros2_ws/src/raw_test/vision_msgs) by extensions ['cargo', 'cmake', 'python']
[3.557s] Level 1:colcon.colcon_core.package_identification:_identify(ros2_ws/src/raw_test/vision_msgs) by extension 'cargo'
[3.557s] Level 1:colcon.colcon_core.package_identification:_identify(ros2_ws/src/raw_test/vision_msgs) by extension 'cmake'
[3.557s] Level 1:colcon.colcon_core.package_identification:_identify(ros2_ws/src/raw_test/vision_msgs) by extension 'python'
[3.557s] Level 1:colcon.colcon_core.package_identification:_identify(ros2_ws/src/raw_test/vision_msgs) by extensions ['python_setup_py']
[3.557s] Level 1:colcon.colcon_core.package_identification:_identify(ros2_ws/src/raw_test/vision_msgs) by extension 'python_setup_py'
[3.558s] Level 1:colcon.colcon_core.package_identification:_identify(ros2_ws/src/raw_test/vision_msgs/vision_msgs) by extensions ['ignore', 'ignore_ament_install']
[3.558s] Level 1:colcon.colcon_core.package_identification:_identify(ros2_ws/src/raw_test/vision_msgs/vision_msgs) by extension 'ignore'
[3.558s] Level 1:colcon.colcon_core.package_identification:_identify(ros2_ws/src/raw_test/vision_msgs/vision_msgs) by extension 'ignore_ament_install'
[3.558s] Level 1:colcon.colcon_core.package_identification:_identify(ros2_ws/src/raw_test/vision_msgs/vision_msgs) by extensions ['colcon_pkg']
[3.558s] Level 1:colcon.colcon_core.package_identification:_identify(ros2_ws/src/raw_test/vision_msgs/vision_msgs) by extension 'colcon_pkg'
[3.558s] Level 1:colcon.colcon_core.package_identification:_identify(ros2_ws/src/raw_test/vision_msgs/vision_msgs) by extensions ['colcon_meta']
[3.558s] Level 1:colcon.colcon_core.package_identification:_identify(ros2_ws/src/raw_test/vision_msgs/vision_msgs) by extension 'colcon_meta'
[3.558s] Level 1:colcon.colcon_core.package_identification:_identify(ros2_ws/src/raw_test/vision_msgs/vision_msgs) by extensions ['ament_cargo']
[3.558s] Level 1:colcon.colcon_core.package_identification:_identify(ros2_ws/src/raw_test/vision_msgs/vision_msgs) by extension 'ament_cargo'
[3.558s] Level 1:colcon.colcon_core.package_identification:_identify(ros2_ws/src/raw_test/vision_msgs/vision_msgs) by extensions ['ros']
[3.558s] Level 1:colcon.colcon_core.package_identification:_identify(ros2_ws/src/raw_test/vision_msgs/vision_msgs) by extension 'ros'
[3.559s] DEBUG:colcon.colcon_core.package_identification:Package 'ros2_ws/src/raw_test/vision_msgs/vision_msgs' with type 'ros.ament_cmake' and name 'vision_msgs'
[3.559s] Level 1:colcon.colcon_core.package_identification:_identify(ros2_ws/src/raw_test/vision_msgs/vision_msgs_rviz_plugins) by extensions ['ignore', 'ignore_ament_install']
[3.559s] Level 1:colcon.colcon_core.package_identification:_identify(ros2_ws/src/raw_test/vision_msgs/vision_msgs_rviz_plugins) by extension 'ignore'
[3.559s] Level 1:colcon.colcon_core.package_identification:_identify(ros2_ws/src/raw_test/vision_msgs/vision_msgs_rviz_plugins) by extension 'ignore_ament_install'
[3.559s] Level 1:colcon.colcon_core.package_identification:_identify(ros2_ws/src/raw_test/vision_msgs/vision_msgs_rviz_plugins) by extensions ['colcon_pkg']
[3.559s] Level 1:colcon.colcon_core.package_identification:_identify(ros2_ws/src/raw_test/vision_msgs/vision_msgs_rviz_plugins) by extension 'colcon_pkg'
[3.560s] Level 1:colcon.colcon_core.package_identification:_identify(ros2_ws/src/raw_test/vision_msgs/vision_msgs_rviz_plugins) by extensions ['colcon_meta']
[3.560s] Level 1:colcon.colcon_core.package_identification:_identify(ros2_ws/src/raw_test/vision_msgs/vision_msgs_rviz_plugins) by extension 'colcon_meta'
[3.560s] Level 1:colcon.colcon_core.package_identification:_identify(ros2_ws/src/raw_test/vision_msgs/vision_msgs_rviz_plugins) by extensions ['ament_cargo']
[3.560s] Level 1:colcon.colcon_core.package_identification:_identify(ros2_ws/src/raw_test/vision_msgs/vision_msgs_rviz_plugins) by extension 'ament_cargo'
[3.560s] Level 1:colcon.colcon_core.package_identification:_identify(ros2_ws/src/raw_test/vision_msgs/vision_msgs_rviz_plugins) by extensions ['ros']
[3.560s] Level 1:colcon.colcon_core.package_identification:_identify(ros2_ws/src/raw_test/vision_msgs/vision_msgs_rviz_plugins) by extension 'ros'
[3.561s] DEBUG:colcon.colcon_core.package_identification:Package 'ros2_ws/src/raw_test/vision_msgs/vision_msgs_rviz_plugins' with type 'ros.ament_cmake' and name 'vision_msgs_rviz_plugins'
[3.561s] Level 1:colcon.colcon_core.package_identification:_identify(ros2_ws/src/raw_test/yolo_pointcloud_marker) by extensions ['ignore', 'ignore_ament_install']
[3.561s] Level 1:colcon.colcon_core.package_identification:_identify(ros2_ws/src/raw_test/yolo_pointcloud_marker) by extension 'ignore'
[3.561s] Level 1:colcon.colcon_core.package_identification:_identify(ros2_ws/src/raw_test/yolo_pointcloud_marker) by extension 'ignore_ament_install'
[3.568s] Level 1:colcon.colcon_core.package_identification:_identify(ros2_ws/src/raw_test/yolo_pointcloud_marker) by extensions ['colcon_pkg']
[3.568s] Level 1:colcon.colcon_core.package_identification:_identify(ros2_ws/src/raw_test/yolo_pointcloud_marker) by extension 'colcon_pkg'
[3.568s] Level 1:colcon.colcon_core.package_identification:_identify(ros2_ws/src/raw_test/yolo_pointcloud_marker) by extensions ['colcon_meta']
[3.568s] Level 1:colcon.colcon_core.package_identification:_identify(ros2_ws/src/raw_test/yolo_pointcloud_marker) by extension 'colcon_meta'
[3.568s] Level 1:colcon.colcon_core.package_identification:_identify(ros2_ws/src/raw_test/yolo_pointcloud_marker) by extensions ['ament_cargo']
[3.568s] Level 1:colcon.colcon_core.package_identification:_identify(ros2_ws/src/raw_test/yolo_pointcloud_marker) by extension 'ament_cargo'
[3.568s] Level 1:colcon.colcon_core.package_identification:_identify(ros2_ws/src/raw_test/yolo_pointcloud_marker) by extensions ['ros']
[3.568s] Level 1:colcon.colcon_core.package_identification:_identify(ros2_ws/src/raw_test/yolo_pointcloud_marker) by extension 'ros'
[3.569s] DEBUG:colcon.colcon_core.package_identification:Package 'ros2_ws/src/raw_test/yolo_pointcloud_marker' with type 'ros.ament_python' and name 'yolo_pointcloud_marker'
[3.569s] Level 1:colcon.colcon_core.package_identification:_identify(webpage_ws) by extensions ['ignore', 'ignore_ament_install']
[3.570s] Level 1:colcon.colcon_core.package_identification:_identify(webpage_ws) by extension 'ignore'
[3.570s] Level 1:colcon.colcon_core.package_identification:_identify(webpage_ws) by extension 'ignore_ament_install'
[3.570s] Level 1:colcon.colcon_core.package_identification:_identify(webpage_ws) by extensions ['colcon_pkg']
[3.570s] Level 1:colcon.colcon_core.package_identification:_identify(webpage_ws) by extension 'colcon_pkg'
[3.570s] Level 1:colcon.colcon_core.package_identification:_identify(webpage_ws) by extensions ['colcon_meta']
[3.570s] Level 1:colcon.colcon_core.package_identification:_identify(webpage_ws) by extension 'colcon_meta'
[3.570s] Level 1:colcon.colcon_core.package_identification:_identify(webpage_ws) by extensions ['ament_cargo']
[3.570s] Level 1:colcon.colcon_core.package_identification:_identify(webpage_ws) by extension 'ament_cargo'
[3.570s] Level 1:colcon.colcon_core.package_identification:_identify(webpage_ws) by extensions ['ros']
[3.570s] Level 1:colcon.colcon_core.package_identification:_identify(webpage_ws) by extension 'ros'
[3.570s] Level 1:colcon.colcon_core.package_identification:_identify(webpage_ws) by extensions ['cargo', 'cmake', 'python']
[3.570s] Level 1:colcon.colcon_core.package_identification:_identify(webpage_ws) by extension 'cargo'
[3.570s] Level 1:colcon.colcon_core.package_identification:_identify(webpage_ws) by extension 'cmake'
[3.570s] Level 1:colcon.colcon_core.package_identification:_identify(webpage_ws) by extension 'python'
[3.571s] Level 1:colcon.colcon_core.package_identification:_identify(webpage_ws) by extensions ['python_setup_py']
[3.571s] Level 1:colcon.colcon_core.package_identification:_identify(webpage_ws) by extension 'python_setup_py'
[3.571s] Level 1:colcon.colcon_core.package_discovery:discover_packages(recursive) using defaults
[3.571s] Level 1:colcon.colcon_core.package_discovery:discover_packages(ignore) discover
[3.571s] Level 1:colcon.colcon_core.package_discovery:discover_packages(ignore) using defaults
[3.571s] Level 1:colcon.colcon_core.package_discovery:discover_packages(path) discover
[3.571s] Level 1:colcon.colcon_core.package_discovery:discover_packages(path) using defaults
[3.631s] INFO:colcon.colcon_core.package_selection:Skipping not selected package 'darknet' in 'darknet'
[3.632s] INFO:colcon.colcon_core.package_selection:Skipping not selected package 'limo_car' in 'ros2_ws/src/limo_files/limo_ros2/limo_car'
[3.632s] INFO:colcon.colcon_core.package_selection:Skipping not selected package 'limo_description' in 'ros2_ws/src/limo_files/limo_ros2/limo_description'
[3.632s] INFO:colcon.colcon_core.package_selection:Skipping not selected package 'limo_msgs' in 'ros2_ws/src/limo_files/limo_ros2/limo_msgs'
[3.632s] INFO:colcon.colcon_core.package_selection:Skipping not selected package 'move_towards_object' in 'ros2_ws/src/move_towards_object'
[3.632s] INFO:colcon.colcon_core.package_selection:Skipping not selected package 'ros_components_description' in 'ros2_ws/src/limo_files/ros_components_description'
[3.632s] INFO:colcon.colcon_core.package_selection:Skipping not selected package 'tc_gazebo_plugins' in 'ros2_ws/src/limo_files/gazebo_plugins_ros_mod/tc_gazebo_plugins'
[3.632s] INFO:colcon.colcon_core.package_selection:Skipping not selected package 'vision_msgs' in 'ros2_ws/src/raw_test/vision_msgs/vision_msgs'
[3.632s] INFO:colcon.colcon_core.package_selection:Skipping not selected package 'limo_base' in 'ros2_ws/src/limo_files/limo_ros2/limo_base'
[3.632s] INFO:colcon.colcon_core.package_selection:Skipping not selected package 'openrobotics_darknet_ros' in 'ros2_ws/src/raw_test/openrobotics_darknet_ros'
[3.632s] INFO:colcon.colcon_core.package_selection:Skipping not selected package 'vision_msgs_rviz_plugins' in 'ros2_ws/src/raw_test/vision_msgs/vision_msgs_rviz_plugins'
[3.632s] INFO:colcon.colcon_core.package_selection:Skipping not selected package 'yolo_pointcloud_marker' in 'ros2_ws/src/raw_test/yolo_pointcloud_marker'
[3.633s] Level 5:colcon.colcon_core.verb:set package '3d_object_detection' build argument 'lookup_in_workspace' from command line to 'False'
[3.633s] Level 5:colcon.colcon_core.verb:set package '3d_object_detection' build argument 'cargo_args' from command line to 'None'
[3.633s] Level 5:colcon.colcon_core.verb:set package '3d_object_detection' build argument 'clean_build' from command line to 'False'
[3.633s] Level 5:colcon.colcon_core.verb:set package '3d_object_detection' build argument 'cmake_args' from command line to 'None'
[3.633s] Level 5:colcon.colcon_core.verb:set package '3d_object_detection' build argument 'cmake_target' from command line to 'None'
[3.633s] Level 5:colcon.colcon_core.verb:set package '3d_object_detection' build argument 'cmake_target_skip_unavailable' from command line to 'False'
[3.633s] Level 5:colcon.colcon_core.verb:set package '3d_object_detection' build argument 'cmake_clean_cache' from command line to 'False'
[3.634s] Level 5:colcon.colcon_core.verb:set package '3d_object_detection' build argument 'cmake_clean_first' from command line to 'False'
[3.634s] Level 5:colcon.colcon_core.verb:set package '3d_object_detection' build argument 'cmake_force_configure' from command line to 'False'
[3.634s] Level 5:colcon.colcon_core.verb:set package '3d_object_detection' build argument 'ament_cmake_args' from command line to 'None'
[3.634s] Level 5:colcon.colcon_core.verb:set package '3d_object_detection' build argument 'catkin_cmake_args' from command line to 'None'
[3.634s] Level 5:colcon.colcon_core.verb:set package '3d_object_detection' build argument 'catkin_skip_building_tests' from command line to 'False'
[3.634s] DEBUG:colcon.colcon_core.verb:Building package '3d_object_detection' with the following arguments: {'ament_cmake_args': None, 'build_base': '/home/user/build/3d_object_detection', 'cargo_args': None, 'catkin_cmake_args': None, 'catkin_skip_building_tests': False, 'clean_build': False, 'cmake_args': None, 'cmake_clean_cache': False, 'cmake_clean_first': False, 'cmake_force_configure': False, 'cmake_target': None, 'cmake_target_skip_unavailable': False, 'install_base': '/home/user/install/3d_object_detection', 'lookup_in_workspace': False, 'merge_install': False, 'path': '/home/user/ros2_ws/src/3d_object_detection', 'symlink_install': False, 'test_result_base': None}
[3.634s] INFO:colcon.colcon_core.executor:Executing jobs using 'parallel' executor
[3.635s] DEBUG:colcon.colcon_parallel_executor.executor.parallel:run_until_complete
[3.636s] INFO:colcon.colcon_ros.task.ament_python.build:Building ROS package in '/home/user/ros2_ws/src/3d_object_detection' with build type 'ament_python'
[3.636s] Level 1:colcon.colcon_core.shell:create_environment_hook('3d_object_detection', 'ament_prefix_path')
[3.640s] INFO:colcon.colcon_core.plugin_system:Skipping extension 'colcon_core.shell.bat': Not used on non-Windows systems
[3.641s] INFO:colcon.colcon_core.shell:Creating environment hook '/home/user/install/3d_object_detection/share/3d_object_detection/hook/ament_prefix_path.ps1'
[3.641s] INFO:colcon.colcon_core.shell:Creating environment descriptor '/home/user/install/3d_object_detection/share/3d_object_detection/hook/ament_prefix_path.dsv'
[3.642s] INFO:colcon.colcon_core.shell:Creating environment hook '/home/user/install/3d_object_detection/share/3d_object_detection/hook/ament_prefix_path.sh'
[3.643s] INFO:colcon.colcon_core.shell:Skip shell extension 'powershell' for command environment: Not usable outside of PowerShell
[3.643s] DEBUG:colcon.colcon_core.shell:Skip shell extension 'dsv' for command environment
[3.679s] WARNING:colcon.colcon_core.shell:The following packages are in the workspace but haven't been built:
- vision_msgs
They are being used from the following locations instead:
- /home/user/ros2_ws/install/vision_msgs
To suppress this warning ignore these packages in the workspace:
--packages-ignore vision_msgs
[5.304s] INFO:colcon.colcon_core.task.python.build:Building Python package in '/home/user/ros2_ws/src/3d_object_detection'
[5.305s] INFO:colcon.colcon_core.shell:Skip shell extension 'powershell' for command environment: Not usable outside of PowerShell
[5.305s] DEBUG:colcon.colcon_core.shell:Skip shell extension 'dsv' for command environment
[8.668s] DEBUG:colcon.colcon_core.event_handler.log_command:Invoking command in '/home/user/ros2_ws/src/3d_object_detection': PYTHONPATH=/home/user/build/3d_object_detection/prefix_override:/home/user/install/3d_object_detection/lib/python3.10/site-packages:${PYTHONPATH} _=/usr/bin/env /usr/bin/python3 -W ignore:setup.py install is deprecated setup.py egg_info --egg-base ../../../build/3d_object_detection build --build-base /home/user/build/3d_object_detection/build install --record /home/user/build/3d_object_detection/install.log --single-version-externally-managed install_data
[11.164s] Level 1:colcon.colcon_core.environment:checking '/home/user/install/3d_object_detection' for CMake module files
[11.165s] DEBUG:colcon.colcon_core.event_handler.log_command:Invoked command in '/home/user/ros2_ws/src/3d_object_detection' returned '0': PYTHONPATH=/home/user/build/3d_object_detection/prefix_override:/home/user/install/3d_object_detection/lib/python3.10/site-packages:${PYTHONPATH} _=/usr/bin/env /usr/bin/python3 -W ignore:setup.py install is deprecated setup.py egg_info --egg-base ../../../build/3d_object_detection build --build-base /home/user/build/3d_object_detection/build install --record /home/user/build/3d_object_detection/install.log --single-version-externally-managed install_data
[11.165s] Level 1:colcon.colcon_core.environment:checking '/home/user/install/3d_object_detection' for CMake config files
[11.166s] Level 1:colcon.colcon_core.environment:checking '/home/user/install/3d_object_detection/lib'
[11.166s] Level 1:colcon.colcon_core.environment:checking '/home/user/install/3d_object_detection/bin'
[11.167s] Level 1:colcon.colcon_core.environment:checking '/home/user/install/3d_object_detection/lib/pkgconfig/3d_object_detection.pc'
[11.167s] Level 1:colcon.colcon_core.environment:checking '/home/user/install/3d_object_detection/lib/python3.10/site-packages'
[11.167s] Level 1:colcon.colcon_core.shell:create_environment_hook('3d_object_detection', 'pythonpath')
[11.168s] INFO:colcon.colcon_core.shell:Creating environment hook '/home/user/install/3d_object_detection/share/3d_object_detection/hook/pythonpath.ps1'
[11.168s] INFO:colcon.colcon_core.shell:Creating environment descriptor '/home/user/install/3d_object_detection/share/3d_object_detection/hook/pythonpath.dsv'
[11.169s] INFO:colcon.colcon_core.shell:Creating environment hook '/home/user/install/3d_object_detection/share/3d_object_detection/hook/pythonpath.sh'
[11.170s] Level 1:colcon.colcon_core.environment:checking '/home/user/install/3d_object_detection/bin'
[11.174s] Level 1:colcon.colcon_core.environment:create_environment_scripts_only(3d_object_detection)
[11.175s] INFO:colcon.colcon_core.shell:Creating package script '/home/user/install/3d_object_detection/share/3d_object_detection/package.ps1'
[11.182s] INFO:colcon.colcon_core.shell:Creating package descriptor '/home/user/install/3d_object_detection/share/3d_object_detection/package.dsv'
[11.186s] INFO:colcon.colcon_core.shell:Creating package script '/home/user/install/3d_object_detection/share/3d_object_detection/package.sh'
[11.190s] INFO:colcon.colcon_core.shell:Creating package script '/home/user/install/3d_object_detection/share/3d_object_detection/package.bash'
[11.194s] INFO:colcon.colcon_core.shell:Creating package script '/home/user/install/3d_object_detection/share/3d_object_detection/package.zsh'
[11.198s] Level 1:colcon.colcon_core.environment:create_file_with_runtime_dependencies(/home/user/install/3d_object_detection/share/colcon-core/packages/3d_object_detection)
[11.204s] DEBUG:colcon.colcon_parallel_executor.executor.parallel:closing loop
[11.204s] DEBUG:colcon.colcon_parallel_executor.executor.parallel:loop closed
[11.204s] DEBUG:colcon.colcon_parallel_executor.executor.parallel:run_until_complete finished with '0'
[11.204s] DEBUG:colcon.colcon_core.event_reactor:joining thread
[11.217s] INFO:colcon.colcon_core.plugin_system:Skipping extension 'colcon_notification.desktop_notification.notify_send': Could not find 'notify-send'
[11.217s] INFO:colcon.colcon_core.plugin_system:Skipping extension 'colcon_notification.desktop_notification.terminal_notifier': Not used on non-Darwin systems
[11.217s] INFO:colcon.colcon_core.plugin_system:Skipping extension 'colcon_notification.desktop_notification.win32': Not used on non-Windows systems
[11.218s] INFO:colcon.colcon_notification.desktop_notification:Sending desktop notification using 'notify2'
[11.227s] DEBUG:colcon.colcon_notification.desktop_notification.notify2:Failed to initialize notify2: org.freedesktop.DBus.Error.Spawn.ExecFailed: /usr/bin/dbus-launch terminated abnormally without any error message
[11.228s] DEBUG:colcon.colcon_core.event_reactor:joined thread
[11.229s] INFO:colcon.colcon_core.shell:Creating prefix script '/home/user/install/local_setup.ps1'
[11.230s] INFO:colcon.colcon_core.shell:Creating prefix util module '/home/user/install/_local_setup_util_ps1.py'
[11.238s] INFO:colcon.colcon_core.shell:Creating prefix chain script '/home/user/install/setup.ps1'
[11.257s] INFO:colcon.colcon_core.shell:Creating prefix script '/home/user/install/local_setup.sh'
[11.263s] INFO:colcon.colcon_core.shell:Creating prefix util module '/home/user/install/_local_setup_util_sh.py'
[11.266s] INFO:colcon.colcon_core.shell:Creating prefix chain script '/home/user/install/setup.sh'
[11.285s] INFO:colcon.colcon_core.shell:Creating prefix script '/home/user/install/local_setup.bash'
[11.288s] INFO:colcon.colcon_core.shell:Creating prefix chain script '/home/user/install/setup.bash'
[11.309s] INFO:colcon.colcon_core.shell:Creating prefix script '/home/user/install/local_setup.zsh'
[11.310s] INFO:colcon.colcon_core.shell:Creating prefix chain script '/home/user/install/setup.zsh'
