[5.022s] Invoking command in '/home/user/ros2_ws/src/3d_object_detection': PYTHONPATH=/home/user/build/3d_object_detection/prefix_override:/home/user/install/3d_object_detection/lib/python3.10/site-packages:${PYTHONPATH} _=/usr/bin/env /usr/bin/python3 -W ignore:setup.py install is deprecated setup.py egg_info --egg-base ../../../build/3d_object_detection build --build-base /home/user/build/3d_object_detection/build install --record /home/user/build/3d_object_detection/install.log --single-version-externally-managed install_data
[6.944s] running egg_info
[6.954s] writing ../../../build/3d_object_detection/3d_object_detection.egg-info/PKG-INFO
[6.954s] writing dependency_links to ../../../build/3d_object_detection/3d_object_detection.egg-info/dependency_links.txt
[6.955s] writing entry points to ../../../build/3d_object_detection/3d_object_detection.egg-info/entry_points.txt
[6.964s] writing requirements to ../../../build/3d_object_detection/3d_object_detection.egg-info/requires.txt
[6.964s] writing top-level names to ../../../build/3d_object_detection/3d_object_detection.egg-info/top_level.txt
[6.965s] reading manifest file '../../../build/3d_object_detection/3d_object_detection.egg-info/SOURCES.txt'
[6.970s] writing manifest file '../../../build/3d_object_detection/3d_object_detection.egg-info/SOURCES.txt'
[6.970s] running build
[6.974s] running build_py
[6.974s] running install
[6.974s] running install_lib
[7.047s] running install_data
[7.048s] running install_egg_info
[7.088s] removing '/home/user/install/3d_object_detection/lib/python3.10/site-packages/3d_object_detection-0.0.0-py3.10.egg-info' (and everything under it)
[7.088s] Copying ../../../build/3d_object_detection/3d_object_detection.egg-info to /home/user/install/3d_object_detection/lib/python3.10/site-packages/3d_object_detection-0.0.0-py3.10.egg-info
[7.104s] running install_scripts
[7.298s] Installing 3d_object_detection_node script to /home/user/install/3d_object_detection/lib/3d_object_detection
[7.299s] writing list of installed files to '/home/user/build/3d_object_detection/install.log'
[7.519s] Invoked command in '/home/user/ros2_ws/src/3d_object_detection' returned '0': PYTHONPATH=/home/user/build/3d_object_detection/prefix_override:/home/user/install/3d_object_detection/lib/python3.10/site-packages:${PYTHONPATH} _=/usr/bin/env /usr/bin/python3 -W ignore:setup.py install is deprecated setup.py egg_info --egg-base ../../../build/3d_object_detection build --build-base /home/user/build/3d_object_detection/build install --record /home/user/build/3d_object_detection/install.log --single-version-externally-managed install_data
