[0.738s] DEBUG:colcon:Command line arguments: ['/usr/bin/colcon', 'build', '--packages-select', '3d_object_detection']
[0.738s] DEBUG:colcon:Parsed command line arguments: Namespace(log_base=None, log_level=None, verb_name='build', build_base='build', install_base='install', merge_install=False, symlink_install=False, test_result_base=None, continue_on_error=False, executor='parallel', parallel_workers=4, event_handlers=None, ignore_user_meta=False, metas=['./colcon.meta'], base_paths=['.'], packages_ignore=None, packages_ignore_regex=None, paths=None, packages_up_to=None, packages_up_to_regex=None, packages_above=None, packages_above_and_dependencies=None, packages_above_depth=None, packages_select_by_dep=None, packages_skip_by_dep=None, packages_skip_up_to=None, packages_select_build_failed=False, packages_skip_build_finished=False, packages_select_test_failures=False, packages_skip_test_passed=False, packages_select=['3d_object_detection'], packages_skip=None, packages_select_regex=None, packages_skip_regex=None, packages_start=None, packages_end=None, lookup_in_workspace=False, cargo_args=None, clean_build=False, cmake_args=None, cmake_target=None, cmake_target_skip_unavailable=False, cmake_clean_cache=False, cmake_clean_first=False, cmake_force_configure=False, ament_cmake_args=None, catkin_cmake_args=None, catkin_skip_building_tests=False, mixin_files=None, mixin=None, verb_parser=<colcon_mixin.mixin.mixin_argument.MixinArgumentDecorator object at 0x7f1afc926680>, verb_extension=<colcon_core.verb.build.BuildVerb object at 0x7f1afc925b10>, main=<bound method BuildVerb.main of <colcon_core.verb.build.BuildVerb object at 0x7f1afc925b10>>, mixin_verb=('build',))
[1.852s] Level 1:colcon.colcon_core.package_discovery:discover_packages(colcon_meta) check parameters
[1.852s] Level 1:colcon.colcon_core.package_discovery:discover_packages(recursive) check parameters
[1.852s] Level 1:colcon.colcon_core.package_discovery:discover_packages(ignore) check parameters
[1.852s] Level 1:colcon.colcon_core.package_discovery:discover_packages(path) check parameters
[1.852s] Level 1:colcon.colcon_core.package_discovery:discover_packages(colcon_meta) discover
[1.852s] Level 1:colcon.colcon_core.package_discovery:discover_packages(recursive) discover
[1.852s] INFO:colcon.colcon_core.package_discovery:Crawling recursively for packages in '/home/user'
[1.852s] Level 1:colcon.colcon_core.package_identification:_identify(.) by extensions ['ignore', 'ignore_ament_install']
[1.852s] Level 1:colcon.colcon_core.package_identification:_identify(.) by extension 'ignore'
[1.852s] Level 1:colcon.colcon_core.package_identification:_identify(.) by extension 'ignore_ament_install'
[1.852s] Level 1:colcon.colcon_core.package_identification:_identify(.) by extensions ['colcon_pkg']
[1.853s] Level 1:colcon.colcon_core.package_identification:_identify(.) by extension 'colcon_pkg'
[1.853s] Level 1:colcon.colcon_core.package_identification:_identify(.) by extensions ['colcon_meta']
[1.853s] Level 1:colcon.colcon_core.package_identification:_identify(.) by extension 'colcon_meta'
[1.853s] Level 1:colcon.colcon_core.package_identification:_identify(.) by extensions ['ament_cargo']
[1.853s] Level 1:colcon.colcon_core.package_identification:_identify(.) by extension 'ament_cargo'
[1.853s] Level 1:colcon.colcon_core.package_identification:_identify(.) by extensions ['ros']
[1.853s] Level 1:colcon.colcon_core.package_identification:_identify(.) by extension 'ros'
[1.899s] Level 1:colcon.colcon_core.package_identification:_identify(.) by extensions ['cargo', 'cmake', 'python']
[1.900s] Level 1:colcon.colcon_core.package_identification:_identify(.) by extension 'cargo'
[1.900s] Level 1:colcon.colcon_core.package_identification:_identify(.) by extension 'cmake'
[1.900s] Level 1:colcon.colcon_core.package_identification:_identify(.) by extension 'python'
[1.900s] Level 1:colcon.colcon_core.package_identification:_identify(.) by extensions ['python_setup_py']
[1.900s] Level 1:colcon.colcon_core.package_identification:_identify(.) by extension 'python_setup_py'
[1.900s] Level 1:colcon.colcon_core.package_identification:_identify(build) by extensions ['ignore', 'ignore_ament_install']
[1.901s] Level 1:colcon.colcon_core.package_identification:_identify(build) by extension 'ignore'
[1.901s] Level 1:colcon.colcon_core.package_identification:_identify(build) ignored
[1.901s] Level 1:colcon.colcon_core.package_identification:_identify(darknet) by extensions ['ignore', 'ignore_ament_install']
[1.901s] Level 1:colcon.colcon_core.package_identification:_identify(darknet) by extension 'ignore'
[1.901s] Level 1:colcon.colcon_core.package_identification:_identify(darknet) by extension 'ignore_ament_install'
[1.901s] Level 1:colcon.colcon_core.package_identification:_identify(darknet) by extensions ['colcon_pkg']
[1.901s] Level 1:colcon.colcon_core.package_identification:_identify(darknet) by extension 'colcon_pkg'
[1.901s] Level 1:colcon.colcon_core.package_identification:_identify(darknet) by extensions ['colcon_meta']
[1.901s] Level 1:colcon.colcon_core.package_identification:_identify(darknet) by extension 'colcon_meta'
[1.901s] Level 1:colcon.colcon_core.package_identification:_identify(darknet) by extensions ['ament_cargo']
[1.901s] Level 1:colcon.colcon_core.package_identification:_identify(darknet) by extension 'ament_cargo'
[1.902s] Level 1:colcon.colcon_core.package_identification:_identify(darknet) by extensions ['ros']
[1.902s] Level 1:colcon.colcon_core.package_identification:_identify(darknet) by extension 'ros'
[1.924s] DEBUG:colcon.colcon_core.package_identification:Package 'darknet' with type 'ros.cmake' and name 'darknet'
[1.924s] Level 1:colcon.colcon_core.package_identification:_identify(install) by extensions ['ignore', 'ignore_ament_install']
[1.924s] Level 1:colcon.colcon_core.package_identification:_identify(install) by extension 'ignore'
[1.924s] Level 1:colcon.colcon_core.package_identification:_identify(install) ignored
[1.924s] Level 1:colcon.colcon_core.package_identification:_identify(log) by extensions ['ignore', 'ignore_ament_install']
[1.925s] Level 1:colcon.colcon_core.package_identification:_identify(log) by extension 'ignore'
[1.925s] Level 1:colcon.colcon_core.package_identification:_identify(log) ignored
[1.925s] Level 1:colcon.colcon_core.package_identification:_identify(notebook_ws) by extensions ['ignore', 'ignore_ament_install']
[1.929s] Level 1:colcon.colcon_core.package_identification:_identify(notebook_ws) by extension 'ignore'
[1.929s] Level 1:colcon.colcon_core.package_identification:_identify(notebook_ws) by extension 'ignore_ament_install'
[1.929s] Level 1:colcon.colcon_core.package_identification:_identify(notebook_ws) by extensions ['colcon_pkg']
[1.929s] Level 1:colcon.colcon_core.package_identification:_identify(notebook_ws) by extension 'colcon_pkg'
[1.929s] Level 1:colcon.colcon_core.package_identification:_identify(notebook_ws) by extensions ['colcon_meta']
[1.929s] Level 1:colcon.colcon_core.package_identification:_identify(notebook_ws) by extension 'colcon_meta'
[1.929s] Level 1:colcon.colcon_core.package_identification:_identify(notebook_ws) by extensions ['ament_cargo']
[1.929s] Level 1:colcon.colcon_core.package_identification:_identify(notebook_ws) by extension 'ament_cargo'
[1.930s] Level 1:colcon.colcon_core.package_identification:_identify(notebook_ws) by extensions ['ros']
[1.930s] Level 1:colcon.colcon_core.package_identification:_identify(notebook_ws) by extension 'ros'
[1.930s] Level 1:colcon.colcon_core.package_identification:_identify(notebook_ws) by extensions ['cargo', 'cmake', 'python']
[1.930s] Level 1:colcon.colcon_core.package_identification:_identify(notebook_ws) by extension 'cargo'
[1.930s] Level 1:colcon.colcon_core.package_identification:_identify(notebook_ws) by extension 'cmake'
[1.930s] Level 1:colcon.colcon_core.package_identification:_identify(notebook_ws) by extension 'python'
[1.930s] Level 1:colcon.colcon_core.package_identification:_identify(notebook_ws) by extensions ['python_setup_py']
[1.930s] Level 1:colcon.colcon_core.package_identification:_identify(notebook_ws) by extension 'python_setup_py'
[1.930s] Level 1:colcon.colcon_core.package_identification:_identify(notebook_ws/images) by extensions ['ignore', 'ignore_ament_install']
[1.930s] Level 1:colcon.colcon_core.package_identification:_identify(notebook_ws/images) by extension 'ignore'
[1.930s] Level 1:colcon.colcon_core.package_identification:_identify(notebook_ws/images) by extension 'ignore_ament_install'
[1.930s] Level 1:colcon.colcon_core.package_identification:_identify(notebook_ws/images) by extensions ['colcon_pkg']
[1.930s] Level 1:colcon.colcon_core.package_identification:_identify(notebook_ws/images) by extension 'colcon_pkg'
[1.930s] Level 1:colcon.colcon_core.package_identification:_identify(notebook_ws/images) by extensions ['colcon_meta']
[1.930s] Level 1:colcon.colcon_core.package_identification:_identify(notebook_ws/images) by extension 'colcon_meta'
[1.930s] Level 1:colcon.colcon_core.package_identification:_identify(notebook_ws/images) by extensions ['ament_cargo']
[1.930s] Level 1:colcon.colcon_core.package_identification:_identify(notebook_ws/images) by extension 'ament_cargo'
[1.931s] Level 1:colcon.colcon_core.package_identification:_identify(notebook_ws/images) by extensions ['ros']
[1.931s] Level 1:colcon.colcon_core.package_identification:_identify(notebook_ws/images) by extension 'ros'
[1.931s] Level 1:colcon.colcon_core.package_identification:_identify(notebook_ws/images) by extensions ['cargo', 'cmake', 'python']
[1.931s] Level 1:colcon.colcon_core.package_identification:_identify(notebook_ws/images) by extension 'cargo'
[1.931s] Level 1:colcon.colcon_core.package_identification:_identify(notebook_ws/images) by extension 'cmake'
[1.931s] Level 1:colcon.colcon_core.package_identification:_identify(notebook_ws/images) by extension 'python'
[1.931s] Level 1:colcon.colcon_core.package_identification:_identify(notebook_ws/images) by extensions ['python_setup_py']
[1.931s] Level 1:colcon.colcon_core.package_identification:_identify(notebook_ws/images) by extension 'python_setup_py'
[1.931s] Level 1:colcon.colcon_core.package_identification:_identify(ros2_ws) by extensions ['ignore', 'ignore_ament_install']
[1.931s] Level 1:colcon.colcon_core.package_identification:_identify(ros2_ws) by extension 'ignore'
[1.931s] Level 1:colcon.colcon_core.package_identification:_identify(ros2_ws) by extension 'ignore_ament_install'
[1.938s] Level 1:colcon.colcon_core.package_identification:_identify(ros2_ws) by extensions ['colcon_pkg']
[1.938s] Level 1:colcon.colcon_core.package_identification:_identify(ros2_ws) by extension 'colcon_pkg'
[1.938s] Level 1:colcon.colcon_core.package_identification:_identify(ros2_ws) by extensions ['colcon_meta']
[1.938s] Level 1:colcon.colcon_core.package_identification:_identify(ros2_ws) by extension 'colcon_meta'
[1.938s] Level 1:colcon.colcon_core.package_identification:_identify(ros2_ws) by extensions ['ament_cargo']
[1.938s] Level 1:colcon.colcon_core.package_identification:_identify(ros2_ws) by extension 'ament_cargo'
[1.938s] Level 1:colcon.colcon_core.package_identification:_identify(ros2_ws) by extensions ['ros']
[1.938s] Level 1:colcon.colcon_core.package_identification:_identify(ros2_ws) by extension 'ros'
[1.939s] Level 1:colcon.colcon_core.package_identification:_identify(ros2_ws) by extensions ['cargo', 'cmake', 'python']
[1.939s] Level 1:colcon.colcon_core.package_identification:_identify(ros2_ws) by extension 'cargo'
[1.939s] Level 1:colcon.colcon_core.package_identification:_identify(ros2_ws) by extension 'cmake'
[1.941s] Level 1:colcon.colcon_core.package_identification:_identify(ros2_ws) by extension 'python'
[1.941s] Level 1:colcon.colcon_core.package_identification:_identify(ros2_ws) by extensions ['python_setup_py']
[1.941s] Level 1:colcon.colcon_core.package_identification:_identify(ros2_ws) by extension 'python_setup_py'
[1.942s] Level 1:colcon.colcon_core.package_identification:_identify(ros2_ws/build) by extensions ['ignore', 'ignore_ament_install']
[1.942s] Level 1:colcon.colcon_core.package_identification:_identify(ros2_ws/build) by extension 'ignore'
[1.942s] Level 1:colcon.colcon_core.package_identification:_identify(ros2_ws/build) ignored
[1.942s] Level 1:colcon.colcon_core.package_identification:_identify(ros2_ws/install) by extensions ['ignore', 'ignore_ament_install']
[1.942s] Level 1:colcon.colcon_core.package_identification:_identify(ros2_ws/install) by extension 'ignore'
[1.942s] Level 1:colcon.colcon_core.package_identification:_identify(ros2_ws/install) ignored
[1.942s] Level 1:colcon.colcon_core.package_identification:_identify(ros2_ws/log) by extensions ['ignore', 'ignore_ament_install']
[1.942s] Level 1:colcon.colcon_core.package_identification:_identify(ros2_ws/log) by extension 'ignore'
[1.942s] Level 1:colcon.colcon_core.package_identification:_identify(ros2_ws/log) ignored
[1.942s] Level 1:colcon.colcon_core.package_identification:_identify(ros2_ws/src) by extensions ['ignore', 'ignore_ament_install']
[1.943s] Level 1:colcon.colcon_core.package_identification:_identify(ros2_ws/src) by extension 'ignore'
[1.943s] Level 1:colcon.colcon_core.package_identification:_identify(ros2_ws/src) by extension 'ignore_ament_install'
[1.943s] Level 1:colcon.colcon_core.package_identification:_identify(ros2_ws/src) by extensions ['colcon_pkg']
[1.943s] Level 1:colcon.colcon_core.package_identification:_identify(ros2_ws/src) by extension 'colcon_pkg'
[1.943s] Level 1:colcon.colcon_core.package_identification:_identify(ros2_ws/src) by extensions ['colcon_meta']
[1.943s] Level 1:colcon.colcon_core.package_identification:_identify(ros2_ws/src) by extension 'colcon_meta'
[1.943s] Level 1:colcon.colcon_core.package_identification:_identify(ros2_ws/src) by extensions ['ament_cargo']
[1.943s] Level 1:colcon.colcon_core.package_identification:_identify(ros2_ws/src) by extension 'ament_cargo'
[1.943s] Level 1:colcon.colcon_core.package_identification:_identify(ros2_ws/src) by extensions ['ros']
[1.943s] Level 1:colcon.colcon_core.package_identification:_identify(ros2_ws/src) by extension 'ros'
[1.943s] Level 1:colcon.colcon_core.package_identification:_identify(ros2_ws/src) by extensions ['cargo', 'cmake', 'python']
[1.943s] Level 1:colcon.colcon_core.package_identification:_identify(ros2_ws/src) by extension 'cargo'
[1.943s] Level 1:colcon.colcon_core.package_identification:_identify(ros2_ws/src) by extension 'cmake'
[1.943s] Level 1:colcon.colcon_core.package_identification:_identify(ros2_ws/src) by extension 'python'
[1.943s] Level 1:colcon.colcon_core.package_identification:_identify(ros2_ws/src) by extensions ['python_setup_py']
[1.943s] Level 1:colcon.colcon_core.package_identification:_identify(ros2_ws/src) by extension 'python_setup_py'
[1.943s] Level 1:colcon.colcon_core.package_identification:_identify(ros2_ws/src/3d_object_detection) by extensions ['ignore', 'ignore_ament_install']
[1.951s] Level 1:colcon.colcon_core.package_identification:_identify(ros2_ws/src/3d_object_detection) by extension 'ignore'
[1.952s] Level 1:colcon.colcon_core.package_identification:_identify(ros2_ws/src/3d_object_detection) by extension 'ignore_ament_install'
[1.952s] Level 1:colcon.colcon_core.package_identification:_identify(ros2_ws/src/3d_object_detection) by extensions ['colcon_pkg']
[1.952s] Level 1:colcon.colcon_core.package_identification:_identify(ros2_ws/src/3d_object_detection) by extension 'colcon_pkg'
[1.952s] Level 1:colcon.colcon_core.package_identification:_identify(ros2_ws/src/3d_object_detection) by extensions ['colcon_meta']
[1.952s] Level 1:colcon.colcon_core.package_identification:_identify(ros2_ws/src/3d_object_detection) by extension 'colcon_meta'
[1.952s] Level 1:colcon.colcon_core.package_identification:_identify(ros2_ws/src/3d_object_detection) by extensions ['ament_cargo']
[1.952s] Level 1:colcon.colcon_core.package_identification:_identify(ros2_ws/src/3d_object_detection) by extension 'ament_cargo'
[1.952s] Level 1:colcon.colcon_core.package_identification:_identify(ros2_ws/src/3d_object_detection) by extensions ['ros']
[1.952s] Level 1:colcon.colcon_core.package_identification:_identify(ros2_ws/src/3d_object_detection) by extension 'ros'
[1.953s] DEBUG:colcon.colcon_core.package_identification:Package 'ros2_ws/src/3d_object_detection' with type 'ros.ament_python' and name '3d_object_detection'
[1.953s] Level 1:colcon.colcon_core.package_identification:_identify(ros2_ws/src/limo_files) by extensions ['ignore', 'ignore_ament_install']
[1.953s] Level 1:colcon.colcon_core.package_identification:_identify(ros2_ws/src/limo_files) by extension 'ignore'
[1.953s] Level 1:colcon.colcon_core.package_identification:_identify(ros2_ws/src/limo_files) by extension 'ignore_ament_install'
[1.953s] Level 1:colcon.colcon_core.package_identification:_identify(ros2_ws/src/limo_files) by extensions ['colcon_pkg']
[1.953s] Level 1:colcon.colcon_core.package_identification:_identify(ros2_ws/src/limo_files) by extension 'colcon_pkg'
[1.953s] Level 1:colcon.colcon_core.package_identification:_identify(ros2_ws/src/limo_files) by extensions ['colcon_meta']
[1.953s] Level 1:colcon.colcon_core.package_identification:_identify(ros2_ws/src/limo_files) by extension 'colcon_meta'
[1.953s] Level 1:colcon.colcon_core.package_identification:_identify(ros2_ws/src/limo_files) by extensions ['ament_cargo']
[1.954s] Level 1:colcon.colcon_core.package_identification:_identify(ros2_ws/src/limo_files) by extension 'ament_cargo'
[1.954s] Level 1:colcon.colcon_core.package_identification:_identify(ros2_ws/src/limo_files) by extensions ['ros']
[1.954s] Level 1:colcon.colcon_core.package_identification:_identify(ros2_ws/src/limo_files) by extension 'ros'
[1.954s] Level 1:colcon.colcon_core.package_identification:_identify(ros2_ws/src/limo_files) by extensions ['cargo', 'cmake', 'python']
[1.954s] Level 1:colcon.colcon_core.package_identification:_identify(ros2_ws/src/limo_files) by extension 'cargo'
[1.954s] Level 1:colcon.colcon_core.package_identification:_identify(ros2_ws/src/limo_files) by extension 'cmake'
[1.954s] Level 1:colcon.colcon_core.package_identification:_identify(ros2_ws/src/limo_files) by extension 'python'
[1.954s] Level 1:colcon.colcon_core.package_identification:_identify(ros2_ws/src/limo_files) by extensions ['python_setup_py']
[1.954s] Level 1:colcon.colcon_core.package_identification:_identify(ros2_ws/src/limo_files) by extension 'python_setup_py'
[1.954s] Level 1:colcon.colcon_core.package_identification:_identify(ros2_ws/src/limo_files/gazebo_plugins_ros_mod) by extensions ['ignore', 'ignore_ament_install']
[1.954s] Level 1:colcon.colcon_core.package_identification:_identify(ros2_ws/src/limo_files/gazebo_plugins_ros_mod) by extension 'ignore'
[1.954s] Level 1:colcon.colcon_core.package_identification:_identify(ros2_ws/src/limo_files/gazebo_plugins_ros_mod) by extension 'ignore_ament_install'
[1.958s] Level 1:colcon.colcon_core.package_identification:_identify(ros2_ws/src/limo_files/gazebo_plugins_ros_mod) by extensions ['colcon_pkg']
[1.958s] Level 1:colcon.colcon_core.package_identification:_identify(ros2_ws/src/limo_files/gazebo_plugins_ros_mod) by extension 'colcon_pkg'
[1.958s] Level 1:colcon.colcon_core.package_identification:_identify(ros2_ws/src/limo_files/gazebo_plugins_ros_mod) by extensions ['colcon_meta']
[1.958s] Level 1:colcon.colcon_core.package_identification:_identify(ros2_ws/src/limo_files/gazebo_plugins_ros_mod) by extension 'colcon_meta'
[1.958s] Level 1:colcon.colcon_core.package_identification:_identify(ros2_ws/src/limo_files/gazebo_plugins_ros_mod) by extensions ['ament_cargo']
[1.958s] Level 1:colcon.colcon_core.package_identification:_identify(ros2_ws/src/limo_files/gazebo_plugins_ros_mod) by extension 'ament_cargo'
[1.958s] Level 1:colcon.colcon_core.package_identification:_identify(ros2_ws/src/limo_files/gazebo_plugins_ros_mod) by extensions ['ros']
[1.958s] Level 1:colcon.colcon_core.package_identification:_identify(ros2_ws/src/limo_files/gazebo_plugins_ros_mod) by extension 'ros'
[1.959s] Level 1:colcon.colcon_core.package_identification:_identify(ros2_ws/src/limo_files/gazebo_plugins_ros_mod) by extensions ['cargo', 'cmake', 'python']
[1.959s] Level 1:colcon.colcon_core.package_identification:_identify(ros2_ws/src/limo_files/gazebo_plugins_ros_mod) by extension 'cargo'
[1.959s] Level 1:colcon.colcon_core.package_identification:_identify(ros2_ws/src/limo_files/gazebo_plugins_ros_mod) by extension 'cmake'
[1.959s] Level 1:colcon.colcon_core.package_identification:_identify(ros2_ws/src/limo_files/gazebo_plugins_ros_mod) by extension 'python'
[1.959s] Level 1:colcon.colcon_core.package_identification:_identify(ros2_ws/src/limo_files/gazebo_plugins_ros_mod) by extensions ['python_setup_py']
[1.959s] Level 1:colcon.colcon_core.package_identification:_identify(ros2_ws/src/limo_files/gazebo_plugins_ros_mod) by extension 'python_setup_py'
[1.959s] Level 1:colcon.colcon_core.package_identification:_identify(ros2_ws/src/limo_files/gazebo_plugins_ros_mod/tc_gazebo_plugins) by extensions ['ignore', 'ignore_ament_install']
[1.959s] Level 1:colcon.colcon_core.package_identification:_identify(ros2_ws/src/limo_files/gazebo_plugins_ros_mod/tc_gazebo_plugins) by extension 'ignore'
[1.959s] Level 1:colcon.colcon_core.package_identification:_identify(ros2_ws/src/limo_files/gazebo_plugins_ros_mod/tc_gazebo_plugins) by extension 'ignore_ament_install'
[1.959s] Level 1:colcon.colcon_core.package_identification:_identify(ros2_ws/src/limo_files/gazebo_plugins_ros_mod/tc_gazebo_plugins) by extensions ['colcon_pkg']
[1.959s] Level 1:colcon.colcon_core.package_identification:_identify(ros2_ws/src/limo_files/gazebo_plugins_ros_mod/tc_gazebo_plugins) by extension 'colcon_pkg'
[1.959s] Level 1:colcon.colcon_core.package_identification:_identify(ros2_ws/src/limo_files/gazebo_plugins_ros_mod/tc_gazebo_plugins) by extensions ['colcon_meta']
[1.959s] Level 1:colcon.colcon_core.package_identification:_identify(ros2_ws/src/limo_files/gazebo_plugins_ros_mod/tc_gazebo_plugins) by extension 'colcon_meta'
[1.959s] Level 1:colcon.colcon_core.package_identification:_identify(ros2_ws/src/limo_files/gazebo_plugins_ros_mod/tc_gazebo_plugins) by extensions ['ament_cargo']
[1.959s] Level 1:colcon.colcon_core.package_identification:_identify(ros2_ws/src/limo_files/gazebo_plugins_ros_mod/tc_gazebo_plugins) by extension 'ament_cargo'
[1.960s] Level 1:colcon.colcon_core.package_identification:_identify(ros2_ws/src/limo_files/gazebo_plugins_ros_mod/tc_gazebo_plugins) by extensions ['ros']
[1.960s] Level 1:colcon.colcon_core.package_identification:_identify(ros2_ws/src/limo_files/gazebo_plugins_ros_mod/tc_gazebo_plugins) by extension 'ros'
[2.040s] DEBUG:colcon.colcon_core.package_identification:Package 'ros2_ws/src/limo_files/gazebo_plugins_ros_mod/tc_gazebo_plugins' with type 'ros.ament_cmake' and name 'tc_gazebo_plugins'
[2.041s] Level 1:colcon.colcon_core.package_identification:_identify(ros2_ws/src/limo_files/limo_ros2) by extensions ['ignore', 'ignore_ament_install']
[2.041s] Level 1:colcon.colcon_core.package_identification:_identify(ros2_ws/src/limo_files/limo_ros2) by extension 'ignore'
[2.041s] Level 1:colcon.colcon_core.package_identification:_identify(ros2_ws/src/limo_files/limo_ros2) by extension 'ignore_ament_install'
[2.041s] Level 1:colcon.colcon_core.package_identification:_identify(ros2_ws/src/limo_files/limo_ros2) by extensions ['colcon_pkg']
[2.041s] Level 1:colcon.colcon_core.package_identification:_identify(ros2_ws/src/limo_files/limo_ros2) by extension 'colcon_pkg'
[2.041s] Level 1:colcon.colcon_core.package_identification:_identify(ros2_ws/src/limo_files/limo_ros2) by extensions ['colcon_meta']
[2.041s] Level 1:colcon.colcon_core.package_identification:_identify(ros2_ws/src/limo_files/limo_ros2) by extension 'colcon_meta'
[2.041s] Level 1:colcon.colcon_core.package_identification:_identify(ros2_ws/src/limo_files/limo_ros2) by extensions ['ament_cargo']
[2.041s] Level 1:colcon.colcon_core.package_identification:_identify(ros2_ws/src/limo_files/limo_ros2) by extension 'ament_cargo'
[2.041s] Level 1:colcon.colcon_core.package_identification:_identify(ros2_ws/src/limo_files/limo_ros2) by extensions ['ros']
[2.041s] Level 1:colcon.colcon_core.package_identification:_identify(ros2_ws/src/limo_files/limo_ros2) by extension 'ros'
[2.041s] Level 1:colcon.colcon_core.package_identification:_identify(ros2_ws/src/limo_files/limo_ros2) by extensions ['cargo', 'cmake', 'python']
[2.041s] Level 1:colcon.colcon_core.package_identification:_identify(ros2_ws/src/limo_files/limo_ros2) by extension 'cargo'
[2.041s] Level 1:colcon.colcon_core.package_identification:_identify(ros2_ws/src/limo_files/limo_ros2) by extension 'cmake'
[2.041s] Level 1:colcon.colcon_core.package_identification:_identify(ros2_ws/src/limo_files/limo_ros2) by extension 'python'
[2.041s] Level 1:colcon.colcon_core.package_identification:_identify(ros2_ws/src/limo_files/limo_ros2) by extensions ['python_setup_py']
[2.041s] Level 1:colcon.colcon_core.package_identification:_identify(ros2_ws/src/limo_files/limo_ros2) by extension 'python_setup_py'
[2.042s] Level 1:colcon.colcon_core.package_identification:_identify(ros2_ws/src/limo_files/limo_ros2/limo_base) by extensions ['ignore', 'ignore_ament_install']
[2.042s] Level 1:colcon.colcon_core.package_identification:_identify(ros2_ws/src/limo_files/limo_ros2/limo_base) by extension 'ignore'
[2.042s] Level 1:colcon.colcon_core.package_identification:_identify(ros2_ws/src/limo_files/limo_ros2/limo_base) by extension 'ignore_ament_install'
[2.042s] Level 1:colcon.colcon_core.package_identification:_identify(ros2_ws/src/limo_files/limo_ros2/limo_base) by extensions ['colcon_pkg']
[2.042s] Level 1:colcon.colcon_core.package_identification:_identify(ros2_ws/src/limo_files/limo_ros2/limo_base) by extension 'colcon_pkg'
[2.042s] Level 1:colcon.colcon_core.package_identification:_identify(ros2_ws/src/limo_files/limo_ros2/limo_base) by extensions ['colcon_meta']
[2.042s] Level 1:colcon.colcon_core.package_identification:_identify(ros2_ws/src/limo_files/limo_ros2/limo_base) by extension 'colcon_meta'
[2.042s] Level 1:colcon.colcon_core.package_identification:_identify(ros2_ws/src/limo_files/limo_ros2/limo_base) by extensions ['ament_cargo']
[2.042s] Level 1:colcon.colcon_core.package_identification:_identify(ros2_ws/src/limo_files/limo_ros2/limo_base) by extension 'ament_cargo'
[2.042s] Level 1:colcon.colcon_core.package_identification:_identify(ros2_ws/src/limo_files/limo_ros2/limo_base) by extensions ['ros']
[2.042s] Level 1:colcon.colcon_core.package_identification:_identify(ros2_ws/src/limo_files/limo_ros2/limo_base) by extension 'ros'
[2.043s] DEBUG:colcon.colcon_core.package_identification:Package 'ros2_ws/src/limo_files/limo_ros2/limo_base' with type 'ros.ament_cmake' and name 'limo_base'
[2.043s] Level 1:colcon.colcon_core.package_identification:_identify(ros2_ws/src/limo_files/limo_ros2/limo_car) by extensions ['ignore', 'ignore_ament_install']
[2.043s] Level 1:colcon.colcon_core.package_identification:_identify(ros2_ws/src/limo_files/limo_ros2/limo_car) by extension 'ignore'
[2.060s] Level 1:colcon.colcon_core.package_identification:_identify(ros2_ws/src/limo_files/limo_ros2/limo_car) by extension 'ignore_ament_install'
[2.060s] Level 1:colcon.colcon_core.package_identification:_identify(ros2_ws/src/limo_files/limo_ros2/limo_car) by extensions ['colcon_pkg']
[2.060s] Level 1:colcon.colcon_core.package_identification:_identify(ros2_ws/src/limo_files/limo_ros2/limo_car) by extension 'colcon_pkg'
[2.060s] Level 1:colcon.colcon_core.package_identification:_identify(ros2_ws/src/limo_files/limo_ros2/limo_car) by extensions ['colcon_meta']
[2.060s] Level 1:colcon.colcon_core.package_identification:_identify(ros2_ws/src/limo_files/limo_ros2/limo_car) by extension 'colcon_meta'
[2.060s] Level 1:colcon.colcon_core.package_identification:_identify(ros2_ws/src/limo_files/limo_ros2/limo_car) by extensions ['ament_cargo']
[2.060s] Level 1:colcon.colcon_core.package_identification:_identify(ros2_ws/src/limo_files/limo_ros2/limo_car) by extension 'ament_cargo'
[2.060s] Level 1:colcon.colcon_core.package_identification:_identify(ros2_ws/src/limo_files/limo_ros2/limo_car) by extensions ['ros']
[2.060s] Level 1:colcon.colcon_core.package_identification:_identify(ros2_ws/src/limo_files/limo_ros2/limo_car) by extension 'ros'
[2.062s] DEBUG:colcon.colcon_core.package_identification:Package 'ros2_ws/src/limo_files/limo_ros2/limo_car' with type 'ros.ament_cmake' and name 'limo_car'
[2.062s] Level 1:colcon.colcon_core.package_identification:_identify(ros2_ws/src/limo_files/limo_ros2/limo_description) by extensions ['ignore', 'ignore_ament_install']
[2.062s] Level 1:colcon.colcon_core.package_identification:_identify(ros2_ws/src/limo_files/limo_ros2/limo_description) by extension 'ignore'
[2.062s] Level 1:colcon.colcon_core.package_identification:_identify(ros2_ws/src/limo_files/limo_ros2/limo_description) by extension 'ignore_ament_install'
[2.062s] Level 1:colcon.colcon_core.package_identification:_identify(ros2_ws/src/limo_files/limo_ros2/limo_description) by extensions ['colcon_pkg']
[2.063s] Level 1:colcon.colcon_core.package_identification:_identify(ros2_ws/src/limo_files/limo_ros2/limo_description) by extension 'colcon_pkg'
[2.063s] Level 1:colcon.colcon_core.package_identification:_identify(ros2_ws/src/limo_files/limo_ros2/limo_description) by extensions ['colcon_meta']
[2.063s] Level 1:colcon.colcon_core.package_identification:_identify(ros2_ws/src/limo_files/limo_ros2/limo_description) by extension 'colcon_meta'
[2.063s] Level 1:colcon.colcon_core.package_identification:_identify(ros2_ws/src/limo_files/limo_ros2/limo_description) by extensions ['ament_cargo']
[2.063s] Level 1:colcon.colcon_core.package_identification:_identify(ros2_ws/src/limo_files/limo_ros2/limo_description) by extension 'ament_cargo'
[2.063s] Level 1:colcon.colcon_core.package_identification:_identify(ros2_ws/src/limo_files/limo_ros2/limo_description) by extensions ['ros']
[2.063s] Level 1:colcon.colcon_core.package_identification:_identify(ros2_ws/src/limo_files/limo_ros2/limo_description) by extension 'ros'
[2.063s] DEBUG:colcon.colcon_core.package_identification:Package 'ros2_ws/src/limo_files/limo_ros2/limo_description' with type 'ros.ament_cmake' and name 'limo_description'
[2.064s] Level 1:colcon.colcon_core.package_identification:_identify(ros2_ws/src/limo_files/limo_ros2/limo_msgs) by extensions ['ignore', 'ignore_ament_install']
[2.065s] Level 1:colcon.colcon_core.package_identification:_identify(ros2_ws/src/limo_files/limo_ros2/limo_msgs) by extension 'ignore'
[2.065s] Level 1:colcon.colcon_core.package_identification:_identify(ros2_ws/src/limo_files/limo_ros2/limo_msgs) by extension 'ignore_ament_install'
[2.065s] Level 1:colcon.colcon_core.package_identification:_identify(ros2_ws/src/limo_files/limo_ros2/limo_msgs) by extensions ['colcon_pkg']
[2.065s] Level 1:colcon.colcon_core.package_identification:_identify(ros2_ws/src/limo_files/limo_ros2/limo_msgs) by extension 'colcon_pkg'
[2.065s] Level 1:colcon.colcon_core.package_identification:_identify(ros2_ws/src/limo_files/limo_ros2/limo_msgs) by extensions ['colcon_meta']
[2.065s] Level 1:colcon.colcon_core.package_identification:_identify(ros2_ws/src/limo_files/limo_ros2/limo_msgs) by extension 'colcon_meta'
[2.065s] Level 1:colcon.colcon_core.package_identification:_identify(ros2_ws/src/limo_files/limo_ros2/limo_msgs) by extensions ['ament_cargo']
[2.065s] Level 1:colcon.colcon_core.package_identification:_identify(ros2_ws/src/limo_files/limo_ros2/limo_msgs) by extension 'ament_cargo'
[2.065s] Level 1:colcon.colcon_core.package_identification:_identify(ros2_ws/src/limo_files/limo_ros2/limo_msgs) by extensions ['ros']
[2.065s] Level 1:colcon.colcon_core.package_identification:_identify(ros2_ws/src/limo_files/limo_ros2/limo_msgs) by extension 'ros'
[2.066s] DEBUG:colcon.colcon_core.package_identification:Package 'ros2_ws/src/limo_files/limo_ros2/limo_msgs' with type 'ros.ament_cmake' and name 'limo_msgs'
[2.066s] Level 1:colcon.colcon_core.package_identification:_identify(ros2_ws/src/limo_files/limo_ros2/scripts) by extensions ['ignore', 'ignore_ament_install']
[2.066s] Level 1:colcon.colcon_core.package_identification:_identify(ros2_ws/src/limo_files/limo_ros2/scripts) by extension 'ignore'
[2.066s] Level 1:colcon.colcon_core.package_identification:_identify(ros2_ws/src/limo_files/limo_ros2/scripts) by extension 'ignore_ament_install'
[2.066s] Level 1:colcon.colcon_core.package_identification:_identify(ros2_ws/src/limo_files/limo_ros2/scripts) by extensions ['colcon_pkg']
[2.066s] Level 1:colcon.colcon_core.package_identification:_identify(ros2_ws/src/limo_files/limo_ros2/scripts) by extension 'colcon_pkg'
[2.066s] Level 1:colcon.colcon_core.package_identification:_identify(ros2_ws/src/limo_files/limo_ros2/scripts) by extensions ['colcon_meta']
[2.066s] Level 1:colcon.colcon_core.package_identification:_identify(ros2_ws/src/limo_files/limo_ros2/scripts) by extension 'colcon_meta'
[2.067s] Level 1:colcon.colcon_core.package_identification:_identify(ros2_ws/src/limo_files/limo_ros2/scripts) by extensions ['ament_cargo']
[2.067s] Level 1:colcon.colcon_core.package_identification:_identify(ros2_ws/src/limo_files/limo_ros2/scripts) by extension 'ament_cargo'
[2.067s] Level 1:colcon.colcon_core.package_identification:_identify(ros2_ws/src/limo_files/limo_ros2/scripts) by extensions ['ros']
[2.067s] Level 1:colcon.colcon_core.package_identification:_identify(ros2_ws/src/limo_files/limo_ros2/scripts) by extension 'ros'
[2.067s] Level 1:colcon.colcon_core.package_identification:_identify(ros2_ws/src/limo_files/limo_ros2/scripts) by extensions ['cargo', 'cmake', 'python']
[2.067s] Level 1:colcon.colcon_core.package_identification:_identify(ros2_ws/src/limo_files/limo_ros2/scripts) by extension 'cargo'
[2.067s] Level 1:colcon.colcon_core.package_identification:_identify(ros2_ws/src/limo_files/limo_ros2/scripts) by extension 'cmake'
[2.067s] Level 1:colcon.colcon_core.package_identification:_identify(ros2_ws/src/limo_files/limo_ros2/scripts) by extension 'python'
[2.067s] Level 1:colcon.colcon_core.package_identification:_identify(ros2_ws/src/limo_files/limo_ros2/scripts) by extensions ['python_setup_py']
[2.067s] Level 1:colcon.colcon_core.package_identification:_identify(ros2_ws/src/limo_files/limo_ros2/scripts) by extension 'python_setup_py'
[2.067s] Level 1:colcon.colcon_core.package_identification:_identify(ros2_ws/src/limo_files/ros_components_description) by extensions ['ignore', 'ignore_ament_install']
[2.067s] Level 1:colcon.colcon_core.package_identification:_identify(ros2_ws/src/limo_files/ros_components_description) by extension 'ignore'
[2.067s] Level 1:colcon.colcon_core.package_identification:_identify(ros2_ws/src/limo_files/ros_components_description) by extension 'ignore_ament_install'
[2.067s] Level 1:colcon.colcon_core.package_identification:_identify(ros2_ws/src/limo_files/ros_components_description) by extensions ['colcon_pkg']
[2.067s] Level 1:colcon.colcon_core.package_identification:_identify(ros2_ws/src/limo_files/ros_components_description) by extension 'colcon_pkg'
[2.067s] Level 1:colcon.colcon_core.package_identification:_identify(ros2_ws/src/limo_files/ros_components_description) by extensions ['colcon_meta']
[2.067s] Level 1:colcon.colcon_core.package_identification:_identify(ros2_ws/src/limo_files/ros_components_description) by extension 'colcon_meta'
[2.067s] Level 1:colcon.colcon_core.package_identification:_identify(ros2_ws/src/limo_files/ros_components_description) by extensions ['ament_cargo']
[2.067s] Level 1:colcon.colcon_core.package_identification:_identify(ros2_ws/src/limo_files/ros_components_description) by extension 'ament_cargo'
[2.067s] Level 1:colcon.colcon_core.package_identification:_identify(ros2_ws/src/limo_files/ros_components_description) by extensions ['ros']
[2.068s] Level 1:colcon.colcon_core.package_identification:_identify(ros2_ws/src/limo_files/ros_components_description) by extension 'ros'
[2.110s] DEBUG:colcon.colcon_core.package_identification:Package 'ros2_ws/src/limo_files/ros_components_description' with type 'ros.ament_cmake' and name 'ros_components_description'
[2.110s] Level 1:colcon.colcon_core.package_identification:_identify(ros2_ws/src/limo_files/rviz) by extensions ['ignore', 'ignore_ament_install']
[2.110s] Level 1:colcon.colcon_core.package_identification:_identify(ros2_ws/src/limo_files/rviz) by extension 'ignore'
[2.110s] Level 1:colcon.colcon_core.package_identification:_identify(ros2_ws/src/limo_files/rviz) by extension 'ignore_ament_install'
[2.111s] Level 1:colcon.colcon_core.package_identification:_identify(ros2_ws/src/limo_files/rviz) by extensions ['colcon_pkg']
[2.111s] Level 1:colcon.colcon_core.package_identification:_identify(ros2_ws/src/limo_files/rviz) by extension 'colcon_pkg'
[2.120s] Level 1:colcon.colcon_core.package_identification:_identify(ros2_ws/src/limo_files/rviz) by extensions ['colcon_meta']
[2.120s] Level 1:colcon.colcon_core.package_identification:_identify(ros2_ws/src/limo_files/rviz) by extension 'colcon_meta'
[2.120s] Level 1:colcon.colcon_core.package_identification:_identify(ros2_ws/src/limo_files/rviz) by extensions ['ament_cargo']
[2.120s] Level 1:colcon.colcon_core.package_identification:_identify(ros2_ws/src/limo_files/rviz) by extension 'ament_cargo'
[2.120s] Level 1:colcon.colcon_core.package_identification:_identify(ros2_ws/src/limo_files/rviz) by extensions ['ros']
[2.120s] Level 1:colcon.colcon_core.package_identification:_identify(ros2_ws/src/limo_files/rviz) by extension 'ros'
[2.120s] Level 1:colcon.colcon_core.package_identification:_identify(ros2_ws/src/limo_files/rviz) by extensions ['cargo', 'cmake', 'python']
[2.120s] Level 1:colcon.colcon_core.package_identification:_identify(ros2_ws/src/limo_files/rviz) by extension 'cargo'
[2.120s] Level 1:colcon.colcon_core.package_identification:_identify(ros2_ws/src/limo_files/rviz) by extension 'cmake'
[2.120s] Level 1:colcon.colcon_core.package_identification:_identify(ros2_ws/src/limo_files/rviz) by extension 'python'
[2.120s] Level 1:colcon.colcon_core.package_identification:_identify(ros2_ws/src/limo_files/rviz) by extensions ['python_setup_py']
[2.121s] Level 1:colcon.colcon_core.package_identification:_identify(ros2_ws/src/limo_files/rviz) by extension 'python_setup_py'
[2.121s] Level 1:colcon.colcon_core.package_identification:_identify(ros2_ws/src/limo_files/scripts) by extensions ['ignore', 'ignore_ament_install']
[2.121s] Level 1:colcon.colcon_core.package_identification:_identify(ros2_ws/src/limo_files/scripts) by extension 'ignore'
[2.121s] Level 1:colcon.colcon_core.package_identification:_identify(ros2_ws/src/limo_files/scripts) by extension 'ignore_ament_install'
[2.121s] Level 1:colcon.colcon_core.package_identification:_identify(ros2_ws/src/limo_files/scripts) by extensions ['colcon_pkg']
[2.121s] Level 1:colcon.colcon_core.package_identification:_identify(ros2_ws/src/limo_files/scripts) by extension 'colcon_pkg'
[2.121s] Level 1:colcon.colcon_core.package_identification:_identify(ros2_ws/src/limo_files/scripts) by extensions ['colcon_meta']
[2.121s] Level 1:colcon.colcon_core.package_identification:_identify(ros2_ws/src/limo_files/scripts) by extension 'colcon_meta'
[2.121s] Level 1:colcon.colcon_core.package_identification:_identify(ros2_ws/src/limo_files/scripts) by extensions ['ament_cargo']
[2.121s] Level 1:colcon.colcon_core.package_identification:_identify(ros2_ws/src/limo_files/scripts) by extension 'ament_cargo'
[2.121s] Level 1:colcon.colcon_core.package_identification:_identify(ros2_ws/src/limo_files/scripts) by extensions ['ros']
[2.121s] Level 1:colcon.colcon_core.package_identification:_identify(ros2_ws/src/limo_files/scripts) by extension 'ros'
[2.121s] Level 1:colcon.colcon_core.package_identification:_identify(ros2_ws/src/limo_files/scripts) by extensions ['cargo', 'cmake', 'python']
[2.121s] Level 1:colcon.colcon_core.package_identification:_identify(ros2_ws/src/limo_files/scripts) by extension 'cargo'
[2.121s] Level 1:colcon.colcon_core.package_identification:_identify(ros2_ws/src/limo_files/scripts) by extension 'cmake'
[2.121s] Level 1:colcon.colcon_core.package_identification:_identify(ros2_ws/src/limo_files/scripts) by extension 'python'
[2.122s] Level 1:colcon.colcon_core.package_identification:_identify(ros2_ws/src/limo_files/scripts) by extensions ['python_setup_py']
[2.122s] Level 1:colcon.colcon_core.package_identification:_identify(ros2_ws/src/limo_files/scripts) by extension 'python_setup_py'
[2.122s] Level 1:colcon.colcon_core.package_identification:_identify(ros2_ws/src/move_towards_object) by extensions ['ignore', 'ignore_ament_install']
[2.122s] Level 1:colcon.colcon_core.package_identification:_identify(ros2_ws/src/move_towards_object) by extension 'ignore'
[2.122s] Level 1:colcon.colcon_core.package_identification:_identify(ros2_ws/src/move_towards_object) by extension 'ignore_ament_install'
[2.122s] Level 1:colcon.colcon_core.package_identification:_identify(ros2_ws/src/move_towards_object) by extensions ['colcon_pkg']
[2.122s] Level 1:colcon.colcon_core.package_identification:_identify(ros2_ws/src/move_towards_object) by extension 'colcon_pkg'
[2.122s] Level 1:colcon.colcon_core.package_identification:_identify(ros2_ws/src/move_towards_object) by extensions ['colcon_meta']
[2.122s] Level 1:colcon.colcon_core.package_identification:_identify(ros2_ws/src/move_towards_object) by extension 'colcon_meta'
[2.122s] Level 1:colcon.colcon_core.package_identification:_identify(ros2_ws/src/move_towards_object) by extensions ['ament_cargo']
[2.122s] Level 1:colcon.colcon_core.package_identification:_identify(ros2_ws/src/move_towards_object) by extension 'ament_cargo'
[2.122s] Level 1:colcon.colcon_core.package_identification:_identify(ros2_ws/src/move_towards_object) by extensions ['ros']
[2.122s] Level 1:colcon.colcon_core.package_identification:_identify(ros2_ws/src/move_towards_object) by extension 'ros'
[2.123s] DEBUG:colcon.colcon_core.package_identification:Package 'ros2_ws/src/move_towards_object' with type 'ros.ament_python' and name 'move_towards_object'
[2.123s] Level 1:colcon.colcon_core.package_identification:_identify(ros2_ws/src/raw_test) by extensions ['ignore', 'ignore_ament_install']
[2.123s] Level 1:colcon.colcon_core.package_identification:_identify(ros2_ws/src/raw_test) by extension 'ignore'
[2.123s] Level 1:colcon.colcon_core.package_identification:_identify(ros2_ws/src/raw_test) by extension 'ignore_ament_install'
[2.123s] Level 1:colcon.colcon_core.package_identification:_identify(ros2_ws/src/raw_test) by extensions ['colcon_pkg']
[2.123s] Level 1:colcon.colcon_core.package_identification:_identify(ros2_ws/src/raw_test) by extension 'colcon_pkg'
[2.124s] Level 1:colcon.colcon_core.package_identification:_identify(ros2_ws/src/raw_test) by extensions ['colcon_meta']
[2.124s] Level 1:colcon.colcon_core.package_identification:_identify(ros2_ws/src/raw_test) by extension 'colcon_meta'
[2.124s] Level 1:colcon.colcon_core.package_identification:_identify(ros2_ws/src/raw_test) by extensions ['ament_cargo']
[2.124s] Level 1:colcon.colcon_core.package_identification:_identify(ros2_ws/src/raw_test) by extension 'ament_cargo'
[2.124s] Level 1:colcon.colcon_core.package_identification:_identify(ros2_ws/src/raw_test) by extensions ['ros']
[2.124s] Level 1:colcon.colcon_core.package_identification:_identify(ros2_ws/src/raw_test) by extension 'ros'
[2.124s] Level 1:colcon.colcon_core.package_identification:_identify(ros2_ws/src/raw_test) by extensions ['cargo', 'cmake', 'python']
[2.124s] Level 1:colcon.colcon_core.package_identification:_identify(ros2_ws/src/raw_test) by extension 'cargo'
[2.124s] Level 1:colcon.colcon_core.package_identification:_identify(ros2_ws/src/raw_test) by extension 'cmake'
[2.124s] Level 1:colcon.colcon_core.package_identification:_identify(ros2_ws/src/raw_test) by extension 'python'
[2.124s] Level 1:colcon.colcon_core.package_identification:_identify(ros2_ws/src/raw_test) by extensions ['python_setup_py']
[2.124s] Level 1:colcon.colcon_core.package_identification:_identify(ros2_ws/src/raw_test) by extension 'python_setup_py'
[2.124s] Level 1:colcon.colcon_core.package_identification:_identify(ros2_ws/src/raw_test/openrobotics_darknet_ros) by extensions ['ignore', 'ignore_ament_install']
[2.133s] Level 1:colcon.colcon_core.package_identification:_identify(ros2_ws/src/raw_test/openrobotics_darknet_ros) by extension 'ignore'
[2.133s] Level 1:colcon.colcon_core.package_identification:_identify(ros2_ws/src/raw_test/openrobotics_darknet_ros) by extension 'ignore_ament_install'
[2.133s] Level 1:colcon.colcon_core.package_identification:_identify(ros2_ws/src/raw_test/openrobotics_darknet_ros) by extensions ['colcon_pkg']
[2.133s] Level 1:colcon.colcon_core.package_identification:_identify(ros2_ws/src/raw_test/openrobotics_darknet_ros) by extension 'colcon_pkg'
[2.133s] Level 1:colcon.colcon_core.package_identification:_identify(ros2_ws/src/raw_test/openrobotics_darknet_ros) by extensions ['colcon_meta']
[2.133s] Level 1:colcon.colcon_core.package_identification:_identify(ros2_ws/src/raw_test/openrobotics_darknet_ros) by extension 'colcon_meta'
[2.133s] Level 1:colcon.colcon_core.package_identification:_identify(ros2_ws/src/raw_test/openrobotics_darknet_ros) by extensions ['ament_cargo']
[2.133s] Level 1:colcon.colcon_core.package_identification:_identify(ros2_ws/src/raw_test/openrobotics_darknet_ros) by extension 'ament_cargo'
[2.133s] Level 1:colcon.colcon_core.package_identification:_identify(ros2_ws/src/raw_test/openrobotics_darknet_ros) by extensions ['ros']
[2.133s] Level 1:colcon.colcon_core.package_identification:_identify(ros2_ws/src/raw_test/openrobotics_darknet_ros) by extension 'ros'
[2.135s] DEBUG:colcon.colcon_core.package_identification:Package 'ros2_ws/src/raw_test/openrobotics_darknet_ros' with type 'ros.ament_cmake' and name 'openrobotics_darknet_ros'
[2.135s] Level 1:colcon.colcon_core.package_identification:_identify(ros2_ws/src/raw_test/vision_msgs) by extensions ['ignore', 'ignore_ament_install']
[2.135s] Level 1:colcon.colcon_core.package_identification:_identify(ros2_ws/src/raw_test/vision_msgs) by extension 'ignore'
[2.135s] Level 1:colcon.colcon_core.package_identification:_identify(ros2_ws/src/raw_test/vision_msgs) by extension 'ignore_ament_install'
[2.135s] Level 1:colcon.colcon_core.package_identification:_identify(ros2_ws/src/raw_test/vision_msgs) by extensions ['colcon_pkg']
[2.144s] Level 1:colcon.colcon_core.package_identification:_identify(ros2_ws/src/raw_test/vision_msgs) by extension 'colcon_pkg'
[2.144s] Level 1:colcon.colcon_core.package_identification:_identify(ros2_ws/src/raw_test/vision_msgs) by extensions ['colcon_meta']
[2.144s] Level 1:colcon.colcon_core.package_identification:_identify(ros2_ws/src/raw_test/vision_msgs) by extension 'colcon_meta'
[2.144s] Level 1:colcon.colcon_core.package_identification:_identify(ros2_ws/src/raw_test/vision_msgs) by extensions ['ament_cargo']
[2.144s] Level 1:colcon.colcon_core.package_identification:_identify(ros2_ws/src/raw_test/vision_msgs) by extension 'ament_cargo'
[2.144s] Level 1:colcon.colcon_core.package_identification:_identify(ros2_ws/src/raw_test/vision_msgs) by extensions ['ros']
[2.144s] Level 1:colcon.colcon_core.package_identification:_identify(ros2_ws/src/raw_test/vision_msgs) by extension 'ros'
[2.145s] Level 1:colcon.colcon_core.package_identification:_identify(ros2_ws/src/raw_test/vision_msgs) by extensions ['cargo', 'cmake', 'python']
[2.145s] Level 1:colcon.colcon_core.package_identification:_identify(ros2_ws/src/raw_test/vision_msgs) by extension 'cargo'
[2.145s] Level 1:colcon.colcon_core.package_identification:_identify(ros2_ws/src/raw_test/vision_msgs) by extension 'cmake'
[2.145s] Level 1:colcon.colcon_core.package_identification:_identify(ros2_ws/src/raw_test/vision_msgs) by extension 'python'
[2.145s] Level 1:colcon.colcon_core.package_identification:_identify(ros2_ws/src/raw_test/vision_msgs) by extensions ['python_setup_py']
[2.145s] Level 1:colcon.colcon_core.package_identification:_identify(ros2_ws/src/raw_test/vision_msgs) by extension 'python_setup_py'
[2.145s] Level 1:colcon.colcon_core.package_identification:_identify(ros2_ws/src/raw_test/vision_msgs/vision_msgs) by extensions ['ignore', 'ignore_ament_install']
[2.145s] Level 1:colcon.colcon_core.package_identification:_identify(ros2_ws/src/raw_test/vision_msgs/vision_msgs) by extension 'ignore'
[2.145s] Level 1:colcon.colcon_core.package_identification:_identify(ros2_ws/src/raw_test/vision_msgs/vision_msgs) by extension 'ignore_ament_install'
[2.146s] Level 1:colcon.colcon_core.package_identification:_identify(ros2_ws/src/raw_test/vision_msgs/vision_msgs) by extensions ['colcon_pkg']
[2.146s] Level 1:colcon.colcon_core.package_identification:_identify(ros2_ws/src/raw_test/vision_msgs/vision_msgs) by extension 'colcon_pkg'
[2.146s] Level 1:colcon.colcon_core.package_identification:_identify(ros2_ws/src/raw_test/vision_msgs/vision_msgs) by extensions ['colcon_meta']
[2.146s] Level 1:colcon.colcon_core.package_identification:_identify(ros2_ws/src/raw_test/vision_msgs/vision_msgs) by extension 'colcon_meta'
[2.146s] Level 1:colcon.colcon_core.package_identification:_identify(ros2_ws/src/raw_test/vision_msgs/vision_msgs) by extensions ['ament_cargo']
[2.146s] Level 1:colcon.colcon_core.package_identification:_identify(ros2_ws/src/raw_test/vision_msgs/vision_msgs) by extension 'ament_cargo'
[2.146s] Level 1:colcon.colcon_core.package_identification:_identify(ros2_ws/src/raw_test/vision_msgs/vision_msgs) by extensions ['ros']
[2.146s] Level 1:colcon.colcon_core.package_identification:_identify(ros2_ws/src/raw_test/vision_msgs/vision_msgs) by extension 'ros'
[2.154s] DEBUG:colcon.colcon_core.package_identification:Package 'ros2_ws/src/raw_test/vision_msgs/vision_msgs' with type 'ros.ament_cmake' and name 'vision_msgs'
[2.154s] Level 1:colcon.colcon_core.package_identification:_identify(ros2_ws/src/raw_test/vision_msgs/vision_msgs_rviz_plugins) by extensions ['ignore', 'ignore_ament_install']
[2.154s] Level 1:colcon.colcon_core.package_identification:_identify(ros2_ws/src/raw_test/vision_msgs/vision_msgs_rviz_plugins) by extension 'ignore'
[2.154s] Level 1:colcon.colcon_core.package_identification:_identify(ros2_ws/src/raw_test/vision_msgs/vision_msgs_rviz_plugins) by extension 'ignore_ament_install'
[2.154s] Level 1:colcon.colcon_core.package_identification:_identify(ros2_ws/src/raw_test/vision_msgs/vision_msgs_rviz_plugins) by extensions ['colcon_pkg']
[2.154s] Level 1:colcon.colcon_core.package_identification:_identify(ros2_ws/src/raw_test/vision_msgs/vision_msgs_rviz_plugins) by extension 'colcon_pkg'
[2.154s] Level 1:colcon.colcon_core.package_identification:_identify(ros2_ws/src/raw_test/vision_msgs/vision_msgs_rviz_plugins) by extensions ['colcon_meta']
[2.155s] Level 1:colcon.colcon_core.package_identification:_identify(ros2_ws/src/raw_test/vision_msgs/vision_msgs_rviz_plugins) by extension 'colcon_meta'
[2.155s] Level 1:colcon.colcon_core.package_identification:_identify(ros2_ws/src/raw_test/vision_msgs/vision_msgs_rviz_plugins) by extensions ['ament_cargo']
[2.155s] Level 1:colcon.colcon_core.package_identification:_identify(ros2_ws/src/raw_test/vision_msgs/vision_msgs_rviz_plugins) by extension 'ament_cargo'
[2.155s] Level 1:colcon.colcon_core.package_identification:_identify(ros2_ws/src/raw_test/vision_msgs/vision_msgs_rviz_plugins) by extensions ['ros']
[2.155s] Level 1:colcon.colcon_core.package_identification:_identify(ros2_ws/src/raw_test/vision_msgs/vision_msgs_rviz_plugins) by extension 'ros'
[2.157s] DEBUG:colcon.colcon_core.package_identification:Package 'ros2_ws/src/raw_test/vision_msgs/vision_msgs_rviz_plugins' with type 'ros.ament_cmake' and name 'vision_msgs_rviz_plugins'
[2.157s] Level 1:colcon.colcon_core.package_identification:_identify(ros2_ws/src/raw_test/yolo_pointcloud_marker) by extensions ['ignore', 'ignore_ament_install']
[2.157s] Level 1:colcon.colcon_core.package_identification:_identify(ros2_ws/src/raw_test/yolo_pointcloud_marker) by extension 'ignore'
[2.157s] Level 1:colcon.colcon_core.package_identification:_identify(ros2_ws/src/raw_test/yolo_pointcloud_marker) by extension 'ignore_ament_install'
[2.157s] Level 1:colcon.colcon_core.package_identification:_identify(ros2_ws/src/raw_test/yolo_pointcloud_marker) by extensions ['colcon_pkg']
[2.157s] Level 1:colcon.colcon_core.package_identification:_identify(ros2_ws/src/raw_test/yolo_pointcloud_marker) by extension 'colcon_pkg'
[2.157s] Level 1:colcon.colcon_core.package_identification:_identify(ros2_ws/src/raw_test/yolo_pointcloud_marker) by extensions ['colcon_meta']
[2.157s] Level 1:colcon.colcon_core.package_identification:_identify(ros2_ws/src/raw_test/yolo_pointcloud_marker) by extension 'colcon_meta'
[2.158s] Level 1:colcon.colcon_core.package_identification:_identify(ros2_ws/src/raw_test/yolo_pointcloud_marker) by extensions ['ament_cargo']
[2.158s] Level 1:colcon.colcon_core.package_identification:_identify(ros2_ws/src/raw_test/yolo_pointcloud_marker) by extension 'ament_cargo'
[2.158s] Level 1:colcon.colcon_core.package_identification:_identify(ros2_ws/src/raw_test/yolo_pointcloud_marker) by extensions ['ros']
[2.158s] Level 1:colcon.colcon_core.package_identification:_identify(ros2_ws/src/raw_test/yolo_pointcloud_marker) by extension 'ros'
[2.159s] DEBUG:colcon.colcon_core.package_identification:Package 'ros2_ws/src/raw_test/yolo_pointcloud_marker' with type 'ros.ament_python' and name 'yolo_pointcloud_marker'
[2.173s] Level 1:colcon.colcon_core.package_identification:_identify(webpage_ws) by extensions ['ignore', 'ignore_ament_install']
[2.173s] Level 1:colcon.colcon_core.package_identification:_identify(webpage_ws) by extension 'ignore'
[2.173s] Level 1:colcon.colcon_core.package_identification:_identify(webpage_ws) by extension 'ignore_ament_install'
[2.173s] Level 1:colcon.colcon_core.package_identification:_identify(webpage_ws) by extensions ['colcon_pkg']
[2.173s] Level 1:colcon.colcon_core.package_identification:_identify(webpage_ws) by extension 'colcon_pkg'
[2.173s] Level 1:colcon.colcon_core.package_identification:_identify(webpage_ws) by extensions ['colcon_meta']
[2.173s] Level 1:colcon.colcon_core.package_identification:_identify(webpage_ws) by extension 'colcon_meta'
[2.174s] Level 1:colcon.colcon_core.package_identification:_identify(webpage_ws) by extensions ['ament_cargo']
[2.174s] Level 1:colcon.colcon_core.package_identification:_identify(webpage_ws) by extension 'ament_cargo'
[2.174s] Level 1:colcon.colcon_core.package_identification:_identify(webpage_ws) by extensions ['ros']
[2.179s] Level 1:colcon.colcon_core.package_identification:_identify(webpage_ws) by extension 'ros'
[2.180s] Level 1:colcon.colcon_core.package_identification:_identify(webpage_ws) by extensions ['cargo', 'cmake', 'python']
[2.180s] Level 1:colcon.colcon_core.package_identification:_identify(webpage_ws) by extension 'cargo'
[2.180s] Level 1:colcon.colcon_core.package_identification:_identify(webpage_ws) by extension 'cmake'
[2.180s] Level 1:colcon.colcon_core.package_identification:_identify(webpage_ws) by extension 'python'
[2.180s] Level 1:colcon.colcon_core.package_identification:_identify(webpage_ws) by extensions ['python_setup_py']
[2.180s] Level 1:colcon.colcon_core.package_identification:_identify(webpage_ws) by extension 'python_setup_py'
[2.180s] Level 1:colcon.colcon_core.package_discovery:discover_packages(recursive) using defaults
[2.180s] Level 1:colcon.colcon_core.package_discovery:discover_packages(ignore) discover
[2.180s] Level 1:colcon.colcon_core.package_discovery:discover_packages(ignore) using defaults
[2.180s] Level 1:colcon.colcon_core.package_discovery:discover_packages(path) discover
[2.180s] Level 1:colcon.colcon_core.package_discovery:discover_packages(path) using defaults
[2.306s] INFO:colcon.colcon_core.package_selection:Skipping not selected package 'darknet' in 'darknet'
[2.306s] INFO:colcon.colcon_core.package_selection:Skipping not selected package 'limo_car' in 'ros2_ws/src/limo_files/limo_ros2/limo_car'
[2.306s] INFO:colcon.colcon_core.package_selection:Skipping not selected package 'limo_description' in 'ros2_ws/src/limo_files/limo_ros2/limo_description'
[2.314s] INFO:colcon.colcon_core.package_selection:Skipping not selected package 'limo_msgs' in 'ros2_ws/src/limo_files/limo_ros2/limo_msgs'
[2.314s] INFO:colcon.colcon_core.package_selection:Skipping not selected package 'move_towards_object' in 'ros2_ws/src/move_towards_object'
[2.314s] INFO:colcon.colcon_core.package_selection:Skipping not selected package 'ros_components_description' in 'ros2_ws/src/limo_files/ros_components_description'
[2.315s] INFO:colcon.colcon_core.package_selection:Skipping not selected package 'tc_gazebo_plugins' in 'ros2_ws/src/limo_files/gazebo_plugins_ros_mod/tc_gazebo_plugins'
[2.315s] INFO:colcon.colcon_core.package_selection:Skipping not selected package 'vision_msgs' in 'ros2_ws/src/raw_test/vision_msgs/vision_msgs'
[2.315s] INFO:colcon.colcon_core.package_selection:Skipping not selected package 'limo_base' in 'ros2_ws/src/limo_files/limo_ros2/limo_base'
[2.315s] INFO:colcon.colcon_core.package_selection:Skipping not selected package 'openrobotics_darknet_ros' in 'ros2_ws/src/raw_test/openrobotics_darknet_ros'
[2.315s] INFO:colcon.colcon_core.package_selection:Skipping not selected package 'vision_msgs_rviz_plugins' in 'ros2_ws/src/raw_test/vision_msgs/vision_msgs_rviz_plugins'
[2.315s] INFO:colcon.colcon_core.package_selection:Skipping not selected package 'yolo_pointcloud_marker' in 'ros2_ws/src/raw_test/yolo_pointcloud_marker'
[2.324s] Level 5:colcon.colcon_core.verb:set package '3d_object_detection' build argument 'lookup_in_workspace' from command line to 'False'
[2.324s] Level 5:colcon.colcon_core.verb:set package '3d_object_detection' build argument 'cargo_args' from command line to 'None'
[2.324s] Level 5:colcon.colcon_core.verb:set package '3d_object_detection' build argument 'clean_build' from command line to 'False'
[2.324s] Level 5:colcon.colcon_core.verb:set package '3d_object_detection' build argument 'cmake_args' from command line to 'None'
[2.324s] Level 5:colcon.colcon_core.verb:set package '3d_object_detection' build argument 'cmake_target' from command line to 'None'
[2.324s] Level 5:colcon.colcon_core.verb:set package '3d_object_detection' build argument 'cmake_target_skip_unavailable' from command line to 'False'
[2.324s] Level 5:colcon.colcon_core.verb:set package '3d_object_detection' build argument 'cmake_clean_cache' from command line to 'False'
[2.324s] Level 5:colcon.colcon_core.verb:set package '3d_object_detection' build argument 'cmake_clean_first' from command line to 'False'
[2.324s] Level 5:colcon.colcon_core.verb:set package '3d_object_detection' build argument 'cmake_force_configure' from command line to 'False'
[2.324s] Level 5:colcon.colcon_core.verb:set package '3d_object_detection' build argument 'ament_cmake_args' from command line to 'None'
[2.325s] Level 5:colcon.colcon_core.verb:set package '3d_object_detection' build argument 'catkin_cmake_args' from command line to 'None'
[2.325s] Level 5:colcon.colcon_core.verb:set package '3d_object_detection' build argument 'catkin_skip_building_tests' from command line to 'False'
[2.325s] DEBUG:colcon.colcon_core.verb:Building package '3d_object_detection' with the following arguments: {'ament_cmake_args': None, 'build_base': '/home/user/build/3d_object_detection', 'cargo_args': None, 'catkin_cmake_args': None, 'catkin_skip_building_tests': False, 'clean_build': False, 'cmake_args': None, 'cmake_clean_cache': False, 'cmake_clean_first': False, 'cmake_force_configure': False, 'cmake_target': None, 'cmake_target_skip_unavailable': False, 'install_base': '/home/user/install/3d_object_detection', 'lookup_in_workspace': False, 'merge_install': False, 'path': '/home/user/ros2_ws/src/3d_object_detection', 'symlink_install': False, 'test_result_base': None}
[2.325s] INFO:colcon.colcon_core.executor:Executing jobs using 'parallel' executor
[2.332s] DEBUG:colcon.colcon_parallel_executor.executor.parallel:run_until_complete
[2.332s] INFO:colcon.colcon_ros.task.ament_python.build:Building ROS package in '/home/user/ros2_ws/src/3d_object_detection' with build type 'ament_python'
[2.332s] Level 1:colcon.colcon_core.shell:create_environment_hook('3d_object_detection', 'ament_prefix_path')
[2.341s] INFO:colcon.colcon_core.plugin_system:Skipping extension 'colcon_core.shell.bat': Not used on non-Windows systems
[2.341s] INFO:colcon.colcon_core.shell:Creating environment hook '/home/user/install/3d_object_detection/share/3d_object_detection/hook/ament_prefix_path.ps1'
[2.343s] INFO:colcon.colcon_core.shell:Creating environment descriptor '/home/user/install/3d_object_detection/share/3d_object_detection/hook/ament_prefix_path.dsv'
[2.343s] INFO:colcon.colcon_core.shell:Creating environment hook '/home/user/install/3d_object_detection/share/3d_object_detection/hook/ament_prefix_path.sh'
[2.348s] INFO:colcon.colcon_core.shell:Skip shell extension 'powershell' for command environment: Not usable outside of PowerShell
[2.348s] DEBUG:colcon.colcon_core.shell:Skip shell extension 'dsv' for command environment
[2.367s] WARNING:colcon.colcon_core.shell:The following packages are in the workspace but haven't been built:
- vision_msgs
They are being used from the following locations instead:
- /home/user/ros2_ws/install/vision_msgs
To suppress this warning ignore these packages in the workspace:
--packages-ignore vision_msgs
[4.842s] INFO:colcon.colcon_core.task.python.build:Building Python package in '/home/user/ros2_ws/src/3d_object_detection'
[4.842s] INFO:colcon.colcon_core.shell:Skip shell extension 'powershell' for command environment: Not usable outside of PowerShell
[4.842s] DEBUG:colcon.colcon_core.shell:Skip shell extension 'dsv' for command environment
[7.521s] DEBUG:colcon.colcon_core.event_handler.log_command:Invoking command in '/home/user/ros2_ws/src/3d_object_detection': PYTHONPATH=/home/user/build/3d_object_detection/prefix_override:/home/user/install/3d_object_detection/lib/python3.10/site-packages:${PYTHONPATH} _=/usr/bin/env /usr/bin/python3 -W ignore:setup.py install is deprecated setup.py egg_info --egg-base ../../../build/3d_object_detection build --build-base /home/user/build/3d_object_detection/build install --record /home/user/build/3d_object_detection/install.log --single-version-externally-managed install_data
[9.253s] DEBUG:colcon.colcon_core.event_handler.log_command:Invoked command in '/home/user/ros2_ws/src/3d_object_detection' returned '0': PYTHONPATH=/home/user/build/3d_object_detection/prefix_override:/home/user/install/3d_object_detection/lib/python3.10/site-packages:${PYTHONPATH} _=/usr/bin/env /usr/bin/python3 -W ignore:setup.py install is deprecated setup.py egg_info --egg-base ../../../build/3d_object_detection build --build-base /home/user/build/3d_object_detection/build install --record /home/user/build/3d_object_detection/install.log --single-version-externally-managed install_data
[9.260s] Level 1:colcon.colcon_core.environment:checking '/home/user/install/3d_object_detection' for CMake module files
[9.261s] Level 1:colcon.colcon_core.environment:checking '/home/user/install/3d_object_detection' for CMake config files
[9.262s] Level 1:colcon.colcon_core.environment:checking '/home/user/install/3d_object_detection/lib'
[9.262s] Level 1:colcon.colcon_core.environment:checking '/home/user/install/3d_object_detection/bin'
[9.262s] Level 1:colcon.colcon_core.environment:checking '/home/user/install/3d_object_detection/lib/pkgconfig/3d_object_detection.pc'
[9.262s] Level 1:colcon.colcon_core.environment:checking '/home/user/install/3d_object_detection/lib/python3.10/site-packages'
[9.262s] Level 1:colcon.colcon_core.shell:create_environment_hook('3d_object_detection', 'pythonpath')
[9.262s] INFO:colcon.colcon_core.shell:Creating environment hook '/home/user/install/3d_object_detection/share/3d_object_detection/hook/pythonpath.ps1'
[9.263s] INFO:colcon.colcon_core.shell:Creating environment descriptor '/home/user/install/3d_object_detection/share/3d_object_detection/hook/pythonpath.dsv'
[9.264s] INFO:colcon.colcon_core.shell:Creating environment hook '/home/user/install/3d_object_detection/share/3d_object_detection/hook/pythonpath.sh'
[9.265s] Level 1:colcon.colcon_core.environment:checking '/home/user/install/3d_object_detection/bin'
[9.265s] Level 1:colcon.colcon_core.environment:create_environment_scripts_only(3d_object_detection)
[9.265s] INFO:colcon.colcon_core.shell:Creating package script '/home/user/install/3d_object_detection/share/3d_object_detection/package.ps1'
[9.266s] INFO:colcon.colcon_core.shell:Creating package descriptor '/home/user/install/3d_object_detection/share/3d_object_detection/package.dsv'
[9.267s] INFO:colcon.colcon_core.shell:Creating package script '/home/user/install/3d_object_detection/share/3d_object_detection/package.sh'
[9.276s] INFO:colcon.colcon_core.shell:Creating package script '/home/user/install/3d_object_detection/share/3d_object_detection/package.bash'
[9.277s] INFO:colcon.colcon_core.shell:Creating package script '/home/user/install/3d_object_detection/share/3d_object_detection/package.zsh'
[9.278s] Level 1:colcon.colcon_core.environment:create_file_with_runtime_dependencies(/home/user/install/3d_object_detection/share/colcon-core/packages/3d_object_detection)
[9.285s] DEBUG:colcon.colcon_parallel_executor.executor.parallel:closing loop
[9.285s] DEBUG:colcon.colcon_parallel_executor.executor.parallel:loop closed
[9.285s] DEBUG:colcon.colcon_parallel_executor.executor.parallel:run_until_complete finished with '0'
[9.285s] DEBUG:colcon.colcon_core.event_reactor:joining thread
[9.304s] INFO:colcon.colcon_core.plugin_system:Skipping extension 'colcon_notification.desktop_notification.notify_send': Could not find 'notify-send'
[9.304s] INFO:colcon.colcon_core.plugin_system:Skipping extension 'colcon_notification.desktop_notification.terminal_notifier': Not used on non-Darwin systems
[9.304s] INFO:colcon.colcon_core.plugin_system:Skipping extension 'colcon_notification.desktop_notification.win32': Not used on non-Windows systems
[9.304s] INFO:colcon.colcon_notification.desktop_notification:Sending desktop notification using 'notify2'
[9.307s] DEBUG:colcon.colcon_notification.desktop_notification.notify2:Failed to initialize notify2: org.freedesktop.DBus.Error.Spawn.ExecFailed: /usr/bin/dbus-launch terminated abnormally without any error message
[9.307s] DEBUG:colcon.colcon_core.event_reactor:joined thread
[9.308s] INFO:colcon.colcon_core.shell:Creating prefix script '/home/user/install/local_setup.ps1'
[9.309s] INFO:colcon.colcon_core.shell:Creating prefix util module '/home/user/install/_local_setup_util_ps1.py'
[9.317s] INFO:colcon.colcon_core.shell:Creating prefix chain script '/home/user/install/setup.ps1'
[9.323s] INFO:colcon.colcon_core.shell:Creating prefix script '/home/user/install/local_setup.sh'
[9.324s] INFO:colcon.colcon_core.shell:Creating prefix util module '/home/user/install/_local_setup_util_sh.py'
[9.324s] INFO:colcon.colcon_core.shell:Creating prefix chain script '/home/user/install/setup.sh'
[9.329s] INFO:colcon.colcon_core.shell:Creating prefix script '/home/user/install/local_setup.bash'
[9.330s] INFO:colcon.colcon_core.shell:Creating prefix chain script '/home/user/install/setup.bash'
[9.339s] INFO:colcon.colcon_core.shell:Creating prefix script '/home/user/install/local_setup.zsh'
[9.340s] INFO:colcon.colcon_core.shell:Creating prefix chain script '/home/user/install/setup.zsh'
