[3.206s] Invoking command in '/home/user/ros2_ws/src/move_towards_object': PYTHONPATH=/home/user/build/move_towards_object/prefix_override:/home/user/install/move_towards_object/lib/python3.10/site-packages:${PYTHONPATH} _=/usr/bin/env /usr/bin/python3 -W ignore:setup.py install is deprecated setup.py egg_info --egg-base ../../../build/move_towards_object build --build-base /home/user/build/move_towards_object/build install --record /home/user/build/move_towards_object/install.log --single-version-externally-managed install_data
[4.799s] running egg_info
[4.801s] writing ../../../build/move_towards_object/move_towards_object.egg-info/PKG-INFO
[4.801s] writing dependency_links to ../../../build/move_towards_object/move_towards_object.egg-info/dependency_links.txt
[4.802s] writing entry points to ../../../build/move_towards_object/move_towards_object.egg-info/entry_points.txt
[4.802s] writing requirements to ../../../build/move_towards_object/move_towards_object.egg-info/requires.txt
[4.803s] writing top-level names to ../../../build/move_towards_object/move_towards_object.egg-info/top_level.txt
[4.806s] reading manifest file '../../../build/move_towards_object/move_towards_object.egg-info/SOURCES.txt'
[4.808s] writing manifest file '../../../build/move_towards_object/move_towards_object.egg-info/SOURCES.txt'
[4.809s] running build
[4.809s] running build_py
[4.810s] copying move_towards_object/q_learning_agent.py -> /home/user/build/move_towards_object/build/lib/move_towards_object
[4.810s] copying move_towards_object/move_towards_object_node.py -> /home/user/build/move_towards_object/build/lib/move_towards_object
[4.811s] running install
[4.812s] running install_lib
[4.813s] copying /home/user/build/move_towards_object/build/lib/move_towards_object/q_learning_agent.py -> /home/user/install/move_towards_object/lib/python3.10/site-packages/move_towards_object
[4.813s] copying /home/user/build/move_towards_object/build/lib/move_towards_object/move_towards_object_node.py -> /home/user/install/move_towards_object/lib/python3.10/site-packages/move_towards_object
[4.815s] byte-compiling /home/user/install/move_towards_object/lib/python3.10/site-packages/move_towards_object/q_learning_agent.py to q_learning_agent.cpython-310.pyc
[4.817s] byte-compiling /home/user/install/move_towards_object/lib/python3.10/site-packages/move_towards_object/move_towards_object_node.py to move_towards_object_node.cpython-310.pyc
[4.820s] running install_data
[4.820s] running install_egg_info
[4.822s] removing '/home/user/install/move_towards_object/lib/python3.10/site-packages/move_towards_object-0.0.0-py3.10.egg-info' (and everything under it)
[4.823s] Copying ../../../build/move_towards_object/move_towards_object.egg-info to /home/user/install/move_towards_object/lib/python3.10/site-packages/move_towards_object-0.0.0-py3.10.egg-info
[4.825s] running install_scripts
[4.908s] Installing move_towards_object_node script to /home/user/install/move_towards_object/lib/move_towards_object
[4.909s] writing list of installed files to '/home/user/build/move_towards_object/install.log'
[5.034s] Invoked command in '/home/user/ros2_ws/src/move_towards_object' returned '0': PYTHONPATH=/home/user/build/move_towards_object/prefix_override:/home/user/install/move_towards_object/lib/python3.10/site-packages:${PYTHONPATH} _=/usr/bin/env /usr/bin/python3 -W ignore:setup.py install is deprecated setup.py egg_info --egg-base ../../../build/move_towards_object build --build-base /home/user/build/move_towards_object/build install --record /home/user/build/move_towards_object/install.log --single-version-externally-managed install_data
