[3.378s] Invoking command in '/home/user/ros2_ws/src/move_towards_object': PYTHONPATH=/home/user/build/move_towards_object/prefix_override:/home/user/install/move_towards_object/lib/python3.10/site-packages:${PYTHONPATH} _=/usr/bin/env /usr/bin/python3 -W ignore:setup.py install is deprecated setup.py egg_info --egg-base ../../../build/move_towards_object build --build-base /home/user/build/move_towards_object/build install --record /home/user/build/move_towards_object/install.log --single-version-externally-managed install_data
[4.811s] running egg_info
[4.812s] writing ../../../build/move_towards_object/move_towards_object.egg-info/PKG-INFO
[4.812s] writing dependency_links to ../../../build/move_towards_object/move_towards_object.egg-info/dependency_links.txt
[4.813s] writing entry points to ../../../build/move_towards_object/move_towards_object.egg-info/entry_points.txt
[4.813s] writing requirements to ../../../build/move_towards_object/move_towards_object.egg-info/requires.txt
[4.813s] writing top-level names to ../../../build/move_towards_object/move_towards_object.egg-info/top_level.txt
[4.816s] reading manifest file '../../../build/move_towards_object/move_towards_object.egg-info/SOURCES.txt'
[4.818s] writing manifest file '../../../build/move_towards_object/move_towards_object.egg-info/SOURCES.txt'
[4.818s] running build
[4.819s] running build_py
[4.820s] copying move_towards_object/move_towards_object_node.py -> /home/user/build/move_towards_object/build/lib/move_towards_object
[4.820s] running install
[4.871s] running install_lib
[4.871s] copying /home/user/build/move_towards_object/build/lib/move_towards_object/move_towards_object_node.py -> /home/user/install/move_towards_object/lib/python3.10/site-packages/move_towards_object
[4.871s] byte-compiling /home/user/install/move_towards_object/lib/python3.10/site-packages/move_towards_object/move_towards_object_node.py to move_towards_object_node.cpython-310.pyc
[4.871s] running install_data
[4.871s] running install_egg_info
[4.872s] removing '/home/user/install/move_towards_object/lib/python3.10/site-packages/move_towards_object-0.0.0-py3.10.egg-info' (and everything under it)
[4.872s] Copying ../../../build/move_towards_object/move_towards_object.egg-info to /home/user/install/move_towards_object/lib/python3.10/site-packages/move_towards_object-0.0.0-py3.10.egg-info
[4.873s] running install_scripts
[4.906s] Installing move_towards_object_node script to /home/user/install/move_towards_object/lib/move_towards_object
[4.906s] writing list of installed files to '/home/user/build/move_towards_object/install.log'
[4.987s] Invoked command in '/home/user/ros2_ws/src/move_towards_object' returned '0': PYTHONPATH=/home/user/build/move_towards_object/prefix_override:/home/user/install/move_towards_object/lib/python3.10/site-packages:${PYTHONPATH} _=/usr/bin/env /usr/bin/python3 -W ignore:setup.py install is deprecated setup.py egg_info --egg-base ../../../build/move_towards_object build --build-base /home/user/build/move_towards_object/build install --record /home/user/build/move_towards_object/install.log --single-version-externally-managed install_data
