[5.307s] Invoking command in '/home/user/ros2_ws/src/move_towards_object': PYTHONPATH=/home/user/build/move_towards_object/prefix_override:/home/user/install/move_towards_object/lib/python3.10/site-packages:${PYTHONPATH} _=/usr/bin/env /usr/bin/python3 -W ignore:setup.py install is deprecated setup.py egg_info --egg-base ../../../build/move_towards_object build --build-base /home/user/build/move_towards_object/build install --record /home/user/build/move_towards_object/install.log --single-version-externally-managed install_data
[7.436s] running egg_info
[7.440s] writing ../../../build/move_towards_object/move_towards_object.egg-info/PKG-INFO
[7.441s] writing dependency_links to ../../../build/move_towards_object/move_towards_object.egg-info/dependency_links.txt
[7.441s] writing entry points to ../../../build/move_towards_object/move_towards_object.egg-info/entry_points.txt
[7.442s] writing requirements to ../../../build/move_towards_object/move_towards_object.egg-info/requires.txt
[7.442s] writing top-level names to ../../../build/move_towards_object/move_towards_object.egg-info/top_level.txt
[7.445s] reading manifest file '../../../build/move_towards_object/move_towards_object.egg-info/SOURCES.txt'
[7.446s] writing manifest file '../../../build/move_towards_object/move_towards_object.egg-info/SOURCES.txt'
[7.446s] running build
[7.446s] running build_py
[7.448s] running install
[7.448s] running install_lib
[7.451s] running install_data
[7.451s] running install_egg_info
[7.457s] removing '/home/user/install/move_towards_object/lib/python3.10/site-packages/move_towards_object-0.0.0-py3.10.egg-info' (and everything under it)
[7.458s] Copying ../../../build/move_towards_object/move_towards_object.egg-info to /home/user/install/move_towards_object/lib/python3.10/site-packages/move_towards_object-0.0.0-py3.10.egg-info
[7.459s] running install_scripts
[7.568s] Installing move_towards_object_node script to /home/user/install/move_towards_object/lib/move_towards_object
[7.569s] writing list of installed files to '/home/user/build/move_towards_object/install.log'
[7.651s] Invoked command in '/home/user/ros2_ws/src/move_towards_object' returned '0': PYTHONPATH=/home/user/build/move_towards_object/prefix_override:/home/user/install/move_towards_object/lib/python3.10/site-packages:${PYTHONPATH} _=/usr/bin/env /usr/bin/python3 -W ignore:setup.py install is deprecated setup.py egg_info --egg-base ../../../build/move_towards_object build --build-base /home/user/build/move_towards_object/build install --record /home/user/build/move_towards_object/install.log --single-version-externally-managed install_data
