[3.475s] Invoking command in '/home/user/ros2_ws/src/move_towards_object': PYTHONPATH=/home/user/build/move_towards_object/prefix_override:/home/user/install/move_towards_object/lib/python3.10/site-packages:${PYTHONPATH} _=/usr/bin/env /usr/bin/python3 -W ignore:setup.py install is deprecated setup.py egg_info --egg-base ../../../build/move_towards_object build --build-base /home/user/build/move_towards_object/build install --record /home/user/build/move_towards_object/install.log --single-version-externally-managed install_data
[4.512s] running egg_info
[4.513s] writing ../../../build/move_towards_object/move_towards_object.egg-info/PKG-INFO
[4.514s] writing dependency_links to ../../../build/move_towards_object/move_towards_object.egg-info/dependency_links.txt
[4.514s] writing entry points to ../../../build/move_towards_object/move_towards_object.egg-info/entry_points.txt
[4.514s] writing requirements to ../../../build/move_towards_object/move_towards_object.egg-info/requires.txt
[4.515s] writing top-level names to ../../../build/move_towards_object/move_towards_object.egg-info/top_level.txt
[4.517s] reading manifest file '../../../build/move_towards_object/move_towards_object.egg-info/SOURCES.txt'
[4.569s] writing manifest file '../../../build/move_towards_object/move_towards_object.egg-info/SOURCES.txt'
[4.569s] running build
[4.569s] running build_py
[4.569s] running install
[4.569s] running install_lib
[4.570s] running install_data
[4.570s] running install_egg_info
[4.574s] removing '/home/user/install/move_towards_object/lib/python3.10/site-packages/move_towards_object-0.0.0-py3.10.egg-info' (and everything under it)
[4.575s] Copying ../../../build/move_towards_object/move_towards_object.egg-info to /home/user/install/move_towards_object/lib/python3.10/site-packages/move_towards_object-0.0.0-py3.10.egg-info
[4.577s] running install_scripts
[4.678s] Installing move_towards_object_node script to /home/user/install/move_towards_object/lib/move_towards_object
[4.681s] writing list of installed files to '/home/user/build/move_towards_object/install.log'
[4.792s] Invoked command in '/home/user/ros2_ws/src/move_towards_object' returned '0': PYTHONPATH=/home/user/build/move_towards_object/prefix_override:/home/user/install/move_towards_object/lib/python3.10/site-packages:${PYTHONPATH} _=/usr/bin/env /usr/bin/python3 -W ignore:setup.py install is deprecated setup.py egg_info --egg-base ../../../build/move_towards_object build --build-base /home/user/build/move_towards_object/build install --record /home/user/build/move_towards_object/install.log --single-version-externally-managed install_data
