[2.800s] Invoking command in '/home/user/ros2_ws/src/3d_object_detection': PYTHONPATH=/home/user/build/3d_object_detection/prefix_override:/home/user/install/3d_object_detection/lib/python3.10/site-packages:${PYTHONPATH} _=/usr/bin/env /usr/bin/python3 -W ignore:setup.py install is deprecated setup.py egg_info --egg-base ../../../build/3d_object_detection build --build-base /home/user/build/3d_object_detection/build install --record /home/user/build/3d_object_detection/install.log --single-version-externally-managed install_data
[5.083s] running egg_info
[5.086s] writing ../../../build/3d_object_detection/3d_object_detection.egg-info/PKG-INFO
[5.090s] writing dependency_links to ../../../build/3d_object_detection/3d_object_detection.egg-info/dependency_links.txt
[5.091s] writing entry points to ../../../build/3d_object_detection/3d_object_detection.egg-info/entry_points.txt
[5.093s] writing requirements to ../../../build/3d_object_detection/3d_object_detection.egg-info/requires.txt
[5.093s] writing top-level names to ../../../build/3d_object_detection/3d_object_detection.egg-info/top_level.txt
[5.106s] reading manifest file '../../../build/3d_object_detection/3d_object_detection.egg-info/SOURCES.txt'
[5.120s] writing manifest file '../../../build/3d_object_detection/3d_object_detection.egg-info/SOURCES.txt'
[5.126s] running build
[5.126s] running build_py
[5.127s] running install
[5.128s] running install_lib
[5.129s] running install_data
[5.130s] running install_egg_info
[5.148s] removing '/home/user/install/3d_object_detection/lib/python3.10/site-packages/3d_object_detection-0.0.0-py3.10.egg-info' (and everything under it)
[5.155s] Copying ../../../build/3d_object_detection/3d_object_detection.egg-info to /home/user/install/3d_object_detection/lib/python3.10/site-packages/3d_object_detection-0.0.0-py3.10.egg-info
[5.164s] running install_scripts
[5.338s] Installing 3d_object_detection_node script to /home/user/install/3d_object_detection/lib/3d_object_detection
[5.342s] writing list of installed files to '/home/user/build/3d_object_detection/install.log'
[5.467s] Invoked command in '/home/user/ros2_ws/src/3d_object_detection' returned '0': PYTHONPATH=/home/user/build/3d_object_detection/prefix_override:/home/user/install/3d_object_detection/lib/python3.10/site-packages:${PYTHONPATH} _=/usr/bin/env /usr/bin/python3 -W ignore:setup.py install is deprecated setup.py egg_info --egg-base ../../../build/3d_object_detection build --build-base /home/user/build/3d_object_detection/build install --record /home/user/build/3d_object_detection/install.log --single-version-externally-managed install_data
