[1.242s] DEBUG:colcon:Command line arguments: ['/usr/bin/colcon', 'build', '--packages-select', 'move_towards_object']
[1.242s] DEBUG:colcon:Parsed command line arguments: Namespace(log_base=None, log_level=None, verb_name='build', build_base='build', install_base='install', merge_install=False, symlink_install=False, test_result_base=None, continue_on_error=False, executor='parallel', parallel_workers=4, event_handlers=None, ignore_user_meta=False, metas=['./colcon.meta'], base_paths=['.'], packages_ignore=None, packages_ignore_regex=None, paths=None, packages_up_to=None, packages_up_to_regex=None, packages_above=None, packages_above_and_dependencies=None, packages_above_depth=None, packages_select_by_dep=None, packages_skip_by_dep=None, packages_skip_up_to=None, packages_select_build_failed=False, packages_skip_build_finished=False, packages_select_test_failures=False, packages_skip_test_passed=False, packages_select=['move_towards_object'], packages_skip=None, packages_select_regex=None, packages_skip_regex=None, packages_start=None, packages_end=None, lookup_in_workspace=False, cargo_args=None, clean_build=False, cmake_args=None, cmake_target=None, cmake_target_skip_unavailable=False, cmake_clean_cache=False, cmake_clean_first=False, cmake_force_configure=False, ament_cmake_args=None, catkin_cmake_args=None, catkin_skip_building_tests=False, mixin_files=None, mixin=None, verb_parser=<colcon_mixin.mixin.mixin_argument.MixinArgumentDecorator object at 0x7f7fba74a680>, verb_extension=<colcon_core.verb.build.BuildVerb object at 0x7f7fba749b10>, main=<bound method BuildVerb.main of <colcon_core.verb.build.BuildVerb object at 0x7f7fba749b10>>, mixin_verb=('build',))
[2.483s] Level 1:colcon.colcon_core.package_discovery:discover_packages(colcon_meta) check parameters
[2.483s] Level 1:colcon.colcon_core.package_discovery:discover_packages(recursive) check parameters
[2.483s] Level 1:colcon.colcon_core.package_discovery:discover_packages(ignore) check parameters
[2.483s] Level 1:colcon.colcon_core.package_discovery:discover_packages(path) check parameters
[2.484s] Level 1:colcon.colcon_core.package_discovery:discover_packages(colcon_meta) discover
[2.484s] Level 1:colcon.colcon_core.package_discovery:discover_packages(recursive) discover
[2.484s] INFO:colcon.colcon_core.package_discovery:Crawling recursively for packages in '/home/user'
[2.484s] Level 1:colcon.colcon_core.package_identification:_identify(.) by extensions ['ignore', 'ignore_ament_install']
[2.484s] Level 1:colcon.colcon_core.package_identification:_identify(.) by extension 'ignore'
[2.484s] Level 1:colcon.colcon_core.package_identification:_identify(.) by extension 'ignore_ament_install'
[2.484s] Level 1:colcon.colcon_core.package_identification:_identify(.) by extensions ['colcon_pkg']
[2.484s] Level 1:colcon.colcon_core.package_identification:_identify(.) by extension 'colcon_pkg'
[2.486s] Level 1:colcon.colcon_core.package_identification:_identify(.) by extensions ['colcon_meta']
[2.486s] Level 1:colcon.colcon_core.package_identification:_identify(.) by extension 'colcon_meta'
[2.487s] Level 1:colcon.colcon_core.package_identification:_identify(.) by extensions ['ament_cargo']
[2.487s] Level 1:colcon.colcon_core.package_identification:_identify(.) by extension 'ament_cargo'
[2.487s] Level 1:colcon.colcon_core.package_identification:_identify(.) by extensions ['ros']
[2.487s] Level 1:colcon.colcon_core.package_identification:_identify(.) by extension 'ros'
[2.567s] Level 1:colcon.colcon_core.package_identification:_identify(.) by extensions ['cargo', 'cmake', 'python']
[2.569s] Level 1:colcon.colcon_core.package_identification:_identify(.) by extension 'cargo'
[2.574s] Level 1:colcon.colcon_core.package_identification:_identify(.) by extension 'cmake'
[2.575s] Level 1:colcon.colcon_core.package_identification:_identify(.) by extension 'python'
[2.575s] Level 1:colcon.colcon_core.package_identification:_identify(.) by extensions ['python_setup_py']
[2.576s] Level 1:colcon.colcon_core.package_identification:_identify(.) by extension 'python_setup_py'
[2.576s] Level 1:colcon.colcon_core.package_identification:_identify(build) by extensions ['ignore', 'ignore_ament_install']
[2.577s] Level 1:colcon.colcon_core.package_identification:_identify(build) by extension 'ignore'
[2.577s] Level 1:colcon.colcon_core.package_identification:_identify(build) ignored
[2.578s] Level 1:colcon.colcon_core.package_identification:_identify(darknet) by extensions ['ignore', 'ignore_ament_install']
[2.578s] Level 1:colcon.colcon_core.package_identification:_identify(darknet) by extension 'ignore'
[2.580s] Level 1:colcon.colcon_core.package_identification:_identify(darknet) by extension 'ignore_ament_install'
[2.580s] Level 1:colcon.colcon_core.package_identification:_identify(darknet) by extensions ['colcon_pkg']
[2.580s] Level 1:colcon.colcon_core.package_identification:_identify(darknet) by extension 'colcon_pkg'
[2.581s] Level 1:colcon.colcon_core.package_identification:_identify(darknet) by extensions ['colcon_meta']
[2.581s] Level 1:colcon.colcon_core.package_identification:_identify(darknet) by extension 'colcon_meta'
[2.581s] Level 1:colcon.colcon_core.package_identification:_identify(darknet) by extensions ['ament_cargo']
[2.581s] Level 1:colcon.colcon_core.package_identification:_identify(darknet) by extension 'ament_cargo'
[2.581s] Level 1:colcon.colcon_core.package_identification:_identify(darknet) by extensions ['ros']
[2.582s] Level 1:colcon.colcon_core.package_identification:_identify(darknet) by extension 'ros'
[2.594s] DEBUG:colcon.colcon_core.package_identification:Package 'darknet' with type 'ros.cmake' and name 'darknet'
[2.595s] Level 1:colcon.colcon_core.package_identification:_identify(install) by extensions ['ignore', 'ignore_ament_install']
[2.595s] Level 1:colcon.colcon_core.package_identification:_identify(install) by extension 'ignore'
[2.596s] Level 1:colcon.colcon_core.package_identification:_identify(install) ignored
[2.596s] Level 1:colcon.colcon_core.package_identification:_identify(log) by extensions ['ignore', 'ignore_ament_install']
[2.596s] Level 1:colcon.colcon_core.package_identification:_identify(log) by extension 'ignore'
[2.601s] Level 1:colcon.colcon_core.package_identification:_identify(log) ignored
[2.601s] Level 1:colcon.colcon_core.package_identification:_identify(notebook_ws) by extensions ['ignore', 'ignore_ament_install']
[2.602s] Level 1:colcon.colcon_core.package_identification:_identify(notebook_ws) by extension 'ignore'
[2.602s] Level 1:colcon.colcon_core.package_identification:_identify(notebook_ws) by extension 'ignore_ament_install'
[2.603s] Level 1:colcon.colcon_core.package_identification:_identify(notebook_ws) by extensions ['colcon_pkg']
[2.603s] Level 1:colcon.colcon_core.package_identification:_identify(notebook_ws) by extension 'colcon_pkg'
[2.603s] Level 1:colcon.colcon_core.package_identification:_identify(notebook_ws) by extensions ['colcon_meta']
[2.604s] Level 1:colcon.colcon_core.package_identification:_identify(notebook_ws) by extension 'colcon_meta'
[2.604s] Level 1:colcon.colcon_core.package_identification:_identify(notebook_ws) by extensions ['ament_cargo']
[2.604s] Level 1:colcon.colcon_core.package_identification:_identify(notebook_ws) by extension 'ament_cargo'
[2.604s] Level 1:colcon.colcon_core.package_identification:_identify(notebook_ws) by extensions ['ros']
[2.604s] Level 1:colcon.colcon_core.package_identification:_identify(notebook_ws) by extension 'ros'
[2.605s] Level 1:colcon.colcon_core.package_identification:_identify(notebook_ws) by extensions ['cargo', 'cmake', 'python']
[2.605s] Level 1:colcon.colcon_core.package_identification:_identify(notebook_ws) by extension 'cargo'
[2.605s] Level 1:colcon.colcon_core.package_identification:_identify(notebook_ws) by extension 'cmake'
[2.610s] Level 1:colcon.colcon_core.package_identification:_identify(notebook_ws) by extension 'python'
[2.611s] Level 1:colcon.colcon_core.package_identification:_identify(notebook_ws) by extensions ['python_setup_py']
[2.611s] Level 1:colcon.colcon_core.package_identification:_identify(notebook_ws) by extension 'python_setup_py'
[2.611s] Level 1:colcon.colcon_core.package_identification:_identify(notebook_ws/images) by extensions ['ignore', 'ignore_ament_install']
[2.612s] Level 1:colcon.colcon_core.package_identification:_identify(notebook_ws/images) by extension 'ignore'
[2.612s] Level 1:colcon.colcon_core.package_identification:_identify(notebook_ws/images) by extension 'ignore_ament_install'
[2.613s] Level 1:colcon.colcon_core.package_identification:_identify(notebook_ws/images) by extensions ['colcon_pkg']
[2.613s] Level 1:colcon.colcon_core.package_identification:_identify(notebook_ws/images) by extension 'colcon_pkg'
[2.613s] Level 1:colcon.colcon_core.package_identification:_identify(notebook_ws/images) by extensions ['colcon_meta']
[2.613s] Level 1:colcon.colcon_core.package_identification:_identify(notebook_ws/images) by extension 'colcon_meta'
[2.613s] Level 1:colcon.colcon_core.package_identification:_identify(notebook_ws/images) by extensions ['ament_cargo']
[2.613s] Level 1:colcon.colcon_core.package_identification:_identify(notebook_ws/images) by extension 'ament_cargo'
[2.614s] Level 1:colcon.colcon_core.package_identification:_identify(notebook_ws/images) by extensions ['ros']
[2.614s] Level 1:colcon.colcon_core.package_identification:_identify(notebook_ws/images) by extension 'ros'
[2.614s] Level 1:colcon.colcon_core.package_identification:_identify(notebook_ws/images) by extensions ['cargo', 'cmake', 'python']
[2.615s] Level 1:colcon.colcon_core.package_identification:_identify(notebook_ws/images) by extension 'cargo'
[2.615s] Level 1:colcon.colcon_core.package_identification:_identify(notebook_ws/images) by extension 'cmake'
[2.616s] Level 1:colcon.colcon_core.package_identification:_identify(notebook_ws/images) by extension 'python'
[2.616s] Level 1:colcon.colcon_core.package_identification:_identify(notebook_ws/images) by extensions ['python_setup_py']
[2.617s] Level 1:colcon.colcon_core.package_identification:_identify(notebook_ws/images) by extension 'python_setup_py'
[2.617s] Level 1:colcon.colcon_core.package_identification:_identify(ros2_ws) by extensions ['ignore', 'ignore_ament_install']
[2.617s] Level 1:colcon.colcon_core.package_identification:_identify(ros2_ws) by extension 'ignore'
[2.617s] Level 1:colcon.colcon_core.package_identification:_identify(ros2_ws) by extension 'ignore_ament_install'
[2.618s] Level 1:colcon.colcon_core.package_identification:_identify(ros2_ws) by extensions ['colcon_pkg']
[2.618s] Level 1:colcon.colcon_core.package_identification:_identify(ros2_ws) by extension 'colcon_pkg'
[2.619s] Level 1:colcon.colcon_core.package_identification:_identify(ros2_ws) by extensions ['colcon_meta']
[2.619s] Level 1:colcon.colcon_core.package_identification:_identify(ros2_ws) by extension 'colcon_meta'
[2.619s] Level 1:colcon.colcon_core.package_identification:_identify(ros2_ws) by extensions ['ament_cargo']
[2.619s] Level 1:colcon.colcon_core.package_identification:_identify(ros2_ws) by extension 'ament_cargo'
[2.619s] Level 1:colcon.colcon_core.package_identification:_identify(ros2_ws) by extensions ['ros']
[2.619s] Level 1:colcon.colcon_core.package_identification:_identify(ros2_ws) by extension 'ros'
[2.620s] Level 1:colcon.colcon_core.package_identification:_identify(ros2_ws) by extensions ['cargo', 'cmake', 'python']
[2.620s] Level 1:colcon.colcon_core.package_identification:_identify(ros2_ws) by extension 'cargo'
[2.620s] Level 1:colcon.colcon_core.package_identification:_identify(ros2_ws) by extension 'cmake'
[2.620s] Level 1:colcon.colcon_core.package_identification:_identify(ros2_ws) by extension 'python'
[2.620s] Level 1:colcon.colcon_core.package_identification:_identify(ros2_ws) by extensions ['python_setup_py']
[2.620s] Level 1:colcon.colcon_core.package_identification:_identify(ros2_ws) by extension 'python_setup_py'
[2.621s] Level 1:colcon.colcon_core.package_identification:_identify(ros2_ws/build) by extensions ['ignore', 'ignore_ament_install']
[2.621s] Level 1:colcon.colcon_core.package_identification:_identify(ros2_ws/build) by extension 'ignore'
[2.621s] Level 1:colcon.colcon_core.package_identification:_identify(ros2_ws/build) ignored
[2.622s] Level 1:colcon.colcon_core.package_identification:_identify(ros2_ws/install) by extensions ['ignore', 'ignore_ament_install']
[2.622s] Level 1:colcon.colcon_core.package_identification:_identify(ros2_ws/install) by extension 'ignore'
[2.622s] Level 1:colcon.colcon_core.package_identification:_identify(ros2_ws/install) ignored
[2.623s] Level 1:colcon.colcon_core.package_identification:_identify(ros2_ws/log) by extensions ['ignore', 'ignore_ament_install']
[2.623s] Level 1:colcon.colcon_core.package_identification:_identify(ros2_ws/log) by extension 'ignore'
[2.623s] Level 1:colcon.colcon_core.package_identification:_identify(ros2_ws/log) ignored
[2.624s] Level 1:colcon.colcon_core.package_identification:_identify(ros2_ws/src) by extensions ['ignore', 'ignore_ament_install']
[2.624s] Level 1:colcon.colcon_core.package_identification:_identify(ros2_ws/src) by extension 'ignore'
[2.624s] Level 1:colcon.colcon_core.package_identification:_identify(ros2_ws/src) by extension 'ignore_ament_install'
[2.624s] Level 1:colcon.colcon_core.package_identification:_identify(ros2_ws/src) by extensions ['colcon_pkg']
[2.624s] Level 1:colcon.colcon_core.package_identification:_identify(ros2_ws/src) by extension 'colcon_pkg'
[2.624s] Level 1:colcon.colcon_core.package_identification:_identify(ros2_ws/src) by extensions ['colcon_meta']
[2.624s] Level 1:colcon.colcon_core.package_identification:_identify(ros2_ws/src) by extension 'colcon_meta'
[2.625s] Level 1:colcon.colcon_core.package_identification:_identify(ros2_ws/src) by extensions ['ament_cargo']
[2.625s] Level 1:colcon.colcon_core.package_identification:_identify(ros2_ws/src) by extension 'ament_cargo'
[2.625s] Level 1:colcon.colcon_core.package_identification:_identify(ros2_ws/src) by extensions ['ros']
[2.625s] Level 1:colcon.colcon_core.package_identification:_identify(ros2_ws/src) by extension 'ros'
[2.625s] Level 1:colcon.colcon_core.package_identification:_identify(ros2_ws/src) by extensions ['cargo', 'cmake', 'python']
[2.626s] Level 1:colcon.colcon_core.package_identification:_identify(ros2_ws/src) by extension 'cargo'
[2.626s] Level 1:colcon.colcon_core.package_identification:_identify(ros2_ws/src) by extension 'cmake'
[2.626s] Level 1:colcon.colcon_core.package_identification:_identify(ros2_ws/src) by extension 'python'
[2.626s] Level 1:colcon.colcon_core.package_identification:_identify(ros2_ws/src) by extensions ['python_setup_py']
[2.626s] Level 1:colcon.colcon_core.package_identification:_identify(ros2_ws/src) by extension 'python_setup_py'
[2.627s] Level 1:colcon.colcon_core.package_identification:_identify(ros2_ws/src/3d_object_detection) by extensions ['ignore', 'ignore_ament_install']
[2.627s] Level 1:colcon.colcon_core.package_identification:_identify(ros2_ws/src/3d_object_detection) by extension 'ignore'
[2.627s] Level 1:colcon.colcon_core.package_identification:_identify(ros2_ws/src/3d_object_detection) by extension 'ignore_ament_install'
[2.628s] Level 1:colcon.colcon_core.package_identification:_identify(ros2_ws/src/3d_object_detection) by extensions ['colcon_pkg']
[2.628s] Level 1:colcon.colcon_core.package_identification:_identify(ros2_ws/src/3d_object_detection) by extension 'colcon_pkg'
[2.628s] Level 1:colcon.colcon_core.package_identification:_identify(ros2_ws/src/3d_object_detection) by extensions ['colcon_meta']
[2.628s] Level 1:colcon.colcon_core.package_identification:_identify(ros2_ws/src/3d_object_detection) by extension 'colcon_meta'
[2.628s] Level 1:colcon.colcon_core.package_identification:_identify(ros2_ws/src/3d_object_detection) by extensions ['ament_cargo']
[2.629s] Level 1:colcon.colcon_core.package_identification:_identify(ros2_ws/src/3d_object_detection) by extension 'ament_cargo'
[2.629s] Level 1:colcon.colcon_core.package_identification:_identify(ros2_ws/src/3d_object_detection) by extensions ['ros']
[2.629s] Level 1:colcon.colcon_core.package_identification:_identify(ros2_ws/src/3d_object_detection) by extension 'ros'
[2.631s] DEBUG:colcon.colcon_core.package_identification:Package 'ros2_ws/src/3d_object_detection' with type 'ros.ament_python' and name '3d_object_detection'
[2.631s] Level 1:colcon.colcon_core.package_identification:_identify(ros2_ws/src/limo_files) by extensions ['ignore', 'ignore_ament_install']
[2.632s] Level 1:colcon.colcon_core.package_identification:_identify(ros2_ws/src/limo_files) by extension 'ignore'
[2.632s] Level 1:colcon.colcon_core.package_identification:_identify(ros2_ws/src/limo_files) by extension 'ignore_ament_install'
[2.632s] Level 1:colcon.colcon_core.package_identification:_identify(ros2_ws/src/limo_files) by extensions ['colcon_pkg']
[2.632s] Level 1:colcon.colcon_core.package_identification:_identify(ros2_ws/src/limo_files) by extension 'colcon_pkg'
[2.632s] Level 1:colcon.colcon_core.package_identification:_identify(ros2_ws/src/limo_files) by extensions ['colcon_meta']
[2.633s] Level 1:colcon.colcon_core.package_identification:_identify(ros2_ws/src/limo_files) by extension 'colcon_meta'
[2.633s] Level 1:colcon.colcon_core.package_identification:_identify(ros2_ws/src/limo_files) by extensions ['ament_cargo']
[2.633s] Level 1:colcon.colcon_core.package_identification:_identify(ros2_ws/src/limo_files) by extension 'ament_cargo'
[2.634s] Level 1:colcon.colcon_core.package_identification:_identify(ros2_ws/src/limo_files) by extensions ['ros']
[2.634s] Level 1:colcon.colcon_core.package_identification:_identify(ros2_ws/src/limo_files) by extension 'ros'
[2.635s] Level 1:colcon.colcon_core.package_identification:_identify(ros2_ws/src/limo_files) by extensions ['cargo', 'cmake', 'python']
[2.635s] Level 1:colcon.colcon_core.package_identification:_identify(ros2_ws/src/limo_files) by extension 'cargo'
[2.635s] Level 1:colcon.colcon_core.package_identification:_identify(ros2_ws/src/limo_files) by extension 'cmake'
[2.635s] Level 1:colcon.colcon_core.package_identification:_identify(ros2_ws/src/limo_files) by extension 'python'
[2.636s] Level 1:colcon.colcon_core.package_identification:_identify(ros2_ws/src/limo_files) by extensions ['python_setup_py']
[2.636s] Level 1:colcon.colcon_core.package_identification:_identify(ros2_ws/src/limo_files) by extension 'python_setup_py'
[2.636s] Level 1:colcon.colcon_core.package_identification:_identify(ros2_ws/src/limo_files/gazebo_plugins_ros_mod) by extensions ['ignore', 'ignore_ament_install']
[2.637s] Level 1:colcon.colcon_core.package_identification:_identify(ros2_ws/src/limo_files/gazebo_plugins_ros_mod) by extension 'ignore'
[2.637s] Level 1:colcon.colcon_core.package_identification:_identify(ros2_ws/src/limo_files/gazebo_plugins_ros_mod) by extension 'ignore_ament_install'
[2.638s] Level 1:colcon.colcon_core.package_identification:_identify(ros2_ws/src/limo_files/gazebo_plugins_ros_mod) by extensions ['colcon_pkg']
[2.639s] Level 1:colcon.colcon_core.package_identification:_identify(ros2_ws/src/limo_files/gazebo_plugins_ros_mod) by extension 'colcon_pkg'
[2.639s] Level 1:colcon.colcon_core.package_identification:_identify(ros2_ws/src/limo_files/gazebo_plugins_ros_mod) by extensions ['colcon_meta']
[2.639s] Level 1:colcon.colcon_core.package_identification:_identify(ros2_ws/src/limo_files/gazebo_plugins_ros_mod) by extension 'colcon_meta'
[2.640s] Level 1:colcon.colcon_core.package_identification:_identify(ros2_ws/src/limo_files/gazebo_plugins_ros_mod) by extensions ['ament_cargo']
[2.640s] Level 1:colcon.colcon_core.package_identification:_identify(ros2_ws/src/limo_files/gazebo_plugins_ros_mod) by extension 'ament_cargo'
[2.640s] Level 1:colcon.colcon_core.package_identification:_identify(ros2_ws/src/limo_files/gazebo_plugins_ros_mod) by extensions ['ros']
[2.640s] Level 1:colcon.colcon_core.package_identification:_identify(ros2_ws/src/limo_files/gazebo_plugins_ros_mod) by extension 'ros'
[2.643s] Level 1:colcon.colcon_core.package_identification:_identify(ros2_ws/src/limo_files/gazebo_plugins_ros_mod) by extensions ['cargo', 'cmake', 'python']
[2.646s] Level 1:colcon.colcon_core.package_identification:_identify(ros2_ws/src/limo_files/gazebo_plugins_ros_mod) by extension 'cargo'
[2.646s] Level 1:colcon.colcon_core.package_identification:_identify(ros2_ws/src/limo_files/gazebo_plugins_ros_mod) by extension 'cmake'
[2.646s] Level 1:colcon.colcon_core.package_identification:_identify(ros2_ws/src/limo_files/gazebo_plugins_ros_mod) by extension 'python'
[2.647s] Level 1:colcon.colcon_core.package_identification:_identify(ros2_ws/src/limo_files/gazebo_plugins_ros_mod) by extensions ['python_setup_py']
[2.647s] Level 1:colcon.colcon_core.package_identification:_identify(ros2_ws/src/limo_files/gazebo_plugins_ros_mod) by extension 'python_setup_py'
[2.648s] Level 1:colcon.colcon_core.package_identification:_identify(ros2_ws/src/limo_files/gazebo_plugins_ros_mod/tc_gazebo_plugins) by extensions ['ignore', 'ignore_ament_install']
[2.653s] Level 1:colcon.colcon_core.package_identification:_identify(ros2_ws/src/limo_files/gazebo_plugins_ros_mod/tc_gazebo_plugins) by extension 'ignore'
[2.654s] Level 1:colcon.colcon_core.package_identification:_identify(ros2_ws/src/limo_files/gazebo_plugins_ros_mod/tc_gazebo_plugins) by extension 'ignore_ament_install'
[2.654s] Level 1:colcon.colcon_core.package_identification:_identify(ros2_ws/src/limo_files/gazebo_plugins_ros_mod/tc_gazebo_plugins) by extensions ['colcon_pkg']
[2.654s] Level 1:colcon.colcon_core.package_identification:_identify(ros2_ws/src/limo_files/gazebo_plugins_ros_mod/tc_gazebo_plugins) by extension 'colcon_pkg'
[2.654s] Level 1:colcon.colcon_core.package_identification:_identify(ros2_ws/src/limo_files/gazebo_plugins_ros_mod/tc_gazebo_plugins) by extensions ['colcon_meta']
[2.654s] Level 1:colcon.colcon_core.package_identification:_identify(ros2_ws/src/limo_files/gazebo_plugins_ros_mod/tc_gazebo_plugins) by extension 'colcon_meta'
[2.654s] Level 1:colcon.colcon_core.package_identification:_identify(ros2_ws/src/limo_files/gazebo_plugins_ros_mod/tc_gazebo_plugins) by extensions ['ament_cargo']
[2.655s] Level 1:colcon.colcon_core.package_identification:_identify(ros2_ws/src/limo_files/gazebo_plugins_ros_mod/tc_gazebo_plugins) by extension 'ament_cargo'
[2.655s] Level 1:colcon.colcon_core.package_identification:_identify(ros2_ws/src/limo_files/gazebo_plugins_ros_mod/tc_gazebo_plugins) by extensions ['ros']
[2.660s] Level 1:colcon.colcon_core.package_identification:_identify(ros2_ws/src/limo_files/gazebo_plugins_ros_mod/tc_gazebo_plugins) by extension 'ros'
[2.828s] DEBUG:colcon.colcon_core.package_identification:Package 'ros2_ws/src/limo_files/gazebo_plugins_ros_mod/tc_gazebo_plugins' with type 'ros.ament_cmake' and name 'tc_gazebo_plugins'
[2.829s] Level 1:colcon.colcon_core.package_identification:_identify(ros2_ws/src/limo_files/limo_ros2) by extensions ['ignore', 'ignore_ament_install']
[2.830s] Level 1:colcon.colcon_core.package_identification:_identify(ros2_ws/src/limo_files/limo_ros2) by extension 'ignore'
[2.831s] Level 1:colcon.colcon_core.package_identification:_identify(ros2_ws/src/limo_files/limo_ros2) by extension 'ignore_ament_install'
[2.831s] Level 1:colcon.colcon_core.package_identification:_identify(ros2_ws/src/limo_files/limo_ros2) by extensions ['colcon_pkg']
[2.831s] Level 1:colcon.colcon_core.package_identification:_identify(ros2_ws/src/limo_files/limo_ros2) by extension 'colcon_pkg'
[2.831s] Level 1:colcon.colcon_core.package_identification:_identify(ros2_ws/src/limo_files/limo_ros2) by extensions ['colcon_meta']
[2.831s] Level 1:colcon.colcon_core.package_identification:_identify(ros2_ws/src/limo_files/limo_ros2) by extension 'colcon_meta'
[2.832s] Level 1:colcon.colcon_core.package_identification:_identify(ros2_ws/src/limo_files/limo_ros2) by extensions ['ament_cargo']
[2.832s] Level 1:colcon.colcon_core.package_identification:_identify(ros2_ws/src/limo_files/limo_ros2) by extension 'ament_cargo'
[2.832s] Level 1:colcon.colcon_core.package_identification:_identify(ros2_ws/src/limo_files/limo_ros2) by extensions ['ros']
[2.833s] Level 1:colcon.colcon_core.package_identification:_identify(ros2_ws/src/limo_files/limo_ros2) by extension 'ros'
[2.833s] Level 1:colcon.colcon_core.package_identification:_identify(ros2_ws/src/limo_files/limo_ros2) by extensions ['cargo', 'cmake', 'python']
[2.834s] Level 1:colcon.colcon_core.package_identification:_identify(ros2_ws/src/limo_files/limo_ros2) by extension 'cargo'
[2.834s] Level 1:colcon.colcon_core.package_identification:_identify(ros2_ws/src/limo_files/limo_ros2) by extension 'cmake'
[2.834s] Level 1:colcon.colcon_core.package_identification:_identify(ros2_ws/src/limo_files/limo_ros2) by extension 'python'
[2.834s] Level 1:colcon.colcon_core.package_identification:_identify(ros2_ws/src/limo_files/limo_ros2) by extensions ['python_setup_py']
[2.835s] Level 1:colcon.colcon_core.package_identification:_identify(ros2_ws/src/limo_files/limo_ros2) by extension 'python_setup_py'
[2.835s] Level 1:colcon.colcon_core.package_identification:_identify(ros2_ws/src/limo_files/limo_ros2/limo_base) by extensions ['ignore', 'ignore_ament_install']
[2.835s] Level 1:colcon.colcon_core.package_identification:_identify(ros2_ws/src/limo_files/limo_ros2/limo_base) by extension 'ignore'
[2.835s] Level 1:colcon.colcon_core.package_identification:_identify(ros2_ws/src/limo_files/limo_ros2/limo_base) by extension 'ignore_ament_install'
[2.838s] Level 1:colcon.colcon_core.package_identification:_identify(ros2_ws/src/limo_files/limo_ros2/limo_base) by extensions ['colcon_pkg']
[2.838s] Level 1:colcon.colcon_core.package_identification:_identify(ros2_ws/src/limo_files/limo_ros2/limo_base) by extension 'colcon_pkg'
[2.838s] Level 1:colcon.colcon_core.package_identification:_identify(ros2_ws/src/limo_files/limo_ros2/limo_base) by extensions ['colcon_meta']
[2.838s] Level 1:colcon.colcon_core.package_identification:_identify(ros2_ws/src/limo_files/limo_ros2/limo_base) by extension 'colcon_meta'
[2.839s] Level 1:colcon.colcon_core.package_identification:_identify(ros2_ws/src/limo_files/limo_ros2/limo_base) by extensions ['ament_cargo']
[2.839s] Level 1:colcon.colcon_core.package_identification:_identify(ros2_ws/src/limo_files/limo_ros2/limo_base) by extension 'ament_cargo'
[2.841s] Level 1:colcon.colcon_core.package_identification:_identify(ros2_ws/src/limo_files/limo_ros2/limo_base) by extensions ['ros']
[2.841s] Level 1:colcon.colcon_core.package_identification:_identify(ros2_ws/src/limo_files/limo_ros2/limo_base) by extension 'ros'
[2.843s] DEBUG:colcon.colcon_core.package_identification:Package 'ros2_ws/src/limo_files/limo_ros2/limo_base' with type 'ros.ament_cmake' and name 'limo_base'
[2.846s] Level 1:colcon.colcon_core.package_identification:_identify(ros2_ws/src/limo_files/limo_ros2/limo_car) by extensions ['ignore', 'ignore_ament_install']
[2.847s] Level 1:colcon.colcon_core.package_identification:_identify(ros2_ws/src/limo_files/limo_ros2/limo_car) by extension 'ignore'
[2.847s] Level 1:colcon.colcon_core.package_identification:_identify(ros2_ws/src/limo_files/limo_ros2/limo_car) by extension 'ignore_ament_install'
[2.848s] Level 1:colcon.colcon_core.package_identification:_identify(ros2_ws/src/limo_files/limo_ros2/limo_car) by extensions ['colcon_pkg']
[2.848s] Level 1:colcon.colcon_core.package_identification:_identify(ros2_ws/src/limo_files/limo_ros2/limo_car) by extension 'colcon_pkg'
[2.854s] Level 1:colcon.colcon_core.package_identification:_identify(ros2_ws/src/limo_files/limo_ros2/limo_car) by extensions ['colcon_meta']
[2.859s] Level 1:colcon.colcon_core.package_identification:_identify(ros2_ws/src/limo_files/limo_ros2/limo_car) by extension 'colcon_meta'
[2.859s] Level 1:colcon.colcon_core.package_identification:_identify(ros2_ws/src/limo_files/limo_ros2/limo_car) by extensions ['ament_cargo']
[2.859s] Level 1:colcon.colcon_core.package_identification:_identify(ros2_ws/src/limo_files/limo_ros2/limo_car) by extension 'ament_cargo'
[2.859s] Level 1:colcon.colcon_core.package_identification:_identify(ros2_ws/src/limo_files/limo_ros2/limo_car) by extensions ['ros']
[2.860s] Level 1:colcon.colcon_core.package_identification:_identify(ros2_ws/src/limo_files/limo_ros2/limo_car) by extension 'ros'
[2.864s] DEBUG:colcon.colcon_core.package_identification:Package 'ros2_ws/src/limo_files/limo_ros2/limo_car' with type 'ros.ament_cmake' and name 'limo_car'
[2.867s] Level 1:colcon.colcon_core.package_identification:_identify(ros2_ws/src/limo_files/limo_ros2/limo_description) by extensions ['ignore', 'ignore_ament_install']
[2.867s] Level 1:colcon.colcon_core.package_identification:_identify(ros2_ws/src/limo_files/limo_ros2/limo_description) by extension 'ignore'
[2.868s] Level 1:colcon.colcon_core.package_identification:_identify(ros2_ws/src/limo_files/limo_ros2/limo_description) by extension 'ignore_ament_install'
[2.868s] Level 1:colcon.colcon_core.package_identification:_identify(ros2_ws/src/limo_files/limo_ros2/limo_description) by extensions ['colcon_pkg']
[2.868s] Level 1:colcon.colcon_core.package_identification:_identify(ros2_ws/src/limo_files/limo_ros2/limo_description) by extension 'colcon_pkg'
[2.868s] Level 1:colcon.colcon_core.package_identification:_identify(ros2_ws/src/limo_files/limo_ros2/limo_description) by extensions ['colcon_meta']
[2.869s] Level 1:colcon.colcon_core.package_identification:_identify(ros2_ws/src/limo_files/limo_ros2/limo_description) by extension 'colcon_meta'
[2.869s] Level 1:colcon.colcon_core.package_identification:_identify(ros2_ws/src/limo_files/limo_ros2/limo_description) by extensions ['ament_cargo']
[2.869s] Level 1:colcon.colcon_core.package_identification:_identify(ros2_ws/src/limo_files/limo_ros2/limo_description) by extension 'ament_cargo'
[2.869s] Level 1:colcon.colcon_core.package_identification:_identify(ros2_ws/src/limo_files/limo_ros2/limo_description) by extensions ['ros']
[2.874s] Level 1:colcon.colcon_core.package_identification:_identify(ros2_ws/src/limo_files/limo_ros2/limo_description) by extension 'ros'
[2.875s] DEBUG:colcon.colcon_core.package_identification:Package 'ros2_ws/src/limo_files/limo_ros2/limo_description' with type 'ros.ament_cmake' and name 'limo_description'
[2.876s] Level 1:colcon.colcon_core.package_identification:_identify(ros2_ws/src/limo_files/limo_ros2/limo_msgs) by extensions ['ignore', 'ignore_ament_install']
[2.877s] Level 1:colcon.colcon_core.package_identification:_identify(ros2_ws/src/limo_files/limo_ros2/limo_msgs) by extension 'ignore'
[2.877s] Level 1:colcon.colcon_core.package_identification:_identify(ros2_ws/src/limo_files/limo_ros2/limo_msgs) by extension 'ignore_ament_install'
[2.877s] Level 1:colcon.colcon_core.package_identification:_identify(ros2_ws/src/limo_files/limo_ros2/limo_msgs) by extensions ['colcon_pkg']
[2.877s] Level 1:colcon.colcon_core.package_identification:_identify(ros2_ws/src/limo_files/limo_ros2/limo_msgs) by extension 'colcon_pkg'
[2.877s] Level 1:colcon.colcon_core.package_identification:_identify(ros2_ws/src/limo_files/limo_ros2/limo_msgs) by extensions ['colcon_meta']
[2.877s] Level 1:colcon.colcon_core.package_identification:_identify(ros2_ws/src/limo_files/limo_ros2/limo_msgs) by extension 'colcon_meta'
[2.877s] Level 1:colcon.colcon_core.package_identification:_identify(ros2_ws/src/limo_files/limo_ros2/limo_msgs) by extensions ['ament_cargo']
[2.878s] Level 1:colcon.colcon_core.package_identification:_identify(ros2_ws/src/limo_files/limo_ros2/limo_msgs) by extension 'ament_cargo'
[2.879s] Level 1:colcon.colcon_core.package_identification:_identify(ros2_ws/src/limo_files/limo_ros2/limo_msgs) by extensions ['ros']
[2.879s] Level 1:colcon.colcon_core.package_identification:_identify(ros2_ws/src/limo_files/limo_ros2/limo_msgs) by extension 'ros'
[2.881s] DEBUG:colcon.colcon_core.package_identification:Package 'ros2_ws/src/limo_files/limo_ros2/limo_msgs' with type 'ros.ament_cmake' and name 'limo_msgs'
[2.881s] Level 1:colcon.colcon_core.package_identification:_identify(ros2_ws/src/limo_files/limo_ros2/scripts) by extensions ['ignore', 'ignore_ament_install']
[2.882s] Level 1:colcon.colcon_core.package_identification:_identify(ros2_ws/src/limo_files/limo_ros2/scripts) by extension 'ignore'
[2.885s] Level 1:colcon.colcon_core.package_identification:_identify(ros2_ws/src/limo_files/limo_ros2/scripts) by extension 'ignore_ament_install'
[2.885s] Level 1:colcon.colcon_core.package_identification:_identify(ros2_ws/src/limo_files/limo_ros2/scripts) by extensions ['colcon_pkg']
[2.886s] Level 1:colcon.colcon_core.package_identification:_identify(ros2_ws/src/limo_files/limo_ros2/scripts) by extension 'colcon_pkg'
[2.886s] Level 1:colcon.colcon_core.package_identification:_identify(ros2_ws/src/limo_files/limo_ros2/scripts) by extensions ['colcon_meta']
[2.886s] Level 1:colcon.colcon_core.package_identification:_identify(ros2_ws/src/limo_files/limo_ros2/scripts) by extension 'colcon_meta'
[2.886s] Level 1:colcon.colcon_core.package_identification:_identify(ros2_ws/src/limo_files/limo_ros2/scripts) by extensions ['ament_cargo']
[2.886s] Level 1:colcon.colcon_core.package_identification:_identify(ros2_ws/src/limo_files/limo_ros2/scripts) by extension 'ament_cargo'
[2.886s] Level 1:colcon.colcon_core.package_identification:_identify(ros2_ws/src/limo_files/limo_ros2/scripts) by extensions ['ros']
[2.886s] Level 1:colcon.colcon_core.package_identification:_identify(ros2_ws/src/limo_files/limo_ros2/scripts) by extension 'ros'
[2.886s] Level 1:colcon.colcon_core.package_identification:_identify(ros2_ws/src/limo_files/limo_ros2/scripts) by extensions ['cargo', 'cmake', 'python']
[2.887s] Level 1:colcon.colcon_core.package_identification:_identify(ros2_ws/src/limo_files/limo_ros2/scripts) by extension 'cargo'
[2.887s] Level 1:colcon.colcon_core.package_identification:_identify(ros2_ws/src/limo_files/limo_ros2/scripts) by extension 'cmake'
[2.887s] Level 1:colcon.colcon_core.package_identification:_identify(ros2_ws/src/limo_files/limo_ros2/scripts) by extension 'python'
[2.887s] Level 1:colcon.colcon_core.package_identification:_identify(ros2_ws/src/limo_files/limo_ros2/scripts) by extensions ['python_setup_py']
[2.887s] Level 1:colcon.colcon_core.package_identification:_identify(ros2_ws/src/limo_files/limo_ros2/scripts) by extension 'python_setup_py'
[2.887s] Level 1:colcon.colcon_core.package_identification:_identify(ros2_ws/src/limo_files/ros_components_description) by extensions ['ignore', 'ignore_ament_install']
[2.888s] Level 1:colcon.colcon_core.package_identification:_identify(ros2_ws/src/limo_files/ros_components_description) by extension 'ignore'
[2.888s] Level 1:colcon.colcon_core.package_identification:_identify(ros2_ws/src/limo_files/ros_components_description) by extension 'ignore_ament_install'
[2.888s] Level 1:colcon.colcon_core.package_identification:_identify(ros2_ws/src/limo_files/ros_components_description) by extensions ['colcon_pkg']
[2.889s] Level 1:colcon.colcon_core.package_identification:_identify(ros2_ws/src/limo_files/ros_components_description) by extension 'colcon_pkg'
[2.889s] Level 1:colcon.colcon_core.package_identification:_identify(ros2_ws/src/limo_files/ros_components_description) by extensions ['colcon_meta']
[2.889s] Level 1:colcon.colcon_core.package_identification:_identify(ros2_ws/src/limo_files/ros_components_description) by extension 'colcon_meta'
[2.889s] Level 1:colcon.colcon_core.package_identification:_identify(ros2_ws/src/limo_files/ros_components_description) by extensions ['ament_cargo']
[2.889s] Level 1:colcon.colcon_core.package_identification:_identify(ros2_ws/src/limo_files/ros_components_description) by extension 'ament_cargo'
[2.890s] Level 1:colcon.colcon_core.package_identification:_identify(ros2_ws/src/limo_files/ros_components_description) by extensions ['ros']
[2.890s] Level 1:colcon.colcon_core.package_identification:_identify(ros2_ws/src/limo_files/ros_components_description) by extension 'ros'
[2.990s] DEBUG:colcon.colcon_core.package_identification:Package 'ros2_ws/src/limo_files/ros_components_description' with type 'ros.ament_cmake' and name 'ros_components_description'
[3.002s] Level 1:colcon.colcon_core.package_identification:_identify(ros2_ws/src/limo_files/rviz) by extensions ['ignore', 'ignore_ament_install']
[3.003s] Level 1:colcon.colcon_core.package_identification:_identify(ros2_ws/src/limo_files/rviz) by extension 'ignore'
[3.004s] Level 1:colcon.colcon_core.package_identification:_identify(ros2_ws/src/limo_files/rviz) by extension 'ignore_ament_install'
[3.004s] Level 1:colcon.colcon_core.package_identification:_identify(ros2_ws/src/limo_files/rviz) by extensions ['colcon_pkg']
[3.006s] Level 1:colcon.colcon_core.package_identification:_identify(ros2_ws/src/limo_files/rviz) by extension 'colcon_pkg'
[3.010s] Level 1:colcon.colcon_core.package_identification:_identify(ros2_ws/src/limo_files/rviz) by extensions ['colcon_meta']
[3.016s] Level 1:colcon.colcon_core.package_identification:_identify(ros2_ws/src/limo_files/rviz) by extension 'colcon_meta'
[3.017s] Level 1:colcon.colcon_core.package_identification:_identify(ros2_ws/src/limo_files/rviz) by extensions ['ament_cargo']
[3.017s] Level 1:colcon.colcon_core.package_identification:_identify(ros2_ws/src/limo_files/rviz) by extension 'ament_cargo'
[3.017s] Level 1:colcon.colcon_core.package_identification:_identify(ros2_ws/src/limo_files/rviz) by extensions ['ros']
[3.018s] Level 1:colcon.colcon_core.package_identification:_identify(ros2_ws/src/limo_files/rviz) by extension 'ros'
[3.026s] Level 1:colcon.colcon_core.package_identification:_identify(ros2_ws/src/limo_files/rviz) by extensions ['cargo', 'cmake', 'python']
[3.027s] Level 1:colcon.colcon_core.package_identification:_identify(ros2_ws/src/limo_files/rviz) by extension 'cargo'
[3.027s] Level 1:colcon.colcon_core.package_identification:_identify(ros2_ws/src/limo_files/rviz) by extension 'cmake'
[3.027s] Level 1:colcon.colcon_core.package_identification:_identify(ros2_ws/src/limo_files/rviz) by extension 'python'
[3.027s] Level 1:colcon.colcon_core.package_identification:_identify(ros2_ws/src/limo_files/rviz) by extensions ['python_setup_py']
[3.027s] Level 1:colcon.colcon_core.package_identification:_identify(ros2_ws/src/limo_files/rviz) by extension 'python_setup_py'
[3.028s] Level 1:colcon.colcon_core.package_identification:_identify(ros2_ws/src/limo_files/scripts) by extensions ['ignore', 'ignore_ament_install']
[3.028s] Level 1:colcon.colcon_core.package_identification:_identify(ros2_ws/src/limo_files/scripts) by extension 'ignore'
[3.028s] Level 1:colcon.colcon_core.package_identification:_identify(ros2_ws/src/limo_files/scripts) by extension 'ignore_ament_install'
[3.029s] Level 1:colcon.colcon_core.package_identification:_identify(ros2_ws/src/limo_files/scripts) by extensions ['colcon_pkg']
[3.030s] Level 1:colcon.colcon_core.package_identification:_identify(ros2_ws/src/limo_files/scripts) by extension 'colcon_pkg'
[3.040s] Level 1:colcon.colcon_core.package_identification:_identify(ros2_ws/src/limo_files/scripts) by extensions ['colcon_meta']
[3.040s] Level 1:colcon.colcon_core.package_identification:_identify(ros2_ws/src/limo_files/scripts) by extension 'colcon_meta'
[3.040s] Level 1:colcon.colcon_core.package_identification:_identify(ros2_ws/src/limo_files/scripts) by extensions ['ament_cargo']
[3.041s] Level 1:colcon.colcon_core.package_identification:_identify(ros2_ws/src/limo_files/scripts) by extension 'ament_cargo'
[3.041s] Level 1:colcon.colcon_core.package_identification:_identify(ros2_ws/src/limo_files/scripts) by extensions ['ros']
[3.041s] Level 1:colcon.colcon_core.package_identification:_identify(ros2_ws/src/limo_files/scripts) by extension 'ros'
[3.041s] Level 1:colcon.colcon_core.package_identification:_identify(ros2_ws/src/limo_files/scripts) by extensions ['cargo', 'cmake', 'python']
[3.042s] Level 1:colcon.colcon_core.package_identification:_identify(ros2_ws/src/limo_files/scripts) by extension 'cargo'
[3.042s] Level 1:colcon.colcon_core.package_identification:_identify(ros2_ws/src/limo_files/scripts) by extension 'cmake'
[3.042s] Level 1:colcon.colcon_core.package_identification:_identify(ros2_ws/src/limo_files/scripts) by extension 'python'
[3.042s] Level 1:colcon.colcon_core.package_identification:_identify(ros2_ws/src/limo_files/scripts) by extensions ['python_setup_py']
[3.045s] Level 1:colcon.colcon_core.package_identification:_identify(ros2_ws/src/limo_files/scripts) by extension 'python_setup_py'
[3.045s] Level 1:colcon.colcon_core.package_identification:_identify(ros2_ws/src/move_towards_object) by extensions ['ignore', 'ignore_ament_install']
[3.046s] Level 1:colcon.colcon_core.package_identification:_identify(ros2_ws/src/move_towards_object) by extension 'ignore'
[3.048s] Level 1:colcon.colcon_core.package_identification:_identify(ros2_ws/src/move_towards_object) by extension 'ignore_ament_install'
[3.049s] Level 1:colcon.colcon_core.package_identification:_identify(ros2_ws/src/move_towards_object) by extensions ['colcon_pkg']
[3.049s] Level 1:colcon.colcon_core.package_identification:_identify(ros2_ws/src/move_towards_object) by extension 'colcon_pkg'
[3.049s] Level 1:colcon.colcon_core.package_identification:_identify(ros2_ws/src/move_towards_object) by extensions ['colcon_meta']
[3.049s] Level 1:colcon.colcon_core.package_identification:_identify(ros2_ws/src/move_towards_object) by extension 'colcon_meta'
[3.049s] Level 1:colcon.colcon_core.package_identification:_identify(ros2_ws/src/move_towards_object) by extensions ['ament_cargo']
[3.049s] Level 1:colcon.colcon_core.package_identification:_identify(ros2_ws/src/move_towards_object) by extension 'ament_cargo'
[3.050s] Level 1:colcon.colcon_core.package_identification:_identify(ros2_ws/src/move_towards_object) by extensions ['ros']
[3.050s] Level 1:colcon.colcon_core.package_identification:_identify(ros2_ws/src/move_towards_object) by extension 'ros'
[3.056s] DEBUG:colcon.colcon_core.package_identification:Package 'ros2_ws/src/move_towards_object' with type 'ros.ament_python' and name 'move_towards_object'
[3.058s] Level 1:colcon.colcon_core.package_identification:_identify(ros2_ws/src/raw_test) by extensions ['ignore', 'ignore_ament_install']
[3.058s] Level 1:colcon.colcon_core.package_identification:_identify(ros2_ws/src/raw_test) by extension 'ignore'
[3.059s] Level 1:colcon.colcon_core.package_identification:_identify(ros2_ws/src/raw_test) by extension 'ignore_ament_install'
[3.061s] Level 1:colcon.colcon_core.package_identification:_identify(ros2_ws/src/raw_test) by extensions ['colcon_pkg']
[3.061s] Level 1:colcon.colcon_core.package_identification:_identify(ros2_ws/src/raw_test) by extension 'colcon_pkg'
[3.061s] Level 1:colcon.colcon_core.package_identification:_identify(ros2_ws/src/raw_test) by extensions ['colcon_meta']
[3.061s] Level 1:colcon.colcon_core.package_identification:_identify(ros2_ws/src/raw_test) by extension 'colcon_meta'
[3.062s] Level 1:colcon.colcon_core.package_identification:_identify(ros2_ws/src/raw_test) by extensions ['ament_cargo']
[3.065s] Level 1:colcon.colcon_core.package_identification:_identify(ros2_ws/src/raw_test) by extension 'ament_cargo'
[3.067s] Level 1:colcon.colcon_core.package_identification:_identify(ros2_ws/src/raw_test) by extensions ['ros']
[3.067s] Level 1:colcon.colcon_core.package_identification:_identify(ros2_ws/src/raw_test) by extension 'ros'
[3.067s] Level 1:colcon.colcon_core.package_identification:_identify(ros2_ws/src/raw_test) by extensions ['cargo', 'cmake', 'python']
[3.067s] Level 1:colcon.colcon_core.package_identification:_identify(ros2_ws/src/raw_test) by extension 'cargo'
[3.068s] Level 1:colcon.colcon_core.package_identification:_identify(ros2_ws/src/raw_test) by extension 'cmake'
[3.068s] Level 1:colcon.colcon_core.package_identification:_identify(ros2_ws/src/raw_test) by extension 'python'
[3.068s] Level 1:colcon.colcon_core.package_identification:_identify(ros2_ws/src/raw_test) by extensions ['python_setup_py']
[3.068s] Level 1:colcon.colcon_core.package_identification:_identify(ros2_ws/src/raw_test) by extension 'python_setup_py'
[3.068s] Level 1:colcon.colcon_core.package_identification:_identify(ros2_ws/src/raw_test/openrobotics_darknet_ros) by extensions ['ignore', 'ignore_ament_install']
[3.069s] Level 1:colcon.colcon_core.package_identification:_identify(ros2_ws/src/raw_test/openrobotics_darknet_ros) by extension 'ignore'
[3.069s] Level 1:colcon.colcon_core.package_identification:_identify(ros2_ws/src/raw_test/openrobotics_darknet_ros) by extension 'ignore_ament_install'
[3.069s] Level 1:colcon.colcon_core.package_identification:_identify(ros2_ws/src/raw_test/openrobotics_darknet_ros) by extensions ['colcon_pkg']
[3.069s] Level 1:colcon.colcon_core.package_identification:_identify(ros2_ws/src/raw_test/openrobotics_darknet_ros) by extension 'colcon_pkg'
[3.069s] Level 1:colcon.colcon_core.package_identification:_identify(ros2_ws/src/raw_test/openrobotics_darknet_ros) by extensions ['colcon_meta']
[3.069s] Level 1:colcon.colcon_core.package_identification:_identify(ros2_ws/src/raw_test/openrobotics_darknet_ros) by extension 'colcon_meta'
[3.070s] Level 1:colcon.colcon_core.package_identification:_identify(ros2_ws/src/raw_test/openrobotics_darknet_ros) by extensions ['ament_cargo']
[3.070s] Level 1:colcon.colcon_core.package_identification:_identify(ros2_ws/src/raw_test/openrobotics_darknet_ros) by extension 'ament_cargo'
[3.070s] Level 1:colcon.colcon_core.package_identification:_identify(ros2_ws/src/raw_test/openrobotics_darknet_ros) by extensions ['ros']
[3.070s] Level 1:colcon.colcon_core.package_identification:_identify(ros2_ws/src/raw_test/openrobotics_darknet_ros) by extension 'ros'
[3.072s] DEBUG:colcon.colcon_core.package_identification:Package 'ros2_ws/src/raw_test/openrobotics_darknet_ros' with type 'ros.ament_cmake' and name 'openrobotics_darknet_ros'
[3.073s] Level 1:colcon.colcon_core.package_identification:_identify(ros2_ws/src/raw_test/vision_msgs) by extensions ['ignore', 'ignore_ament_install']
[3.073s] Level 1:colcon.colcon_core.package_identification:_identify(ros2_ws/src/raw_test/vision_msgs) by extension 'ignore'
[3.077s] Level 1:colcon.colcon_core.package_identification:_identify(ros2_ws/src/raw_test/vision_msgs) by extension 'ignore_ament_install'
[3.078s] Level 1:colcon.colcon_core.package_identification:_identify(ros2_ws/src/raw_test/vision_msgs) by extensions ['colcon_pkg']
[3.078s] Level 1:colcon.colcon_core.package_identification:_identify(ros2_ws/src/raw_test/vision_msgs) by extension 'colcon_pkg'
[3.078s] Level 1:colcon.colcon_core.package_identification:_identify(ros2_ws/src/raw_test/vision_msgs) by extensions ['colcon_meta']
[3.079s] Level 1:colcon.colcon_core.package_identification:_identify(ros2_ws/src/raw_test/vision_msgs) by extension 'colcon_meta'
[3.079s] Level 1:colcon.colcon_core.package_identification:_identify(ros2_ws/src/raw_test/vision_msgs) by extensions ['ament_cargo']
[3.079s] Level 1:colcon.colcon_core.package_identification:_identify(ros2_ws/src/raw_test/vision_msgs) by extension 'ament_cargo'
[3.079s] Level 1:colcon.colcon_core.package_identification:_identify(ros2_ws/src/raw_test/vision_msgs) by extensions ['ros']
[3.079s] Level 1:colcon.colcon_core.package_identification:_identify(ros2_ws/src/raw_test/vision_msgs) by extension 'ros'
[3.080s] Level 1:colcon.colcon_core.package_identification:_identify(ros2_ws/src/raw_test/vision_msgs) by extensions ['cargo', 'cmake', 'python']
[3.080s] Level 1:colcon.colcon_core.package_identification:_identify(ros2_ws/src/raw_test/vision_msgs) by extension 'cargo'
[3.080s] Level 1:colcon.colcon_core.package_identification:_identify(ros2_ws/src/raw_test/vision_msgs) by extension 'cmake'
[3.081s] Level 1:colcon.colcon_core.package_identification:_identify(ros2_ws/src/raw_test/vision_msgs) by extension 'python'
[3.081s] Level 1:colcon.colcon_core.package_identification:_identify(ros2_ws/src/raw_test/vision_msgs) by extensions ['python_setup_py']
[3.081s] Level 1:colcon.colcon_core.package_identification:_identify(ros2_ws/src/raw_test/vision_msgs) by extension 'python_setup_py'
[3.081s] Level 1:colcon.colcon_core.package_identification:_identify(ros2_ws/src/raw_test/vision_msgs/vision_msgs) by extensions ['ignore', 'ignore_ament_install']
[3.082s] Level 1:colcon.colcon_core.package_identification:_identify(ros2_ws/src/raw_test/vision_msgs/vision_msgs) by extension 'ignore'
[3.082s] Level 1:colcon.colcon_core.package_identification:_identify(ros2_ws/src/raw_test/vision_msgs/vision_msgs) by extension 'ignore_ament_install'
[3.082s] Level 1:colcon.colcon_core.package_identification:_identify(ros2_ws/src/raw_test/vision_msgs/vision_msgs) by extensions ['colcon_pkg']
[3.083s] Level 1:colcon.colcon_core.package_identification:_identify(ros2_ws/src/raw_test/vision_msgs/vision_msgs) by extension 'colcon_pkg'
[3.083s] Level 1:colcon.colcon_core.package_identification:_identify(ros2_ws/src/raw_test/vision_msgs/vision_msgs) by extensions ['colcon_meta']
[3.086s] Level 1:colcon.colcon_core.package_identification:_identify(ros2_ws/src/raw_test/vision_msgs/vision_msgs) by extension 'colcon_meta'
[3.087s] Level 1:colcon.colcon_core.package_identification:_identify(ros2_ws/src/raw_test/vision_msgs/vision_msgs) by extensions ['ament_cargo']
[3.087s] Level 1:colcon.colcon_core.package_identification:_identify(ros2_ws/src/raw_test/vision_msgs/vision_msgs) by extension 'ament_cargo'
[3.088s] Level 1:colcon.colcon_core.package_identification:_identify(ros2_ws/src/raw_test/vision_msgs/vision_msgs) by extensions ['ros']
[3.089s] Level 1:colcon.colcon_core.package_identification:_identify(ros2_ws/src/raw_test/vision_msgs/vision_msgs) by extension 'ros'
[3.089s] DEBUG:colcon.colcon_core.package_identification:Package 'ros2_ws/src/raw_test/vision_msgs/vision_msgs' with type 'ros.ament_cmake' and name 'vision_msgs'
[3.090s] Level 1:colcon.colcon_core.package_identification:_identify(ros2_ws/src/raw_test/vision_msgs/vision_msgs_rviz_plugins) by extensions ['ignore', 'ignore_ament_install']
[3.090s] Level 1:colcon.colcon_core.package_identification:_identify(ros2_ws/src/raw_test/vision_msgs/vision_msgs_rviz_plugins) by extension 'ignore'
[3.091s] Level 1:colcon.colcon_core.package_identification:_identify(ros2_ws/src/raw_test/vision_msgs/vision_msgs_rviz_plugins) by extension 'ignore_ament_install'
[3.091s] Level 1:colcon.colcon_core.package_identification:_identify(ros2_ws/src/raw_test/vision_msgs/vision_msgs_rviz_plugins) by extensions ['colcon_pkg']
[3.091s] Level 1:colcon.colcon_core.package_identification:_identify(ros2_ws/src/raw_test/vision_msgs/vision_msgs_rviz_plugins) by extension 'colcon_pkg'
[3.091s] Level 1:colcon.colcon_core.package_identification:_identify(ros2_ws/src/raw_test/vision_msgs/vision_msgs_rviz_plugins) by extensions ['colcon_meta']
[3.092s] Level 1:colcon.colcon_core.package_identification:_identify(ros2_ws/src/raw_test/vision_msgs/vision_msgs_rviz_plugins) by extension 'colcon_meta'
[3.095s] Level 1:colcon.colcon_core.package_identification:_identify(ros2_ws/src/raw_test/vision_msgs/vision_msgs_rviz_plugins) by extensions ['ament_cargo']
[3.096s] Level 1:colcon.colcon_core.package_identification:_identify(ros2_ws/src/raw_test/vision_msgs/vision_msgs_rviz_plugins) by extension 'ament_cargo'
[3.099s] Level 1:colcon.colcon_core.package_identification:_identify(ros2_ws/src/raw_test/vision_msgs/vision_msgs_rviz_plugins) by extensions ['ros']
[3.100s] Level 1:colcon.colcon_core.package_identification:_identify(ros2_ws/src/raw_test/vision_msgs/vision_msgs_rviz_plugins) by extension 'ros'
[3.103s] DEBUG:colcon.colcon_core.package_identification:Package 'ros2_ws/src/raw_test/vision_msgs/vision_msgs_rviz_plugins' with type 'ros.ament_cmake' and name 'vision_msgs_rviz_plugins'
[3.108s] Level 1:colcon.colcon_core.package_identification:_identify(ros2_ws/src/raw_test/yolo_pointcloud_marker) by extensions ['ignore', 'ignore_ament_install']
[3.108s] Level 1:colcon.colcon_core.package_identification:_identify(ros2_ws/src/raw_test/yolo_pointcloud_marker) by extension 'ignore'
[3.108s] Level 1:colcon.colcon_core.package_identification:_identify(ros2_ws/src/raw_test/yolo_pointcloud_marker) by extension 'ignore_ament_install'
[3.110s] Level 1:colcon.colcon_core.package_identification:_identify(ros2_ws/src/raw_test/yolo_pointcloud_marker) by extensions ['colcon_pkg']
[3.110s] Level 1:colcon.colcon_core.package_identification:_identify(ros2_ws/src/raw_test/yolo_pointcloud_marker) by extension 'colcon_pkg'
[3.111s] Level 1:colcon.colcon_core.package_identification:_identify(ros2_ws/src/raw_test/yolo_pointcloud_marker) by extensions ['colcon_meta']
[3.112s] Level 1:colcon.colcon_core.package_identification:_identify(ros2_ws/src/raw_test/yolo_pointcloud_marker) by extension 'colcon_meta'
[3.112s] Level 1:colcon.colcon_core.package_identification:_identify(ros2_ws/src/raw_test/yolo_pointcloud_marker) by extensions ['ament_cargo']
[3.113s] Level 1:colcon.colcon_core.package_identification:_identify(ros2_ws/src/raw_test/yolo_pointcloud_marker) by extension 'ament_cargo'
[3.113s] Level 1:colcon.colcon_core.package_identification:_identify(ros2_ws/src/raw_test/yolo_pointcloud_marker) by extensions ['ros']
[3.113s] Level 1:colcon.colcon_core.package_identification:_identify(ros2_ws/src/raw_test/yolo_pointcloud_marker) by extension 'ros'
[3.114s] DEBUG:colcon.colcon_core.package_identification:Package 'ros2_ws/src/raw_test/yolo_pointcloud_marker' with type 'ros.ament_python' and name 'yolo_pointcloud_marker'
[3.167s] Level 1:colcon.colcon_core.package_identification:_identify(webpage_ws) by extensions ['ignore', 'ignore_ament_install']
[3.169s] Level 1:colcon.colcon_core.package_identification:_identify(webpage_ws) by extension 'ignore'
[3.169s] Level 1:colcon.colcon_core.package_identification:_identify(webpage_ws) by extension 'ignore_ament_install'
[3.169s] Level 1:colcon.colcon_core.package_identification:_identify(webpage_ws) by extensions ['colcon_pkg']
[3.170s] Level 1:colcon.colcon_core.package_identification:_identify(webpage_ws) by extension 'colcon_pkg'
[3.170s] Level 1:colcon.colcon_core.package_identification:_identify(webpage_ws) by extensions ['colcon_meta']
[3.170s] Level 1:colcon.colcon_core.package_identification:_identify(webpage_ws) by extension 'colcon_meta'
[3.171s] Level 1:colcon.colcon_core.package_identification:_identify(webpage_ws) by extensions ['ament_cargo']
[3.172s] Level 1:colcon.colcon_core.package_identification:_identify(webpage_ws) by extension 'ament_cargo'
[3.172s] Level 1:colcon.colcon_core.package_identification:_identify(webpage_ws) by extensions ['ros']
[3.172s] Level 1:colcon.colcon_core.package_identification:_identify(webpage_ws) by extension 'ros'
[3.172s] Level 1:colcon.colcon_core.package_identification:_identify(webpage_ws) by extensions ['cargo', 'cmake', 'python']
[3.173s] Level 1:colcon.colcon_core.package_identification:_identify(webpage_ws) by extension 'cargo'
[3.173s] Level 1:colcon.colcon_core.package_identification:_identify(webpage_ws) by extension 'cmake'
[3.173s] Level 1:colcon.colcon_core.package_identification:_identify(webpage_ws) by extension 'python'
[3.173s] Level 1:colcon.colcon_core.package_identification:_identify(webpage_ws) by extensions ['python_setup_py']
[3.173s] Level 1:colcon.colcon_core.package_identification:_identify(webpage_ws) by extension 'python_setup_py'
[3.173s] Level 1:colcon.colcon_core.package_discovery:discover_packages(recursive) using defaults
[3.174s] Level 1:colcon.colcon_core.package_discovery:discover_packages(ignore) discover
[3.174s] Level 1:colcon.colcon_core.package_discovery:discover_packages(ignore) using defaults
[3.174s] Level 1:colcon.colcon_core.package_discovery:discover_packages(path) discover
[3.174s] Level 1:colcon.colcon_core.package_discovery:discover_packages(path) using defaults
[3.355s] INFO:colcon.colcon_core.package_selection:Skipping not selected package 'darknet' in 'darknet'
[3.355s] INFO:colcon.colcon_core.package_selection:Skipping not selected package 'limo_car' in 'ros2_ws/src/limo_files/limo_ros2/limo_car'
[3.356s] INFO:colcon.colcon_core.package_selection:Skipping not selected package 'limo_description' in 'ros2_ws/src/limo_files/limo_ros2/limo_description'
[3.356s] INFO:colcon.colcon_core.package_selection:Skipping not selected package 'limo_msgs' in 'ros2_ws/src/limo_files/limo_ros2/limo_msgs'
[3.359s] INFO:colcon.colcon_core.package_selection:Skipping not selected package 'ros_components_description' in 'ros2_ws/src/limo_files/ros_components_description'
[3.359s] INFO:colcon.colcon_core.package_selection:Skipping not selected package 'tc_gazebo_plugins' in 'ros2_ws/src/limo_files/gazebo_plugins_ros_mod/tc_gazebo_plugins'
[3.359s] INFO:colcon.colcon_core.package_selection:Skipping not selected package 'vision_msgs' in 'ros2_ws/src/raw_test/vision_msgs/vision_msgs'
[3.359s] INFO:colcon.colcon_core.package_selection:Skipping not selected package '3d_object_detection' in 'ros2_ws/src/3d_object_detection'
[3.359s] INFO:colcon.colcon_core.package_selection:Skipping not selected package 'limo_base' in 'ros2_ws/src/limo_files/limo_ros2/limo_base'
[3.359s] INFO:colcon.colcon_core.package_selection:Skipping not selected package 'openrobotics_darknet_ros' in 'ros2_ws/src/raw_test/openrobotics_darknet_ros'
[3.359s] INFO:colcon.colcon_core.package_selection:Skipping not selected package 'vision_msgs_rviz_plugins' in 'ros2_ws/src/raw_test/vision_msgs/vision_msgs_rviz_plugins'
[3.359s] INFO:colcon.colcon_core.package_selection:Skipping not selected package 'yolo_pointcloud_marker' in 'ros2_ws/src/raw_test/yolo_pointcloud_marker'
[3.366s] Level 5:colcon.colcon_core.verb:set package 'move_towards_object' build argument 'lookup_in_workspace' from command line to 'False'
[3.374s] Level 5:colcon.colcon_core.verb:set package 'move_towards_object' build argument 'cargo_args' from command line to 'None'
[3.376s] Level 5:colcon.colcon_core.verb:set package 'move_towards_object' build argument 'clean_build' from command line to 'False'
[3.376s] Level 5:colcon.colcon_core.verb:set package 'move_towards_object' build argument 'cmake_args' from command line to 'None'
[3.376s] Level 5:colcon.colcon_core.verb:set package 'move_towards_object' build argument 'cmake_target' from command line to 'None'
[3.376s] Level 5:colcon.colcon_core.verb:set package 'move_towards_object' build argument 'cmake_target_skip_unavailable' from command line to 'False'
[3.377s] Level 5:colcon.colcon_core.verb:set package 'move_towards_object' build argument 'cmake_clean_cache' from command line to 'False'
[3.377s] Level 5:colcon.colcon_core.verb:set package 'move_towards_object' build argument 'cmake_clean_first' from command line to 'False'
[3.377s] Level 5:colcon.colcon_core.verb:set package 'move_towards_object' build argument 'cmake_force_configure' from command line to 'False'
[3.377s] Level 5:colcon.colcon_core.verb:set package 'move_towards_object' build argument 'ament_cmake_args' from command line to 'None'
[3.377s] Level 5:colcon.colcon_core.verb:set package 'move_towards_object' build argument 'catkin_cmake_args' from command line to 'None'
[3.377s] Level 5:colcon.colcon_core.verb:set package 'move_towards_object' build argument 'catkin_skip_building_tests' from command line to 'False'
[3.377s] DEBUG:colcon.colcon_core.verb:Building package 'move_towards_object' with the following arguments: {'ament_cmake_args': None, 'build_base': '/home/user/build/move_towards_object', 'cargo_args': None, 'catkin_cmake_args': None, 'catkin_skip_building_tests': False, 'clean_build': False, 'cmake_args': None, 'cmake_clean_cache': False, 'cmake_clean_first': False, 'cmake_force_configure': False, 'cmake_target': None, 'cmake_target_skip_unavailable': False, 'install_base': '/home/user/install/move_towards_object', 'lookup_in_workspace': False, 'merge_install': False, 'path': '/home/user/ros2_ws/src/move_towards_object', 'symlink_install': False, 'test_result_base': None}
[3.378s] INFO:colcon.colcon_core.executor:Executing jobs using 'parallel' executor
[3.396s] DEBUG:colcon.colcon_parallel_executor.executor.parallel:run_until_complete
[3.396s] INFO:colcon.colcon_ros.task.ament_python.build:Building ROS package in '/home/user/ros2_ws/src/move_towards_object' with build type 'ament_python'
[3.397s] Level 1:colcon.colcon_core.shell:create_environment_hook('move_towards_object', 'ament_prefix_path')
[3.404s] INFO:colcon.colcon_core.plugin_system:Skipping extension 'colcon_core.shell.bat': Not used on non-Windows systems
[3.410s] INFO:colcon.colcon_core.shell:Creating environment hook '/home/user/install/move_towards_object/share/move_towards_object/hook/ament_prefix_path.ps1'
[3.413s] INFO:colcon.colcon_core.shell:Creating environment descriptor '/home/user/install/move_towards_object/share/move_towards_object/hook/ament_prefix_path.dsv'
[3.415s] INFO:colcon.colcon_core.shell:Creating environment hook '/home/user/install/move_towards_object/share/move_towards_object/hook/ament_prefix_path.sh'
[3.417s] INFO:colcon.colcon_core.shell:Skip shell extension 'powershell' for command environment: Not usable outside of PowerShell
[3.418s] DEBUG:colcon.colcon_core.shell:Skip shell extension 'dsv' for command environment
[5.325s] INFO:colcon.colcon_core.task.python.build:Building Python package in '/home/user/ros2_ws/src/move_towards_object'
[5.332s] INFO:colcon.colcon_core.shell:Skip shell extension 'powershell' for command environment: Not usable outside of PowerShell
[5.332s] DEBUG:colcon.colcon_core.shell:Skip shell extension 'dsv' for command environment
[7.671s] DEBUG:colcon.colcon_core.event_handler.log_command:Invoking command in '/home/user/ros2_ws/src/move_towards_object': PYTHONPATH=/home/user/build/move_towards_object/prefix_override:/home/user/install/move_towards_object/lib/python3.10/site-packages:${PYTHONPATH} _=/usr/bin/env /usr/bin/python3 -W ignore:setup.py install is deprecated setup.py egg_info --egg-base ../../../build/move_towards_object build --build-base /home/user/build/move_towards_object/build install --record /home/user/build/move_towards_object/install.log --single-version-externally-managed install_data
[10.402s] DEBUG:colcon.colcon_core.event_handler.log_command:Invoked command in '/home/user/ros2_ws/src/move_towards_object' returned '0': PYTHONPATH=/home/user/build/move_towards_object/prefix_override:/home/user/install/move_towards_object/lib/python3.10/site-packages:${PYTHONPATH} _=/usr/bin/env /usr/bin/python3 -W ignore:setup.py install is deprecated setup.py egg_info --egg-base ../../../build/move_towards_object build --build-base /home/user/build/move_towards_object/build install --record /home/user/build/move_towards_object/install.log --single-version-externally-managed install_data
[10.404s] Level 1:colcon.colcon_core.environment:checking '/home/user/install/move_towards_object' for CMake module files
[10.405s] Level 1:colcon.colcon_core.environment:checking '/home/user/install/move_towards_object' for CMake config files
[10.406s] Level 1:colcon.colcon_core.environment:checking '/home/user/install/move_towards_object/lib'
[10.406s] Level 1:colcon.colcon_core.environment:checking '/home/user/install/move_towards_object/bin'
[10.409s] Level 1:colcon.colcon_core.environment:checking '/home/user/install/move_towards_object/lib/pkgconfig/move_towards_object.pc'
[10.409s] Level 1:colcon.colcon_core.environment:checking '/home/user/install/move_towards_object/lib/python3.10/site-packages'
[10.409s] Level 1:colcon.colcon_core.shell:create_environment_hook('move_towards_object', 'pythonpath')
[10.410s] INFO:colcon.colcon_core.shell:Creating environment hook '/home/user/install/move_towards_object/share/move_towards_object/hook/pythonpath.ps1'
[10.410s] INFO:colcon.colcon_core.shell:Creating environment descriptor '/home/user/install/move_towards_object/share/move_towards_object/hook/pythonpath.dsv'
[10.411s] INFO:colcon.colcon_core.shell:Creating environment hook '/home/user/install/move_towards_object/share/move_towards_object/hook/pythonpath.sh'
[10.412s] Level 1:colcon.colcon_core.environment:checking '/home/user/install/move_towards_object/bin'
[10.421s] Level 1:colcon.colcon_core.environment:create_environment_scripts_only(move_towards_object)
[10.422s] INFO:colcon.colcon_core.shell:Creating package script '/home/user/install/move_towards_object/share/move_towards_object/package.ps1'
[10.431s] INFO:colcon.colcon_core.shell:Creating package descriptor '/home/user/install/move_towards_object/share/move_towards_object/package.dsv'
[10.437s] INFO:colcon.colcon_core.shell:Creating package script '/home/user/install/move_towards_object/share/move_towards_object/package.sh'
[10.438s] INFO:colcon.colcon_core.shell:Creating package script '/home/user/install/move_towards_object/share/move_towards_object/package.bash'
[10.439s] INFO:colcon.colcon_core.shell:Creating package script '/home/user/install/move_towards_object/share/move_towards_object/package.zsh'
[10.442s] Level 1:colcon.colcon_core.environment:create_file_with_runtime_dependencies(/home/user/install/move_towards_object/share/colcon-core/packages/move_towards_object)
[10.446s] DEBUG:colcon.colcon_parallel_executor.executor.parallel:closing loop
[10.446s] DEBUG:colcon.colcon_parallel_executor.executor.parallel:loop closed
[10.446s] DEBUG:colcon.colcon_parallel_executor.executor.parallel:run_until_complete finished with '0'
[10.446s] DEBUG:colcon.colcon_core.event_reactor:joining thread
[10.454s] INFO:colcon.colcon_core.plugin_system:Skipping extension 'colcon_notification.desktop_notification.notify_send': Could not find 'notify-send'
[10.454s] INFO:colcon.colcon_core.plugin_system:Skipping extension 'colcon_notification.desktop_notification.terminal_notifier': Not used on non-Darwin systems
[10.454s] INFO:colcon.colcon_core.plugin_system:Skipping extension 'colcon_notification.desktop_notification.win32': Not used on non-Windows systems
[10.454s] INFO:colcon.colcon_notification.desktop_notification:Sending desktop notification using 'notify2'
[10.462s] DEBUG:colcon.colcon_notification.desktop_notification.notify2:Failed to initialize notify2: org.freedesktop.DBus.Error.Spawn.ExecFailed: /usr/bin/dbus-launch terminated abnormally without any error message
[10.463s] DEBUG:colcon.colcon_core.event_reactor:joined thread
[10.463s] INFO:colcon.colcon_core.shell:Creating prefix script '/home/user/install/local_setup.ps1'
[10.465s] INFO:colcon.colcon_core.shell:Creating prefix util module '/home/user/install/_local_setup_util_ps1.py'
[10.466s] INFO:colcon.colcon_core.shell:Creating prefix chain script '/home/user/install/setup.ps1'
[10.472s] INFO:colcon.colcon_core.shell:Creating prefix script '/home/user/install/local_setup.sh'
[10.476s] INFO:colcon.colcon_core.shell:Creating prefix util module '/home/user/install/_local_setup_util_sh.py'
[10.477s] INFO:colcon.colcon_core.shell:Creating prefix chain script '/home/user/install/setup.sh'
[10.486s] INFO:colcon.colcon_core.shell:Creating prefix script '/home/user/install/local_setup.bash'
[10.487s] INFO:colcon.colcon_core.shell:Creating prefix chain script '/home/user/install/setup.bash'
[10.498s] INFO:colcon.colcon_core.shell:Creating prefix script '/home/user/install/local_setup.zsh'
[10.499s] INFO:colcon.colcon_core.shell:Creating prefix chain script '/home/user/install/setup.zsh'
