[2.861s] Invoking command in '/home/user/ros2_ws/src/3d_object_detection': PYTHONPATH=/home/user/build/3d_object_detection/prefix_override:/home/user/install/3d_object_detection/lib/python3.10/site-packages:${PYTHONPATH} _=/usr/bin/env /usr/bin/python3 -W ignore:setup.py install is deprecated setup.py egg_info --egg-base ../../../build/3d_object_detection build --build-base /home/user/build/3d_object_detection/build install --record /home/user/build/3d_object_detection/install.log --single-version-externally-managed install_data
[3.585s] running egg_info
[3.586s] writing ../../../build/3d_object_detection/3d_object_detection.egg-info/PKG-INFO
[3.586s] writing dependency_links to ../../../build/3d_object_detection/3d_object_detection.egg-info/dependency_links.txt
[3.586s] writing entry points to ../../../build/3d_object_detection/3d_object_detection.egg-info/entry_points.txt
[3.586s] writing requirements to ../../../build/3d_object_detection/3d_object_detection.egg-info/requires.txt
[3.587s] writing top-level names to ../../../build/3d_object_detection/3d_object_detection.egg-info/top_level.txt
[3.589s] reading manifest file '../../../build/3d_object_detection/3d_object_detection.egg-info/SOURCES.txt'
[3.599s] writing manifest file '../../../build/3d_object_detection/3d_object_detection.egg-info/SOURCES.txt'
[3.599s] running build
[3.600s] running build_py
[3.600s] running install
[3.600s] running install_lib
[3.647s] running install_data
[3.648s] running install_egg_info
[3.651s] removing '/home/user/install/3d_object_detection/lib/python3.10/site-packages/3d_object_detection-0.0.0-py3.10.egg-info' (and everything under it)
[3.651s] Copying ../../../build/3d_object_detection/3d_object_detection.egg-info to /home/user/install/3d_object_detection/lib/python3.10/site-packages/3d_object_detection-0.0.0-py3.10.egg-info
[3.655s] running install_scripts
[3.685s] Installing 3d_object_detection_node script to /home/user/install/3d_object_detection/lib/3d_object_detection
[3.685s] writing list of installed files to '/home/user/build/3d_object_detection/install.log'
[3.710s] Invoked command in '/home/user/ros2_ws/src/3d_object_detection' returned '0': PYTHONPATH=/home/user/build/3d_object_detection/prefix_override:/home/user/install/3d_object_detection/lib/python3.10/site-packages:${PYTHONPATH} _=/usr/bin/env /usr/bin/python3 -W ignore:setup.py install is deprecated setup.py egg_info --egg-base ../../../build/3d_object_detection build --build-base /home/user/build/3d_object_detection/build install --record /home/user/build/3d_object_detection/install.log --single-version-externally-managed install_data
