[0.916s] DEBUG:colcon:Command line arguments: ['/usr/bin/colcon', 'build', '--packages-select', 'move_towards_object']
[0.916s] DEBUG:colcon:Parsed command line arguments: Namespace(log_base=None, log_level=None, verb_name='build', build_base='build', install_base='install', merge_install=False, symlink_install=False, test_result_base=None, continue_on_error=False, executor='parallel', parallel_workers=4, event_handlers=None, ignore_user_meta=False, metas=['./colcon.meta'], base_paths=['.'], packages_ignore=None, packages_ignore_regex=None, paths=None, packages_up_to=None, packages_up_to_regex=None, packages_above=None, packages_above_and_dependencies=None, packages_above_depth=None, packages_select_by_dep=None, packages_skip_by_dep=None, packages_skip_up_to=None, packages_select_build_failed=False, packages_skip_build_finished=False, packages_select_test_failures=False, packages_skip_test_passed=False, packages_select=['move_towards_object'], packages_skip=None, packages_select_regex=None, packages_skip_regex=None, packages_start=None, packages_end=None, lookup_in_workspace=False, cargo_args=None, clean_build=False, cmake_args=None, cmake_target=None, cmake_target_skip_unavailable=False, cmake_clean_cache=False, cmake_clean_first=False, cmake_force_configure=False, ament_cmake_args=None, catkin_cmake_args=None, catkin_skip_building_tests=False, mixin_files=None, mixin=None, verb_parser=<colcon_mixin.mixin.mixin_argument.MixinArgumentDecorator object at 0x7f28edc2a680>, verb_extension=<colcon_core.verb.build.BuildVerb object at 0x7f28edc29b10>, main=<bound method BuildVerb.main of <colcon_core.verb.build.BuildVerb object at 0x7f28edc29b10>>, mixin_verb=('build',))
[2.720s] Level 1:colcon.colcon_core.package_discovery:discover_packages(colcon_meta) check parameters
[2.721s] Level 1:colcon.colcon_core.package_discovery:discover_packages(recursive) check parameters
[2.721s] Level 1:colcon.colcon_core.package_discovery:discover_packages(ignore) check parameters
[2.721s] Level 1:colcon.colcon_core.package_discovery:discover_packages(path) check parameters
[2.721s] Level 1:colcon.colcon_core.package_discovery:discover_packages(colcon_meta) discover
[2.721s] Level 1:colcon.colcon_core.package_discovery:discover_packages(recursive) discover
[2.721s] INFO:colcon.colcon_core.package_discovery:Crawling recursively for packages in '/home/user'
[2.721s] Level 1:colcon.colcon_core.package_identification:_identify(.) by extensions ['ignore', 'ignore_ament_install']
[2.721s] Level 1:colcon.colcon_core.package_identification:_identify(.) by extension 'ignore'
[2.721s] Level 1:colcon.colcon_core.package_identification:_identify(.) by extension 'ignore_ament_install'
[2.722s] Level 1:colcon.colcon_core.package_identification:_identify(.) by extensions ['colcon_pkg']
[2.722s] Level 1:colcon.colcon_core.package_identification:_identify(.) by extension 'colcon_pkg'
[2.722s] Level 1:colcon.colcon_core.package_identification:_identify(.) by extensions ['colcon_meta']
[2.722s] Level 1:colcon.colcon_core.package_identification:_identify(.) by extension 'colcon_meta'
[2.722s] Level 1:colcon.colcon_core.package_identification:_identify(.) by extensions ['ament_cargo']
[2.722s] Level 1:colcon.colcon_core.package_identification:_identify(.) by extension 'ament_cargo'
[2.722s] Level 1:colcon.colcon_core.package_identification:_identify(.) by extensions ['ros']
[2.722s] Level 1:colcon.colcon_core.package_identification:_identify(.) by extension 'ros'
[2.785s] Level 1:colcon.colcon_core.package_identification:_identify(.) by extensions ['cargo', 'cmake', 'python']
[2.786s] Level 1:colcon.colcon_core.package_identification:_identify(.) by extension 'cargo'
[2.787s] Level 1:colcon.colcon_core.package_identification:_identify(.) by extension 'cmake'
[2.787s] Level 1:colcon.colcon_core.package_identification:_identify(.) by extension 'python'
[2.788s] Level 1:colcon.colcon_core.package_identification:_identify(.) by extensions ['python_setup_py']
[2.788s] Level 1:colcon.colcon_core.package_identification:_identify(.) by extension 'python_setup_py'
[2.789s] Level 1:colcon.colcon_core.package_identification:_identify(build) by extensions ['ignore', 'ignore_ament_install']
[2.789s] Level 1:colcon.colcon_core.package_identification:_identify(build) by extension 'ignore'
[2.790s] Level 1:colcon.colcon_core.package_identification:_identify(build) ignored
[2.794s] Level 1:colcon.colcon_core.package_identification:_identify(darknet) by extensions ['ignore', 'ignore_ament_install']
[2.796s] Level 1:colcon.colcon_core.package_identification:_identify(darknet) by extension 'ignore'
[2.796s] Level 1:colcon.colcon_core.package_identification:_identify(darknet) by extension 'ignore_ament_install'
[2.796s] Level 1:colcon.colcon_core.package_identification:_identify(darknet) by extensions ['colcon_pkg']
[2.796s] Level 1:colcon.colcon_core.package_identification:_identify(darknet) by extension 'colcon_pkg'
[2.796s] Level 1:colcon.colcon_core.package_identification:_identify(darknet) by extensions ['colcon_meta']
[2.796s] Level 1:colcon.colcon_core.package_identification:_identify(darknet) by extension 'colcon_meta'
[2.797s] Level 1:colcon.colcon_core.package_identification:_identify(darknet) by extensions ['ament_cargo']
[2.797s] Level 1:colcon.colcon_core.package_identification:_identify(darknet) by extension 'ament_cargo'
[2.797s] Level 1:colcon.colcon_core.package_identification:_identify(darknet) by extensions ['ros']
[2.797s] Level 1:colcon.colcon_core.package_identification:_identify(darknet) by extension 'ros'
[2.805s] DEBUG:colcon.colcon_core.package_identification:Package 'darknet' with type 'ros.cmake' and name 'darknet'
[2.806s] Level 1:colcon.colcon_core.package_identification:_identify(install) by extensions ['ignore', 'ignore_ament_install']
[2.807s] Level 1:colcon.colcon_core.package_identification:_identify(install) by extension 'ignore'
[2.807s] Level 1:colcon.colcon_core.package_identification:_identify(install) ignored
[2.808s] Level 1:colcon.colcon_core.package_identification:_identify(log) by extensions ['ignore', 'ignore_ament_install']
[2.809s] Level 1:colcon.colcon_core.package_identification:_identify(log) by extension 'ignore'
[2.809s] Level 1:colcon.colcon_core.package_identification:_identify(log) ignored
[2.810s] Level 1:colcon.colcon_core.package_identification:_identify(notebook_ws) by extensions ['ignore', 'ignore_ament_install']
[2.810s] Level 1:colcon.colcon_core.package_identification:_identify(notebook_ws) by extension 'ignore'
[2.811s] Level 1:colcon.colcon_core.package_identification:_identify(notebook_ws) by extension 'ignore_ament_install'
[2.811s] Level 1:colcon.colcon_core.package_identification:_identify(notebook_ws) by extensions ['colcon_pkg']
[2.812s] Level 1:colcon.colcon_core.package_identification:_identify(notebook_ws) by extension 'colcon_pkg'
[2.812s] Level 1:colcon.colcon_core.package_identification:_identify(notebook_ws) by extensions ['colcon_meta']
[2.812s] Level 1:colcon.colcon_core.package_identification:_identify(notebook_ws) by extension 'colcon_meta'
[2.812s] Level 1:colcon.colcon_core.package_identification:_identify(notebook_ws) by extensions ['ament_cargo']
[2.812s] Level 1:colcon.colcon_core.package_identification:_identify(notebook_ws) by extension 'ament_cargo'
[2.812s] Level 1:colcon.colcon_core.package_identification:_identify(notebook_ws) by extensions ['ros']
[2.813s] Level 1:colcon.colcon_core.package_identification:_identify(notebook_ws) by extension 'ros'
[2.813s] Level 1:colcon.colcon_core.package_identification:_identify(notebook_ws) by extensions ['cargo', 'cmake', 'python']
[2.813s] Level 1:colcon.colcon_core.package_identification:_identify(notebook_ws) by extension 'cargo'
[2.813s] Level 1:colcon.colcon_core.package_identification:_identify(notebook_ws) by extension 'cmake'
[2.814s] Level 1:colcon.colcon_core.package_identification:_identify(notebook_ws) by extension 'python'
[2.814s] Level 1:colcon.colcon_core.package_identification:_identify(notebook_ws) by extensions ['python_setup_py']
[2.815s] Level 1:colcon.colcon_core.package_identification:_identify(notebook_ws) by extension 'python_setup_py'
[2.815s] Level 1:colcon.colcon_core.package_identification:_identify(notebook_ws/images) by extensions ['ignore', 'ignore_ament_install']
[2.815s] Level 1:colcon.colcon_core.package_identification:_identify(notebook_ws/images) by extension 'ignore'
[2.816s] Level 1:colcon.colcon_core.package_identification:_identify(notebook_ws/images) by extension 'ignore_ament_install'
[2.816s] Level 1:colcon.colcon_core.package_identification:_identify(notebook_ws/images) by extensions ['colcon_pkg']
[2.816s] Level 1:colcon.colcon_core.package_identification:_identify(notebook_ws/images) by extension 'colcon_pkg'
[2.816s] Level 1:colcon.colcon_core.package_identification:_identify(notebook_ws/images) by extensions ['colcon_meta']
[2.816s] Level 1:colcon.colcon_core.package_identification:_identify(notebook_ws/images) by extension 'colcon_meta'
[2.817s] Level 1:colcon.colcon_core.package_identification:_identify(notebook_ws/images) by extensions ['ament_cargo']
[2.817s] Level 1:colcon.colcon_core.package_identification:_identify(notebook_ws/images) by extension 'ament_cargo'
[2.817s] Level 1:colcon.colcon_core.package_identification:_identify(notebook_ws/images) by extensions ['ros']
[2.817s] Level 1:colcon.colcon_core.package_identification:_identify(notebook_ws/images) by extension 'ros'
[2.817s] Level 1:colcon.colcon_core.package_identification:_identify(notebook_ws/images) by extensions ['cargo', 'cmake', 'python']
[2.817s] Level 1:colcon.colcon_core.package_identification:_identify(notebook_ws/images) by extension 'cargo'
[2.818s] Level 1:colcon.colcon_core.package_identification:_identify(notebook_ws/images) by extension 'cmake'
[2.818s] Level 1:colcon.colcon_core.package_identification:_identify(notebook_ws/images) by extension 'python'
[2.818s] Level 1:colcon.colcon_core.package_identification:_identify(notebook_ws/images) by extensions ['python_setup_py']
[2.819s] Level 1:colcon.colcon_core.package_identification:_identify(notebook_ws/images) by extension 'python_setup_py'
[2.819s] Level 1:colcon.colcon_core.package_identification:_identify(ros2_ws) by extensions ['ignore', 'ignore_ament_install']
[2.819s] Level 1:colcon.colcon_core.package_identification:_identify(ros2_ws) by extension 'ignore'
[2.820s] Level 1:colcon.colcon_core.package_identification:_identify(ros2_ws) by extension 'ignore_ament_install'
[2.821s] Level 1:colcon.colcon_core.package_identification:_identify(ros2_ws) by extensions ['colcon_pkg']
[2.821s] Level 1:colcon.colcon_core.package_identification:_identify(ros2_ws) by extension 'colcon_pkg'
[2.821s] Level 1:colcon.colcon_core.package_identification:_identify(ros2_ws) by extensions ['colcon_meta']
[2.822s] Level 1:colcon.colcon_core.package_identification:_identify(ros2_ws) by extension 'colcon_meta'
[2.822s] Level 1:colcon.colcon_core.package_identification:_identify(ros2_ws) by extensions ['ament_cargo']
[2.822s] Level 1:colcon.colcon_core.package_identification:_identify(ros2_ws) by extension 'ament_cargo'
[2.823s] Level 1:colcon.colcon_core.package_identification:_identify(ros2_ws) by extensions ['ros']
[2.823s] Level 1:colcon.colcon_core.package_identification:_identify(ros2_ws) by extension 'ros'
[2.823s] Level 1:colcon.colcon_core.package_identification:_identify(ros2_ws) by extensions ['cargo', 'cmake', 'python']
[2.823s] Level 1:colcon.colcon_core.package_identification:_identify(ros2_ws) by extension 'cargo'
[2.824s] Level 1:colcon.colcon_core.package_identification:_identify(ros2_ws) by extension 'cmake'
[2.824s] Level 1:colcon.colcon_core.package_identification:_identify(ros2_ws) by extension 'python'
[2.824s] Level 1:colcon.colcon_core.package_identification:_identify(ros2_ws) by extensions ['python_setup_py']
[2.825s] Level 1:colcon.colcon_core.package_identification:_identify(ros2_ws) by extension 'python_setup_py'
[2.825s] Level 1:colcon.colcon_core.package_identification:_identify(ros2_ws/build) by extensions ['ignore', 'ignore_ament_install']
[2.825s] Level 1:colcon.colcon_core.package_identification:_identify(ros2_ws/build) by extension 'ignore'
[2.825s] Level 1:colcon.colcon_core.package_identification:_identify(ros2_ws/build) ignored
[2.826s] Level 1:colcon.colcon_core.package_identification:_identify(ros2_ws/install) by extensions ['ignore', 'ignore_ament_install']
[2.827s] Level 1:colcon.colcon_core.package_identification:_identify(ros2_ws/install) by extension 'ignore'
[2.827s] Level 1:colcon.colcon_core.package_identification:_identify(ros2_ws/install) ignored
[2.827s] Level 1:colcon.colcon_core.package_identification:_identify(ros2_ws/log) by extensions ['ignore', 'ignore_ament_install']
[2.828s] Level 1:colcon.colcon_core.package_identification:_identify(ros2_ws/log) by extension 'ignore'
[2.828s] Level 1:colcon.colcon_core.package_identification:_identify(ros2_ws/log) ignored
[2.829s] Level 1:colcon.colcon_core.package_identification:_identify(ros2_ws/src) by extensions ['ignore', 'ignore_ament_install']
[2.829s] Level 1:colcon.colcon_core.package_identification:_identify(ros2_ws/src) by extension 'ignore'
[2.830s] Level 1:colcon.colcon_core.package_identification:_identify(ros2_ws/src) by extension 'ignore_ament_install'
[2.830s] Level 1:colcon.colcon_core.package_identification:_identify(ros2_ws/src) by extensions ['colcon_pkg']
[2.830s] Level 1:colcon.colcon_core.package_identification:_identify(ros2_ws/src) by extension 'colcon_pkg'
[2.830s] Level 1:colcon.colcon_core.package_identification:_identify(ros2_ws/src) by extensions ['colcon_meta']
[2.830s] Level 1:colcon.colcon_core.package_identification:_identify(ros2_ws/src) by extension 'colcon_meta'
[2.831s] Level 1:colcon.colcon_core.package_identification:_identify(ros2_ws/src) by extensions ['ament_cargo']
[2.831s] Level 1:colcon.colcon_core.package_identification:_identify(ros2_ws/src) by extension 'ament_cargo'
[2.831s] Level 1:colcon.colcon_core.package_identification:_identify(ros2_ws/src) by extensions ['ros']
[2.831s] Level 1:colcon.colcon_core.package_identification:_identify(ros2_ws/src) by extension 'ros'
[2.832s] Level 1:colcon.colcon_core.package_identification:_identify(ros2_ws/src) by extensions ['cargo', 'cmake', 'python']
[2.832s] Level 1:colcon.colcon_core.package_identification:_identify(ros2_ws/src) by extension 'cargo'
[2.832s] Level 1:colcon.colcon_core.package_identification:_identify(ros2_ws/src) by extension 'cmake'
[2.832s] Level 1:colcon.colcon_core.package_identification:_identify(ros2_ws/src) by extension 'python'
[2.832s] Level 1:colcon.colcon_core.package_identification:_identify(ros2_ws/src) by extensions ['python_setup_py']
[2.832s] Level 1:colcon.colcon_core.package_identification:_identify(ros2_ws/src) by extension 'python_setup_py'
[2.833s] Level 1:colcon.colcon_core.package_identification:_identify(ros2_ws/src/3d_object_detection) by extensions ['ignore', 'ignore_ament_install']
[2.833s] Level 1:colcon.colcon_core.package_identification:_identify(ros2_ws/src/3d_object_detection) by extension 'ignore'
[2.835s] Level 1:colcon.colcon_core.package_identification:_identify(ros2_ws/src/3d_object_detection) by extension 'ignore_ament_install'
[2.836s] Level 1:colcon.colcon_core.package_identification:_identify(ros2_ws/src/3d_object_detection) by extensions ['colcon_pkg']
[2.836s] Level 1:colcon.colcon_core.package_identification:_identify(ros2_ws/src/3d_object_detection) by extension 'colcon_pkg'
[2.836s] Level 1:colcon.colcon_core.package_identification:_identify(ros2_ws/src/3d_object_detection) by extensions ['colcon_meta']
[2.836s] Level 1:colcon.colcon_core.package_identification:_identify(ros2_ws/src/3d_object_detection) by extension 'colcon_meta'
[2.836s] Level 1:colcon.colcon_core.package_identification:_identify(ros2_ws/src/3d_object_detection) by extensions ['ament_cargo']
[2.836s] Level 1:colcon.colcon_core.package_identification:_identify(ros2_ws/src/3d_object_detection) by extension 'ament_cargo'
[2.836s] Level 1:colcon.colcon_core.package_identification:_identify(ros2_ws/src/3d_object_detection) by extensions ['ros']
[2.837s] Level 1:colcon.colcon_core.package_identification:_identify(ros2_ws/src/3d_object_detection) by extension 'ros'
[2.838s] DEBUG:colcon.colcon_core.package_identification:Package 'ros2_ws/src/3d_object_detection' with type 'ros.ament_python' and name '3d_object_detection'
[2.839s] Level 1:colcon.colcon_core.package_identification:_identify(ros2_ws/src/limo_files) by extensions ['ignore', 'ignore_ament_install']
[2.839s] Level 1:colcon.colcon_core.package_identification:_identify(ros2_ws/src/limo_files) by extension 'ignore'
[2.839s] Level 1:colcon.colcon_core.package_identification:_identify(ros2_ws/src/limo_files) by extension 'ignore_ament_install'
[2.840s] Level 1:colcon.colcon_core.package_identification:_identify(ros2_ws/src/limo_files) by extensions ['colcon_pkg']
[2.840s] Level 1:colcon.colcon_core.package_identification:_identify(ros2_ws/src/limo_files) by extension 'colcon_pkg'
[2.841s] Level 1:colcon.colcon_core.package_identification:_identify(ros2_ws/src/limo_files) by extensions ['colcon_meta']
[2.841s] Level 1:colcon.colcon_core.package_identification:_identify(ros2_ws/src/limo_files) by extension 'colcon_meta'
[2.841s] Level 1:colcon.colcon_core.package_identification:_identify(ros2_ws/src/limo_files) by extensions ['ament_cargo']
[2.841s] Level 1:colcon.colcon_core.package_identification:_identify(ros2_ws/src/limo_files) by extension 'ament_cargo'
[2.841s] Level 1:colcon.colcon_core.package_identification:_identify(ros2_ws/src/limo_files) by extensions ['ros']
[2.842s] Level 1:colcon.colcon_core.package_identification:_identify(ros2_ws/src/limo_files) by extension 'ros'
[2.842s] Level 1:colcon.colcon_core.package_identification:_identify(ros2_ws/src/limo_files) by extensions ['cargo', 'cmake', 'python']
[2.842s] Level 1:colcon.colcon_core.package_identification:_identify(ros2_ws/src/limo_files) by extension 'cargo'
[2.843s] Level 1:colcon.colcon_core.package_identification:_identify(ros2_ws/src/limo_files) by extension 'cmake'
[2.843s] Level 1:colcon.colcon_core.package_identification:_identify(ros2_ws/src/limo_files) by extension 'python'
[2.843s] Level 1:colcon.colcon_core.package_identification:_identify(ros2_ws/src/limo_files) by extensions ['python_setup_py']
[2.843s] Level 1:colcon.colcon_core.package_identification:_identify(ros2_ws/src/limo_files) by extension 'python_setup_py'
[2.844s] Level 1:colcon.colcon_core.package_identification:_identify(ros2_ws/src/limo_files/gazebo_plugins_ros_mod) by extensions ['ignore', 'ignore_ament_install']
[2.844s] Level 1:colcon.colcon_core.package_identification:_identify(ros2_ws/src/limo_files/gazebo_plugins_ros_mod) by extension 'ignore'
[2.845s] Level 1:colcon.colcon_core.package_identification:_identify(ros2_ws/src/limo_files/gazebo_plugins_ros_mod) by extension 'ignore_ament_install'
[2.845s] Level 1:colcon.colcon_core.package_identification:_identify(ros2_ws/src/limo_files/gazebo_plugins_ros_mod) by extensions ['colcon_pkg']
[2.845s] Level 1:colcon.colcon_core.package_identification:_identify(ros2_ws/src/limo_files/gazebo_plugins_ros_mod) by extension 'colcon_pkg'
[2.846s] Level 1:colcon.colcon_core.package_identification:_identify(ros2_ws/src/limo_files/gazebo_plugins_ros_mod) by extensions ['colcon_meta']
[2.846s] Level 1:colcon.colcon_core.package_identification:_identify(ros2_ws/src/limo_files/gazebo_plugins_ros_mod) by extension 'colcon_meta'
[2.846s] Level 1:colcon.colcon_core.package_identification:_identify(ros2_ws/src/limo_files/gazebo_plugins_ros_mod) by extensions ['ament_cargo']
[2.847s] Level 1:colcon.colcon_core.package_identification:_identify(ros2_ws/src/limo_files/gazebo_plugins_ros_mod) by extension 'ament_cargo'
[2.847s] Level 1:colcon.colcon_core.package_identification:_identify(ros2_ws/src/limo_files/gazebo_plugins_ros_mod) by extensions ['ros']
[2.847s] Level 1:colcon.colcon_core.package_identification:_identify(ros2_ws/src/limo_files/gazebo_plugins_ros_mod) by extension 'ros'
[2.848s] Level 1:colcon.colcon_core.package_identification:_identify(ros2_ws/src/limo_files/gazebo_plugins_ros_mod) by extensions ['cargo', 'cmake', 'python']
[2.848s] Level 1:colcon.colcon_core.package_identification:_identify(ros2_ws/src/limo_files/gazebo_plugins_ros_mod) by extension 'cargo'
[2.848s] Level 1:colcon.colcon_core.package_identification:_identify(ros2_ws/src/limo_files/gazebo_plugins_ros_mod) by extension 'cmake'
[2.848s] Level 1:colcon.colcon_core.package_identification:_identify(ros2_ws/src/limo_files/gazebo_plugins_ros_mod) by extension 'python'
[2.849s] Level 1:colcon.colcon_core.package_identification:_identify(ros2_ws/src/limo_files/gazebo_plugins_ros_mod) by extensions ['python_setup_py']
[2.849s] Level 1:colcon.colcon_core.package_identification:_identify(ros2_ws/src/limo_files/gazebo_plugins_ros_mod) by extension 'python_setup_py'
[2.849s] Level 1:colcon.colcon_core.package_identification:_identify(ros2_ws/src/limo_files/gazebo_plugins_ros_mod/tc_gazebo_plugins) by extensions ['ignore', 'ignore_ament_install']
[2.850s] Level 1:colcon.colcon_core.package_identification:_identify(ros2_ws/src/limo_files/gazebo_plugins_ros_mod/tc_gazebo_plugins) by extension 'ignore'
[2.850s] Level 1:colcon.colcon_core.package_identification:_identify(ros2_ws/src/limo_files/gazebo_plugins_ros_mod/tc_gazebo_plugins) by extension 'ignore_ament_install'
[2.851s] Level 1:colcon.colcon_core.package_identification:_identify(ros2_ws/src/limo_files/gazebo_plugins_ros_mod/tc_gazebo_plugins) by extensions ['colcon_pkg']
[2.851s] Level 1:colcon.colcon_core.package_identification:_identify(ros2_ws/src/limo_files/gazebo_plugins_ros_mod/tc_gazebo_plugins) by extension 'colcon_pkg'
[2.851s] Level 1:colcon.colcon_core.package_identification:_identify(ros2_ws/src/limo_files/gazebo_plugins_ros_mod/tc_gazebo_plugins) by extensions ['colcon_meta']
[2.852s] Level 1:colcon.colcon_core.package_identification:_identify(ros2_ws/src/limo_files/gazebo_plugins_ros_mod/tc_gazebo_plugins) by extension 'colcon_meta'
[2.852s] Level 1:colcon.colcon_core.package_identification:_identify(ros2_ws/src/limo_files/gazebo_plugins_ros_mod/tc_gazebo_plugins) by extensions ['ament_cargo']
[2.853s] Level 1:colcon.colcon_core.package_identification:_identify(ros2_ws/src/limo_files/gazebo_plugins_ros_mod/tc_gazebo_plugins) by extension 'ament_cargo'
[2.853s] Level 1:colcon.colcon_core.package_identification:_identify(ros2_ws/src/limo_files/gazebo_plugins_ros_mod/tc_gazebo_plugins) by extensions ['ros']
[2.853s] Level 1:colcon.colcon_core.package_identification:_identify(ros2_ws/src/limo_files/gazebo_plugins_ros_mod/tc_gazebo_plugins) by extension 'ros'
[2.935s] DEBUG:colcon.colcon_core.package_identification:Package 'ros2_ws/src/limo_files/gazebo_plugins_ros_mod/tc_gazebo_plugins' with type 'ros.ament_cmake' and name 'tc_gazebo_plugins'
[2.944s] Level 1:colcon.colcon_core.package_identification:_identify(ros2_ws/src/limo_files/limo_ros2) by extensions ['ignore', 'ignore_ament_install']
[2.945s] Level 1:colcon.colcon_core.package_identification:_identify(ros2_ws/src/limo_files/limo_ros2) by extension 'ignore'
[2.945s] Level 1:colcon.colcon_core.package_identification:_identify(ros2_ws/src/limo_files/limo_ros2) by extension 'ignore_ament_install'
[2.948s] Level 1:colcon.colcon_core.package_identification:_identify(ros2_ws/src/limo_files/limo_ros2) by extensions ['colcon_pkg']
[2.952s] Level 1:colcon.colcon_core.package_identification:_identify(ros2_ws/src/limo_files/limo_ros2) by extension 'colcon_pkg'
[2.952s] Level 1:colcon.colcon_core.package_identification:_identify(ros2_ws/src/limo_files/limo_ros2) by extensions ['colcon_meta']
[2.954s] Level 1:colcon.colcon_core.package_identification:_identify(ros2_ws/src/limo_files/limo_ros2) by extension 'colcon_meta'
[2.958s] Level 1:colcon.colcon_core.package_identification:_identify(ros2_ws/src/limo_files/limo_ros2) by extensions ['ament_cargo']
[2.959s] Level 1:colcon.colcon_core.package_identification:_identify(ros2_ws/src/limo_files/limo_ros2) by extension 'ament_cargo'
[2.959s] Level 1:colcon.colcon_core.package_identification:_identify(ros2_ws/src/limo_files/limo_ros2) by extensions ['ros']
[2.960s] Level 1:colcon.colcon_core.package_identification:_identify(ros2_ws/src/limo_files/limo_ros2) by extension 'ros'
[2.960s] Level 1:colcon.colcon_core.package_identification:_identify(ros2_ws/src/limo_files/limo_ros2) by extensions ['cargo', 'cmake', 'python']
[2.960s] Level 1:colcon.colcon_core.package_identification:_identify(ros2_ws/src/limo_files/limo_ros2) by extension 'cargo'
[2.960s] Level 1:colcon.colcon_core.package_identification:_identify(ros2_ws/src/limo_files/limo_ros2) by extension 'cmake'
[2.960s] Level 1:colcon.colcon_core.package_identification:_identify(ros2_ws/src/limo_files/limo_ros2) by extension 'python'
[2.960s] Level 1:colcon.colcon_core.package_identification:_identify(ros2_ws/src/limo_files/limo_ros2) by extensions ['python_setup_py']
[2.960s] Level 1:colcon.colcon_core.package_identification:_identify(ros2_ws/src/limo_files/limo_ros2) by extension 'python_setup_py'
[2.960s] Level 1:colcon.colcon_core.package_identification:_identify(ros2_ws/src/limo_files/limo_ros2/limo_base) by extensions ['ignore', 'ignore_ament_install']
[2.961s] Level 1:colcon.colcon_core.package_identification:_identify(ros2_ws/src/limo_files/limo_ros2/limo_base) by extension 'ignore'
[2.963s] Level 1:colcon.colcon_core.package_identification:_identify(ros2_ws/src/limo_files/limo_ros2/limo_base) by extension 'ignore_ament_install'
[2.964s] Level 1:colcon.colcon_core.package_identification:_identify(ros2_ws/src/limo_files/limo_ros2/limo_base) by extensions ['colcon_pkg']
[2.964s] Level 1:colcon.colcon_core.package_identification:_identify(ros2_ws/src/limo_files/limo_ros2/limo_base) by extension 'colcon_pkg'
[2.964s] Level 1:colcon.colcon_core.package_identification:_identify(ros2_ws/src/limo_files/limo_ros2/limo_base) by extensions ['colcon_meta']
[2.964s] Level 1:colcon.colcon_core.package_identification:_identify(ros2_ws/src/limo_files/limo_ros2/limo_base) by extension 'colcon_meta'
[2.964s] Level 1:colcon.colcon_core.package_identification:_identify(ros2_ws/src/limo_files/limo_ros2/limo_base) by extensions ['ament_cargo']
[2.965s] Level 1:colcon.colcon_core.package_identification:_identify(ros2_ws/src/limo_files/limo_ros2/limo_base) by extension 'ament_cargo'
[2.965s] Level 1:colcon.colcon_core.package_identification:_identify(ros2_ws/src/limo_files/limo_ros2/limo_base) by extensions ['ros']
[2.965s] Level 1:colcon.colcon_core.package_identification:_identify(ros2_ws/src/limo_files/limo_ros2/limo_base) by extension 'ros'
[2.976s] DEBUG:colcon.colcon_core.package_identification:Package 'ros2_ws/src/limo_files/limo_ros2/limo_base' with type 'ros.ament_cmake' and name 'limo_base'
[2.982s] Level 1:colcon.colcon_core.package_identification:_identify(ros2_ws/src/limo_files/limo_ros2/limo_car) by extensions ['ignore', 'ignore_ament_install']
[2.986s] Level 1:colcon.colcon_core.package_identification:_identify(ros2_ws/src/limo_files/limo_ros2/limo_car) by extension 'ignore'
[2.986s] Level 1:colcon.colcon_core.package_identification:_identify(ros2_ws/src/limo_files/limo_ros2/limo_car) by extension 'ignore_ament_install'
[2.986s] Level 1:colcon.colcon_core.package_identification:_identify(ros2_ws/src/limo_files/limo_ros2/limo_car) by extensions ['colcon_pkg']
[2.986s] Level 1:colcon.colcon_core.package_identification:_identify(ros2_ws/src/limo_files/limo_ros2/limo_car) by extension 'colcon_pkg'
[2.986s] Level 1:colcon.colcon_core.package_identification:_identify(ros2_ws/src/limo_files/limo_ros2/limo_car) by extensions ['colcon_meta']
[2.986s] Level 1:colcon.colcon_core.package_identification:_identify(ros2_ws/src/limo_files/limo_ros2/limo_car) by extension 'colcon_meta'
[2.990s] Level 1:colcon.colcon_core.package_identification:_identify(ros2_ws/src/limo_files/limo_ros2/limo_car) by extensions ['ament_cargo']
[2.991s] Level 1:colcon.colcon_core.package_identification:_identify(ros2_ws/src/limo_files/limo_ros2/limo_car) by extension 'ament_cargo'
[2.994s] Level 1:colcon.colcon_core.package_identification:_identify(ros2_ws/src/limo_files/limo_ros2/limo_car) by extensions ['ros']
[2.994s] Level 1:colcon.colcon_core.package_identification:_identify(ros2_ws/src/limo_files/limo_ros2/limo_car) by extension 'ros'
[3.001s] DEBUG:colcon.colcon_core.package_identification:Package 'ros2_ws/src/limo_files/limo_ros2/limo_car' with type 'ros.ament_cmake' and name 'limo_car'
[3.002s] Level 1:colcon.colcon_core.package_identification:_identify(ros2_ws/src/limo_files/limo_ros2/limo_description) by extensions ['ignore', 'ignore_ament_install']
[3.005s] Level 1:colcon.colcon_core.package_identification:_identify(ros2_ws/src/limo_files/limo_ros2/limo_description) by extension 'ignore'
[3.008s] Level 1:colcon.colcon_core.package_identification:_identify(ros2_ws/src/limo_files/limo_ros2/limo_description) by extension 'ignore_ament_install'
[3.008s] Level 1:colcon.colcon_core.package_identification:_identify(ros2_ws/src/limo_files/limo_ros2/limo_description) by extensions ['colcon_pkg']
[3.008s] Level 1:colcon.colcon_core.package_identification:_identify(ros2_ws/src/limo_files/limo_ros2/limo_description) by extension 'colcon_pkg'
[3.008s] Level 1:colcon.colcon_core.package_identification:_identify(ros2_ws/src/limo_files/limo_ros2/limo_description) by extensions ['colcon_meta']
[3.009s] Level 1:colcon.colcon_core.package_identification:_identify(ros2_ws/src/limo_files/limo_ros2/limo_description) by extension 'colcon_meta'
[3.009s] Level 1:colcon.colcon_core.package_identification:_identify(ros2_ws/src/limo_files/limo_ros2/limo_description) by extensions ['ament_cargo']
[3.010s] Level 1:colcon.colcon_core.package_identification:_identify(ros2_ws/src/limo_files/limo_ros2/limo_description) by extension 'ament_cargo'
[3.011s] Level 1:colcon.colcon_core.package_identification:_identify(ros2_ws/src/limo_files/limo_ros2/limo_description) by extensions ['ros']
[3.014s] Level 1:colcon.colcon_core.package_identification:_identify(ros2_ws/src/limo_files/limo_ros2/limo_description) by extension 'ros'
[3.016s] DEBUG:colcon.colcon_core.package_identification:Package 'ros2_ws/src/limo_files/limo_ros2/limo_description' with type 'ros.ament_cmake' and name 'limo_description'
[3.020s] Level 1:colcon.colcon_core.package_identification:_identify(ros2_ws/src/limo_files/limo_ros2/limo_msgs) by extensions ['ignore', 'ignore_ament_install']
[3.020s] Level 1:colcon.colcon_core.package_identification:_identify(ros2_ws/src/limo_files/limo_ros2/limo_msgs) by extension 'ignore'
[3.020s] Level 1:colcon.colcon_core.package_identification:_identify(ros2_ws/src/limo_files/limo_ros2/limo_msgs) by extension 'ignore_ament_install'
[3.023s] Level 1:colcon.colcon_core.package_identification:_identify(ros2_ws/src/limo_files/limo_ros2/limo_msgs) by extensions ['colcon_pkg']
[3.025s] Level 1:colcon.colcon_core.package_identification:_identify(ros2_ws/src/limo_files/limo_ros2/limo_msgs) by extension 'colcon_pkg'
[3.025s] Level 1:colcon.colcon_core.package_identification:_identify(ros2_ws/src/limo_files/limo_ros2/limo_msgs) by extensions ['colcon_meta']
[3.025s] Level 1:colcon.colcon_core.package_identification:_identify(ros2_ws/src/limo_files/limo_ros2/limo_msgs) by extension 'colcon_meta'
[3.025s] Level 1:colcon.colcon_core.package_identification:_identify(ros2_ws/src/limo_files/limo_ros2/limo_msgs) by extensions ['ament_cargo']
[3.025s] Level 1:colcon.colcon_core.package_identification:_identify(ros2_ws/src/limo_files/limo_ros2/limo_msgs) by extension 'ament_cargo'
[3.026s] Level 1:colcon.colcon_core.package_identification:_identify(ros2_ws/src/limo_files/limo_ros2/limo_msgs) by extensions ['ros']
[3.026s] Level 1:colcon.colcon_core.package_identification:_identify(ros2_ws/src/limo_files/limo_ros2/limo_msgs) by extension 'ros'
[3.037s] DEBUG:colcon.colcon_core.package_identification:Package 'ros2_ws/src/limo_files/limo_ros2/limo_msgs' with type 'ros.ament_cmake' and name 'limo_msgs'
[3.037s] Level 1:colcon.colcon_core.package_identification:_identify(ros2_ws/src/limo_files/limo_ros2/scripts) by extensions ['ignore', 'ignore_ament_install']
[3.038s] Level 1:colcon.colcon_core.package_identification:_identify(ros2_ws/src/limo_files/limo_ros2/scripts) by extension 'ignore'
[3.038s] Level 1:colcon.colcon_core.package_identification:_identify(ros2_ws/src/limo_files/limo_ros2/scripts) by extension 'ignore_ament_install'
[3.038s] Level 1:colcon.colcon_core.package_identification:_identify(ros2_ws/src/limo_files/limo_ros2/scripts) by extensions ['colcon_pkg']
[3.038s] Level 1:colcon.colcon_core.package_identification:_identify(ros2_ws/src/limo_files/limo_ros2/scripts) by extension 'colcon_pkg'
[3.041s] Level 1:colcon.colcon_core.package_identification:_identify(ros2_ws/src/limo_files/limo_ros2/scripts) by extensions ['colcon_meta']
[3.042s] Level 1:colcon.colcon_core.package_identification:_identify(ros2_ws/src/limo_files/limo_ros2/scripts) by extension 'colcon_meta'
[3.043s] Level 1:colcon.colcon_core.package_identification:_identify(ros2_ws/src/limo_files/limo_ros2/scripts) by extensions ['ament_cargo']
[3.043s] Level 1:colcon.colcon_core.package_identification:_identify(ros2_ws/src/limo_files/limo_ros2/scripts) by extension 'ament_cargo'
[3.043s] Level 1:colcon.colcon_core.package_identification:_identify(ros2_ws/src/limo_files/limo_ros2/scripts) by extensions ['ros']
[3.043s] Level 1:colcon.colcon_core.package_identification:_identify(ros2_ws/src/limo_files/limo_ros2/scripts) by extension 'ros'
[3.044s] Level 1:colcon.colcon_core.package_identification:_identify(ros2_ws/src/limo_files/limo_ros2/scripts) by extensions ['cargo', 'cmake', 'python']
[3.044s] Level 1:colcon.colcon_core.package_identification:_identify(ros2_ws/src/limo_files/limo_ros2/scripts) by extension 'cargo'
[3.047s] Level 1:colcon.colcon_core.package_identification:_identify(ros2_ws/src/limo_files/limo_ros2/scripts) by extension 'cmake'
[3.047s] Level 1:colcon.colcon_core.package_identification:_identify(ros2_ws/src/limo_files/limo_ros2/scripts) by extension 'python'
[3.047s] Level 1:colcon.colcon_core.package_identification:_identify(ros2_ws/src/limo_files/limo_ros2/scripts) by extensions ['python_setup_py']
[3.047s] Level 1:colcon.colcon_core.package_identification:_identify(ros2_ws/src/limo_files/limo_ros2/scripts) by extension 'python_setup_py'
[3.047s] Level 1:colcon.colcon_core.package_identification:_identify(ros2_ws/src/limo_files/ros_components_description) by extensions ['ignore', 'ignore_ament_install']
[3.048s] Level 1:colcon.colcon_core.package_identification:_identify(ros2_ws/src/limo_files/ros_components_description) by extension 'ignore'
[3.048s] Level 1:colcon.colcon_core.package_identification:_identify(ros2_ws/src/limo_files/ros_components_description) by extension 'ignore_ament_install'
[3.048s] Level 1:colcon.colcon_core.package_identification:_identify(ros2_ws/src/limo_files/ros_components_description) by extensions ['colcon_pkg']
[3.048s] Level 1:colcon.colcon_core.package_identification:_identify(ros2_ws/src/limo_files/ros_components_description) by extension 'colcon_pkg'
[3.048s] Level 1:colcon.colcon_core.package_identification:_identify(ros2_ws/src/limo_files/ros_components_description) by extensions ['colcon_meta']
[3.048s] Level 1:colcon.colcon_core.package_identification:_identify(ros2_ws/src/limo_files/ros_components_description) by extension 'colcon_meta'
[3.048s] Level 1:colcon.colcon_core.package_identification:_identify(ros2_ws/src/limo_files/ros_components_description) by extensions ['ament_cargo']
[3.048s] Level 1:colcon.colcon_core.package_identification:_identify(ros2_ws/src/limo_files/ros_components_description) by extension 'ament_cargo'
[3.048s] Level 1:colcon.colcon_core.package_identification:_identify(ros2_ws/src/limo_files/ros_components_description) by extensions ['ros']
[3.048s] Level 1:colcon.colcon_core.package_identification:_identify(ros2_ws/src/limo_files/ros_components_description) by extension 'ros'
[3.210s] DEBUG:colcon.colcon_core.package_identification:Package 'ros2_ws/src/limo_files/ros_components_description' with type 'ros.ament_cmake' and name 'ros_components_description'
[3.212s] Level 1:colcon.colcon_core.package_identification:_identify(ros2_ws/src/limo_files/rviz) by extensions ['ignore', 'ignore_ament_install']
[3.212s] Level 1:colcon.colcon_core.package_identification:_identify(ros2_ws/src/limo_files/rviz) by extension 'ignore'
[3.212s] Level 1:colcon.colcon_core.package_identification:_identify(ros2_ws/src/limo_files/rviz) by extension 'ignore_ament_install'
[3.212s] Level 1:colcon.colcon_core.package_identification:_identify(ros2_ws/src/limo_files/rviz) by extensions ['colcon_pkg']
[3.212s] Level 1:colcon.colcon_core.package_identification:_identify(ros2_ws/src/limo_files/rviz) by extension 'colcon_pkg'
[3.212s] Level 1:colcon.colcon_core.package_identification:_identify(ros2_ws/src/limo_files/rviz) by extensions ['colcon_meta']
[3.213s] Level 1:colcon.colcon_core.package_identification:_identify(ros2_ws/src/limo_files/rviz) by extension 'colcon_meta'
[3.213s] Level 1:colcon.colcon_core.package_identification:_identify(ros2_ws/src/limo_files/rviz) by extensions ['ament_cargo']
[3.213s] Level 1:colcon.colcon_core.package_identification:_identify(ros2_ws/src/limo_files/rviz) by extension 'ament_cargo'
[3.213s] Level 1:colcon.colcon_core.package_identification:_identify(ros2_ws/src/limo_files/rviz) by extensions ['ros']
[3.213s] Level 1:colcon.colcon_core.package_identification:_identify(ros2_ws/src/limo_files/rviz) by extension 'ros'
[3.213s] Level 1:colcon.colcon_core.package_identification:_identify(ros2_ws/src/limo_files/rviz) by extensions ['cargo', 'cmake', 'python']
[3.213s] Level 1:colcon.colcon_core.package_identification:_identify(ros2_ws/src/limo_files/rviz) by extension 'cargo'
[3.213s] Level 1:colcon.colcon_core.package_identification:_identify(ros2_ws/src/limo_files/rviz) by extension 'cmake'
[3.213s] Level 1:colcon.colcon_core.package_identification:_identify(ros2_ws/src/limo_files/rviz) by extension 'python'
[3.213s] Level 1:colcon.colcon_core.package_identification:_identify(ros2_ws/src/limo_files/rviz) by extensions ['python_setup_py']
[3.213s] Level 1:colcon.colcon_core.package_identification:_identify(ros2_ws/src/limo_files/rviz) by extension 'python_setup_py'
[3.213s] Level 1:colcon.colcon_core.package_identification:_identify(ros2_ws/src/limo_files/scripts) by extensions ['ignore', 'ignore_ament_install']
[3.214s] Level 1:colcon.colcon_core.package_identification:_identify(ros2_ws/src/limo_files/scripts) by extension 'ignore'
[3.214s] Level 1:colcon.colcon_core.package_identification:_identify(ros2_ws/src/limo_files/scripts) by extension 'ignore_ament_install'
[3.214s] Level 1:colcon.colcon_core.package_identification:_identify(ros2_ws/src/limo_files/scripts) by extensions ['colcon_pkg']
[3.214s] Level 1:colcon.colcon_core.package_identification:_identify(ros2_ws/src/limo_files/scripts) by extension 'colcon_pkg'
[3.217s] Level 1:colcon.colcon_core.package_identification:_identify(ros2_ws/src/limo_files/scripts) by extensions ['colcon_meta']
[3.217s] Level 1:colcon.colcon_core.package_identification:_identify(ros2_ws/src/limo_files/scripts) by extension 'colcon_meta'
[3.220s] Level 1:colcon.colcon_core.package_identification:_identify(ros2_ws/src/limo_files/scripts) by extensions ['ament_cargo']
[3.220s] Level 1:colcon.colcon_core.package_identification:_identify(ros2_ws/src/limo_files/scripts) by extension 'ament_cargo'
[3.220s] Level 1:colcon.colcon_core.package_identification:_identify(ros2_ws/src/limo_files/scripts) by extensions ['ros']
[3.220s] Level 1:colcon.colcon_core.package_identification:_identify(ros2_ws/src/limo_files/scripts) by extension 'ros'
[3.221s] Level 1:colcon.colcon_core.package_identification:_identify(ros2_ws/src/limo_files/scripts) by extensions ['cargo', 'cmake', 'python']
[3.221s] Level 1:colcon.colcon_core.package_identification:_identify(ros2_ws/src/limo_files/scripts) by extension 'cargo'
[3.221s] Level 1:colcon.colcon_core.package_identification:_identify(ros2_ws/src/limo_files/scripts) by extension 'cmake'
[3.221s] Level 1:colcon.colcon_core.package_identification:_identify(ros2_ws/src/limo_files/scripts) by extension 'python'
[3.221s] Level 1:colcon.colcon_core.package_identification:_identify(ros2_ws/src/limo_files/scripts) by extensions ['python_setup_py']
[3.221s] Level 1:colcon.colcon_core.package_identification:_identify(ros2_ws/src/limo_files/scripts) by extension 'python_setup_py'
[3.225s] Level 1:colcon.colcon_core.package_identification:_identify(ros2_ws/src/move_towards_object) by extensions ['ignore', 'ignore_ament_install']
[3.225s] Level 1:colcon.colcon_core.package_identification:_identify(ros2_ws/src/move_towards_object) by extension 'ignore'
[3.226s] Level 1:colcon.colcon_core.package_identification:_identify(ros2_ws/src/move_towards_object) by extension 'ignore_ament_install'
[3.226s] Level 1:colcon.colcon_core.package_identification:_identify(ros2_ws/src/move_towards_object) by extensions ['colcon_pkg']
[3.228s] Level 1:colcon.colcon_core.package_identification:_identify(ros2_ws/src/move_towards_object) by extension 'colcon_pkg'
[3.228s] Level 1:colcon.colcon_core.package_identification:_identify(ros2_ws/src/move_towards_object) by extensions ['colcon_meta']
[3.228s] Level 1:colcon.colcon_core.package_identification:_identify(ros2_ws/src/move_towards_object) by extension 'colcon_meta'
[3.228s] Level 1:colcon.colcon_core.package_identification:_identify(ros2_ws/src/move_towards_object) by extensions ['ament_cargo']
[3.228s] Level 1:colcon.colcon_core.package_identification:_identify(ros2_ws/src/move_towards_object) by extension 'ament_cargo'
[3.228s] Level 1:colcon.colcon_core.package_identification:_identify(ros2_ws/src/move_towards_object) by extensions ['ros']
[3.228s] Level 1:colcon.colcon_core.package_identification:_identify(ros2_ws/src/move_towards_object) by extension 'ros'
[3.230s] DEBUG:colcon.colcon_core.package_identification:Package 'ros2_ws/src/move_towards_object' with type 'ros.ament_python' and name 'move_towards_object'
[3.230s] Level 1:colcon.colcon_core.package_identification:_identify(ros2_ws/src/raw_test) by extensions ['ignore', 'ignore_ament_install']
[3.231s] Level 1:colcon.colcon_core.package_identification:_identify(ros2_ws/src/raw_test) by extension 'ignore'
[3.231s] Level 1:colcon.colcon_core.package_identification:_identify(ros2_ws/src/raw_test) by extension 'ignore_ament_install'
[3.231s] Level 1:colcon.colcon_core.package_identification:_identify(ros2_ws/src/raw_test) by extensions ['colcon_pkg']
[3.235s] Level 1:colcon.colcon_core.package_identification:_identify(ros2_ws/src/raw_test) by extension 'colcon_pkg'
[3.235s] Level 1:colcon.colcon_core.package_identification:_identify(ros2_ws/src/raw_test) by extensions ['colcon_meta']
[3.236s] Level 1:colcon.colcon_core.package_identification:_identify(ros2_ws/src/raw_test) by extension 'colcon_meta'
[3.236s] Level 1:colcon.colcon_core.package_identification:_identify(ros2_ws/src/raw_test) by extensions ['ament_cargo']
[3.236s] Level 1:colcon.colcon_core.package_identification:_identify(ros2_ws/src/raw_test) by extension 'ament_cargo'
[3.236s] Level 1:colcon.colcon_core.package_identification:_identify(ros2_ws/src/raw_test) by extensions ['ros']
[3.236s] Level 1:colcon.colcon_core.package_identification:_identify(ros2_ws/src/raw_test) by extension 'ros'
[3.239s] Level 1:colcon.colcon_core.package_identification:_identify(ros2_ws/src/raw_test) by extensions ['cargo', 'cmake', 'python']
[3.239s] Level 1:colcon.colcon_core.package_identification:_identify(ros2_ws/src/raw_test) by extension 'cargo'
[3.239s] Level 1:colcon.colcon_core.package_identification:_identify(ros2_ws/src/raw_test) by extension 'cmake'
[3.240s] Level 1:colcon.colcon_core.package_identification:_identify(ros2_ws/src/raw_test) by extension 'python'
[3.240s] Level 1:colcon.colcon_core.package_identification:_identify(ros2_ws/src/raw_test) by extensions ['python_setup_py']
[3.240s] Level 1:colcon.colcon_core.package_identification:_identify(ros2_ws/src/raw_test) by extension 'python_setup_py'
[3.240s] Level 1:colcon.colcon_core.package_identification:_identify(ros2_ws/src/raw_test/openrobotics_darknet_ros) by extensions ['ignore', 'ignore_ament_install']
[3.240s] Level 1:colcon.colcon_core.package_identification:_identify(ros2_ws/src/raw_test/openrobotics_darknet_ros) by extension 'ignore'
[3.240s] Level 1:colcon.colcon_core.package_identification:_identify(ros2_ws/src/raw_test/openrobotics_darknet_ros) by extension 'ignore_ament_install'
[3.240s] Level 1:colcon.colcon_core.package_identification:_identify(ros2_ws/src/raw_test/openrobotics_darknet_ros) by extensions ['colcon_pkg']
[3.240s] Level 1:colcon.colcon_core.package_identification:_identify(ros2_ws/src/raw_test/openrobotics_darknet_ros) by extension 'colcon_pkg'
[3.240s] Level 1:colcon.colcon_core.package_identification:_identify(ros2_ws/src/raw_test/openrobotics_darknet_ros) by extensions ['colcon_meta']
[3.240s] Level 1:colcon.colcon_core.package_identification:_identify(ros2_ws/src/raw_test/openrobotics_darknet_ros) by extension 'colcon_meta'
[3.241s] Level 1:colcon.colcon_core.package_identification:_identify(ros2_ws/src/raw_test/openrobotics_darknet_ros) by extensions ['ament_cargo']
[3.241s] Level 1:colcon.colcon_core.package_identification:_identify(ros2_ws/src/raw_test/openrobotics_darknet_ros) by extension 'ament_cargo'
[3.241s] Level 1:colcon.colcon_core.package_identification:_identify(ros2_ws/src/raw_test/openrobotics_darknet_ros) by extensions ['ros']
[3.241s] Level 1:colcon.colcon_core.package_identification:_identify(ros2_ws/src/raw_test/openrobotics_darknet_ros) by extension 'ros'
[3.245s] DEBUG:colcon.colcon_core.package_identification:Package 'ros2_ws/src/raw_test/openrobotics_darknet_ros' with type 'ros.ament_cmake' and name 'openrobotics_darknet_ros'
[3.247s] Level 1:colcon.colcon_core.package_identification:_identify(ros2_ws/src/raw_test/vision_msgs) by extensions ['ignore', 'ignore_ament_install']
[3.249s] Level 1:colcon.colcon_core.package_identification:_identify(ros2_ws/src/raw_test/vision_msgs) by extension 'ignore'
[3.249s] Level 1:colcon.colcon_core.package_identification:_identify(ros2_ws/src/raw_test/vision_msgs) by extension 'ignore_ament_install'
[3.250s] Level 1:colcon.colcon_core.package_identification:_identify(ros2_ws/src/raw_test/vision_msgs) by extensions ['colcon_pkg']
[3.252s] Level 1:colcon.colcon_core.package_identification:_identify(ros2_ws/src/raw_test/vision_msgs) by extension 'colcon_pkg'
[3.266s] Level 1:colcon.colcon_core.package_identification:_identify(ros2_ws/src/raw_test/vision_msgs) by extensions ['colcon_meta']
[3.266s] Level 1:colcon.colcon_core.package_identification:_identify(ros2_ws/src/raw_test/vision_msgs) by extension 'colcon_meta'
[3.266s] Level 1:colcon.colcon_core.package_identification:_identify(ros2_ws/src/raw_test/vision_msgs) by extensions ['ament_cargo']
[3.266s] Level 1:colcon.colcon_core.package_identification:_identify(ros2_ws/src/raw_test/vision_msgs) by extension 'ament_cargo'
[3.266s] Level 1:colcon.colcon_core.package_identification:_identify(ros2_ws/src/raw_test/vision_msgs) by extensions ['ros']
[3.266s] Level 1:colcon.colcon_core.package_identification:_identify(ros2_ws/src/raw_test/vision_msgs) by extension 'ros'
[3.266s] Level 1:colcon.colcon_core.package_identification:_identify(ros2_ws/src/raw_test/vision_msgs) by extensions ['cargo', 'cmake', 'python']
[3.266s] Level 1:colcon.colcon_core.package_identification:_identify(ros2_ws/src/raw_test/vision_msgs) by extension 'cargo'
[3.266s] Level 1:colcon.colcon_core.package_identification:_identify(ros2_ws/src/raw_test/vision_msgs) by extension 'cmake'
[3.266s] Level 1:colcon.colcon_core.package_identification:_identify(ros2_ws/src/raw_test/vision_msgs) by extension 'python'
[3.266s] Level 1:colcon.colcon_core.package_identification:_identify(ros2_ws/src/raw_test/vision_msgs) by extensions ['python_setup_py']
[3.267s] Level 1:colcon.colcon_core.package_identification:_identify(ros2_ws/src/raw_test/vision_msgs) by extension 'python_setup_py'
[3.267s] Level 1:colcon.colcon_core.package_identification:_identify(ros2_ws/src/raw_test/vision_msgs/vision_msgs) by extensions ['ignore', 'ignore_ament_install']
[3.267s] Level 1:colcon.colcon_core.package_identification:_identify(ros2_ws/src/raw_test/vision_msgs/vision_msgs) by extension 'ignore'
[3.267s] Level 1:colcon.colcon_core.package_identification:_identify(ros2_ws/src/raw_test/vision_msgs/vision_msgs) by extension 'ignore_ament_install'
[3.274s] Level 1:colcon.colcon_core.package_identification:_identify(ros2_ws/src/raw_test/vision_msgs/vision_msgs) by extensions ['colcon_pkg']
[3.274s] Level 1:colcon.colcon_core.package_identification:_identify(ros2_ws/src/raw_test/vision_msgs/vision_msgs) by extension 'colcon_pkg'
[3.274s] Level 1:colcon.colcon_core.package_identification:_identify(ros2_ws/src/raw_test/vision_msgs/vision_msgs) by extensions ['colcon_meta']
[3.274s] Level 1:colcon.colcon_core.package_identification:_identify(ros2_ws/src/raw_test/vision_msgs/vision_msgs) by extension 'colcon_meta'
[3.274s] Level 1:colcon.colcon_core.package_identification:_identify(ros2_ws/src/raw_test/vision_msgs/vision_msgs) by extensions ['ament_cargo']
[3.274s] Level 1:colcon.colcon_core.package_identification:_identify(ros2_ws/src/raw_test/vision_msgs/vision_msgs) by extension 'ament_cargo'
[3.274s] Level 1:colcon.colcon_core.package_identification:_identify(ros2_ws/src/raw_test/vision_msgs/vision_msgs) by extensions ['ros']
[3.274s] Level 1:colcon.colcon_core.package_identification:_identify(ros2_ws/src/raw_test/vision_msgs/vision_msgs) by extension 'ros'
[3.276s] DEBUG:colcon.colcon_core.package_identification:Package 'ros2_ws/src/raw_test/vision_msgs/vision_msgs' with type 'ros.ament_cmake' and name 'vision_msgs'
[3.277s] Level 1:colcon.colcon_core.package_identification:_identify(ros2_ws/src/raw_test/vision_msgs/vision_msgs_rviz_plugins) by extensions ['ignore', 'ignore_ament_install']
[3.277s] Level 1:colcon.colcon_core.package_identification:_identify(ros2_ws/src/raw_test/vision_msgs/vision_msgs_rviz_plugins) by extension 'ignore'
[3.277s] Level 1:colcon.colcon_core.package_identification:_identify(ros2_ws/src/raw_test/vision_msgs/vision_msgs_rviz_plugins) by extension 'ignore_ament_install'
[3.277s] Level 1:colcon.colcon_core.package_identification:_identify(ros2_ws/src/raw_test/vision_msgs/vision_msgs_rviz_plugins) by extensions ['colcon_pkg']
[3.277s] Level 1:colcon.colcon_core.package_identification:_identify(ros2_ws/src/raw_test/vision_msgs/vision_msgs_rviz_plugins) by extension 'colcon_pkg'
[3.278s] Level 1:colcon.colcon_core.package_identification:_identify(ros2_ws/src/raw_test/vision_msgs/vision_msgs_rviz_plugins) by extensions ['colcon_meta']
[3.278s] Level 1:colcon.colcon_core.package_identification:_identify(ros2_ws/src/raw_test/vision_msgs/vision_msgs_rviz_plugins) by extension 'colcon_meta'
[3.278s] Level 1:colcon.colcon_core.package_identification:_identify(ros2_ws/src/raw_test/vision_msgs/vision_msgs_rviz_plugins) by extensions ['ament_cargo']
[3.278s] Level 1:colcon.colcon_core.package_identification:_identify(ros2_ws/src/raw_test/vision_msgs/vision_msgs_rviz_plugins) by extension 'ament_cargo'
[3.278s] Level 1:colcon.colcon_core.package_identification:_identify(ros2_ws/src/raw_test/vision_msgs/vision_msgs_rviz_plugins) by extensions ['ros']
[3.278s] Level 1:colcon.colcon_core.package_identification:_identify(ros2_ws/src/raw_test/vision_msgs/vision_msgs_rviz_plugins) by extension 'ros'
[3.284s] DEBUG:colcon.colcon_core.package_identification:Package 'ros2_ws/src/raw_test/vision_msgs/vision_msgs_rviz_plugins' with type 'ros.ament_cmake' and name 'vision_msgs_rviz_plugins'
[3.284s] Level 1:colcon.colcon_core.package_identification:_identify(ros2_ws/src/raw_test/yolo_pointcloud_marker) by extensions ['ignore', 'ignore_ament_install']
[3.284s] Level 1:colcon.colcon_core.package_identification:_identify(ros2_ws/src/raw_test/yolo_pointcloud_marker) by extension 'ignore'
[3.284s] Level 1:colcon.colcon_core.package_identification:_identify(ros2_ws/src/raw_test/yolo_pointcloud_marker) by extension 'ignore_ament_install'
[3.285s] Level 1:colcon.colcon_core.package_identification:_identify(ros2_ws/src/raw_test/yolo_pointcloud_marker) by extensions ['colcon_pkg']
[3.285s] Level 1:colcon.colcon_core.package_identification:_identify(ros2_ws/src/raw_test/yolo_pointcloud_marker) by extension 'colcon_pkg'
[3.285s] Level 1:colcon.colcon_core.package_identification:_identify(ros2_ws/src/raw_test/yolo_pointcloud_marker) by extensions ['colcon_meta']
[3.285s] Level 1:colcon.colcon_core.package_identification:_identify(ros2_ws/src/raw_test/yolo_pointcloud_marker) by extension 'colcon_meta'
[3.285s] Level 1:colcon.colcon_core.package_identification:_identify(ros2_ws/src/raw_test/yolo_pointcloud_marker) by extensions ['ament_cargo']
[3.285s] Level 1:colcon.colcon_core.package_identification:_identify(ros2_ws/src/raw_test/yolo_pointcloud_marker) by extension 'ament_cargo'
[3.285s] Level 1:colcon.colcon_core.package_identification:_identify(ros2_ws/src/raw_test/yolo_pointcloud_marker) by extensions ['ros']
[3.285s] Level 1:colcon.colcon_core.package_identification:_identify(ros2_ws/src/raw_test/yolo_pointcloud_marker) by extension 'ros'
[3.290s] DEBUG:colcon.colcon_core.package_identification:Package 'ros2_ws/src/raw_test/yolo_pointcloud_marker' with type 'ros.ament_python' and name 'yolo_pointcloud_marker'
[3.296s] Level 1:colcon.colcon_core.package_identification:_identify(webpage_ws) by extensions ['ignore', 'ignore_ament_install']
[3.296s] Level 1:colcon.colcon_core.package_identification:_identify(webpage_ws) by extension 'ignore'
[3.296s] Level 1:colcon.colcon_core.package_identification:_identify(webpage_ws) by extension 'ignore_ament_install'
[3.297s] Level 1:colcon.colcon_core.package_identification:_identify(webpage_ws) by extensions ['colcon_pkg']
[3.297s] Level 1:colcon.colcon_core.package_identification:_identify(webpage_ws) by extension 'colcon_pkg'
[3.297s] Level 1:colcon.colcon_core.package_identification:_identify(webpage_ws) by extensions ['colcon_meta']
[3.297s] Level 1:colcon.colcon_core.package_identification:_identify(webpage_ws) by extension 'colcon_meta'
[3.297s] Level 1:colcon.colcon_core.package_identification:_identify(webpage_ws) by extensions ['ament_cargo']
[3.300s] Level 1:colcon.colcon_core.package_identification:_identify(webpage_ws) by extension 'ament_cargo'
[3.300s] Level 1:colcon.colcon_core.package_identification:_identify(webpage_ws) by extensions ['ros']
[3.300s] Level 1:colcon.colcon_core.package_identification:_identify(webpage_ws) by extension 'ros'
[3.300s] Level 1:colcon.colcon_core.package_identification:_identify(webpage_ws) by extensions ['cargo', 'cmake', 'python']
[3.300s] Level 1:colcon.colcon_core.package_identification:_identify(webpage_ws) by extension 'cargo'
[3.300s] Level 1:colcon.colcon_core.package_identification:_identify(webpage_ws) by extension 'cmake'
[3.300s] Level 1:colcon.colcon_core.package_identification:_identify(webpage_ws) by extension 'python'
[3.300s] Level 1:colcon.colcon_core.package_identification:_identify(webpage_ws) by extensions ['python_setup_py']
[3.300s] Level 1:colcon.colcon_core.package_identification:_identify(webpage_ws) by extension 'python_setup_py'
[3.300s] Level 1:colcon.colcon_core.package_discovery:discover_packages(recursive) using defaults
[3.300s] Level 1:colcon.colcon_core.package_discovery:discover_packages(ignore) discover
[3.300s] Level 1:colcon.colcon_core.package_discovery:discover_packages(ignore) using defaults
[3.300s] Level 1:colcon.colcon_core.package_discovery:discover_packages(path) discover
[3.300s] Level 1:colcon.colcon_core.package_discovery:discover_packages(path) using defaults
[3.433s] INFO:colcon.colcon_core.package_selection:Skipping not selected package 'darknet' in 'darknet'
[3.433s] INFO:colcon.colcon_core.package_selection:Skipping not selected package 'limo_car' in 'ros2_ws/src/limo_files/limo_ros2/limo_car'
[3.433s] INFO:colcon.colcon_core.package_selection:Skipping not selected package 'limo_description' in 'ros2_ws/src/limo_files/limo_ros2/limo_description'
[3.433s] INFO:colcon.colcon_core.package_selection:Skipping not selected package 'limo_msgs' in 'ros2_ws/src/limo_files/limo_ros2/limo_msgs'
[3.433s] INFO:colcon.colcon_core.package_selection:Skipping not selected package 'ros_components_description' in 'ros2_ws/src/limo_files/ros_components_description'
[3.433s] INFO:colcon.colcon_core.package_selection:Skipping not selected package 'tc_gazebo_plugins' in 'ros2_ws/src/limo_files/gazebo_plugins_ros_mod/tc_gazebo_plugins'
[3.433s] INFO:colcon.colcon_core.package_selection:Skipping not selected package 'vision_msgs' in 'ros2_ws/src/raw_test/vision_msgs/vision_msgs'
[3.433s] INFO:colcon.colcon_core.package_selection:Skipping not selected package '3d_object_detection' in 'ros2_ws/src/3d_object_detection'
[3.433s] INFO:colcon.colcon_core.package_selection:Skipping not selected package 'limo_base' in 'ros2_ws/src/limo_files/limo_ros2/limo_base'
[3.433s] INFO:colcon.colcon_core.package_selection:Skipping not selected package 'openrobotics_darknet_ros' in 'ros2_ws/src/raw_test/openrobotics_darknet_ros'
[3.433s] INFO:colcon.colcon_core.package_selection:Skipping not selected package 'vision_msgs_rviz_plugins' in 'ros2_ws/src/raw_test/vision_msgs/vision_msgs_rviz_plugins'
[3.433s] INFO:colcon.colcon_core.package_selection:Skipping not selected package 'yolo_pointcloud_marker' in 'ros2_ws/src/raw_test/yolo_pointcloud_marker'
[3.434s] Level 5:colcon.colcon_core.verb:set package 'move_towards_object' build argument 'lookup_in_workspace' from command line to 'False'
[3.434s] Level 5:colcon.colcon_core.verb:set package 'move_towards_object' build argument 'cargo_args' from command line to 'None'
[3.434s] Level 5:colcon.colcon_core.verb:set package 'move_towards_object' build argument 'clean_build' from command line to 'False'
[3.434s] Level 5:colcon.colcon_core.verb:set package 'move_towards_object' build argument 'cmake_args' from command line to 'None'
[3.434s] Level 5:colcon.colcon_core.verb:set package 'move_towards_object' build argument 'cmake_target' from command line to 'None'
[3.434s] Level 5:colcon.colcon_core.verb:set package 'move_towards_object' build argument 'cmake_target_skip_unavailable' from command line to 'False'
[3.434s] Level 5:colcon.colcon_core.verb:set package 'move_towards_object' build argument 'cmake_clean_cache' from command line to 'False'
[3.434s] Level 5:colcon.colcon_core.verb:set package 'move_towards_object' build argument 'cmake_clean_first' from command line to 'False'
[3.434s] Level 5:colcon.colcon_core.verb:set package 'move_towards_object' build argument 'cmake_force_configure' from command line to 'False'
[3.434s] Level 5:colcon.colcon_core.verb:set package 'move_towards_object' build argument 'ament_cmake_args' from command line to 'None'
[3.435s] Level 5:colcon.colcon_core.verb:set package 'move_towards_object' build argument 'catkin_cmake_args' from command line to 'None'
[3.435s] Level 5:colcon.colcon_core.verb:set package 'move_towards_object' build argument 'catkin_skip_building_tests' from command line to 'False'
[3.435s] DEBUG:colcon.colcon_core.verb:Building package 'move_towards_object' with the following arguments: {'ament_cmake_args': None, 'build_base': '/home/user/build/move_towards_object', 'cargo_args': None, 'catkin_cmake_args': None, 'catkin_skip_building_tests': False, 'clean_build': False, 'cmake_args': None, 'cmake_clean_cache': False, 'cmake_clean_first': False, 'cmake_force_configure': False, 'cmake_target': None, 'cmake_target_skip_unavailable': False, 'install_base': '/home/user/install/move_towards_object', 'lookup_in_workspace': False, 'merge_install': False, 'path': '/home/user/ros2_ws/src/move_towards_object', 'symlink_install': False, 'test_result_base': None}
[3.436s] INFO:colcon.colcon_core.executor:Executing jobs using 'parallel' executor
[3.460s] DEBUG:colcon.colcon_parallel_executor.executor.parallel:run_until_complete
[3.461s] INFO:colcon.colcon_ros.task.ament_python.build:Building ROS package in '/home/user/ros2_ws/src/move_towards_object' with build type 'ament_python'
[3.461s] Level 1:colcon.colcon_core.shell:create_environment_hook('move_towards_object', 'ament_prefix_path')
[3.471s] INFO:colcon.colcon_core.plugin_system:Skipping extension 'colcon_core.shell.bat': Not used on non-Windows systems
[3.479s] INFO:colcon.colcon_core.shell:Creating environment hook '/home/user/install/move_towards_object/share/move_towards_object/hook/ament_prefix_path.ps1'
[3.487s] INFO:colcon.colcon_core.shell:Creating environment descriptor '/home/user/install/move_towards_object/share/move_towards_object/hook/ament_prefix_path.dsv'
[3.489s] INFO:colcon.colcon_core.shell:Creating environment hook '/home/user/install/move_towards_object/share/move_towards_object/hook/ament_prefix_path.sh'
[3.495s] INFO:colcon.colcon_core.shell:Skip shell extension 'powershell' for command environment: Not usable outside of PowerShell
[3.495s] DEBUG:colcon.colcon_core.shell:Skip shell extension 'dsv' for command environment
[5.715s] INFO:colcon.colcon_core.task.python.build:Building Python package in '/home/user/ros2_ws/src/move_towards_object'
[5.716s] INFO:colcon.colcon_core.shell:Skip shell extension 'powershell' for command environment: Not usable outside of PowerShell
[5.716s] DEBUG:colcon.colcon_core.shell:Skip shell extension 'dsv' for command environment
[8.710s] DEBUG:colcon.colcon_core.event_handler.log_command:Invoking command in '/home/user/ros2_ws/src/move_towards_object': PYTHONPATH=/home/user/build/move_towards_object/prefix_override:/home/user/install/move_towards_object/lib/python3.10/site-packages:${PYTHONPATH} _=/usr/bin/env /usr/bin/python3 -W ignore:setup.py install is deprecated setup.py egg_info --egg-base ../../../build/move_towards_object build --build-base /home/user/build/move_towards_object/build install --record /home/user/build/move_towards_object/install.log --single-version-externally-managed install_data
[11.895s] DEBUG:colcon.colcon_core.event_handler.log_command:Invoked command in '/home/user/ros2_ws/src/move_towards_object' returned '0': PYTHONPATH=/home/user/build/move_towards_object/prefix_override:/home/user/install/move_towards_object/lib/python3.10/site-packages:${PYTHONPATH} _=/usr/bin/env /usr/bin/python3 -W ignore:setup.py install is deprecated setup.py egg_info --egg-base ../../../build/move_towards_object build --build-base /home/user/build/move_towards_object/build install --record /home/user/build/move_towards_object/install.log --single-version-externally-managed install_data
[11.898s] Level 1:colcon.colcon_core.environment:checking '/home/user/install/move_towards_object' for CMake module files
[11.904s] Level 1:colcon.colcon_core.environment:checking '/home/user/install/move_towards_object' for CMake config files
[11.911s] Level 1:colcon.colcon_core.environment:checking '/home/user/install/move_towards_object/lib'
[11.912s] Level 1:colcon.colcon_core.environment:checking '/home/user/install/move_towards_object/bin'
[11.912s] Level 1:colcon.colcon_core.environment:checking '/home/user/install/move_towards_object/lib/pkgconfig/move_towards_object.pc'
[11.912s] Level 1:colcon.colcon_core.environment:checking '/home/user/install/move_towards_object/lib/python3.10/site-packages'
[11.912s] Level 1:colcon.colcon_core.shell:create_environment_hook('move_towards_object', 'pythonpath')
[11.913s] INFO:colcon.colcon_core.shell:Creating environment hook '/home/user/install/move_towards_object/share/move_towards_object/hook/pythonpath.ps1'
[11.913s] INFO:colcon.colcon_core.shell:Creating environment descriptor '/home/user/install/move_towards_object/share/move_towards_object/hook/pythonpath.dsv'
[11.914s] INFO:colcon.colcon_core.shell:Creating environment hook '/home/user/install/move_towards_object/share/move_towards_object/hook/pythonpath.sh'
[11.915s] Level 1:colcon.colcon_core.environment:checking '/home/user/install/move_towards_object/bin'
[11.934s] Level 1:colcon.colcon_core.environment:create_environment_scripts_only(move_towards_object)
[11.935s] INFO:colcon.colcon_core.shell:Creating package script '/home/user/install/move_towards_object/share/move_towards_object/package.ps1'
[11.942s] INFO:colcon.colcon_core.shell:Creating package descriptor '/home/user/install/move_towards_object/share/move_towards_object/package.dsv'
[11.946s] INFO:colcon.colcon_core.shell:Creating package script '/home/user/install/move_towards_object/share/move_towards_object/package.sh'
[11.952s] INFO:colcon.colcon_core.shell:Creating package script '/home/user/install/move_towards_object/share/move_towards_object/package.bash'
[11.960s] INFO:colcon.colcon_core.shell:Creating package script '/home/user/install/move_towards_object/share/move_towards_object/package.zsh'
[11.967s] Level 1:colcon.colcon_core.environment:create_file_with_runtime_dependencies(/home/user/install/move_towards_object/share/colcon-core/packages/move_towards_object)
[11.974s] DEBUG:colcon.colcon_parallel_executor.executor.parallel:closing loop
[11.976s] DEBUG:colcon.colcon_parallel_executor.executor.parallel:loop closed
[11.977s] DEBUG:colcon.colcon_parallel_executor.executor.parallel:run_until_complete finished with '0'
[11.982s] DEBUG:colcon.colcon_core.event_reactor:joining thread
[12.014s] INFO:colcon.colcon_core.plugin_system:Skipping extension 'colcon_notification.desktop_notification.notify_send': Could not find 'notify-send'
[12.019s] INFO:colcon.colcon_core.plugin_system:Skipping extension 'colcon_notification.desktop_notification.terminal_notifier': Not used on non-Darwin systems
[12.019s] INFO:colcon.colcon_core.plugin_system:Skipping extension 'colcon_notification.desktop_notification.win32': Not used on non-Windows systems
[12.021s] INFO:colcon.colcon_notification.desktop_notification:Sending desktop notification using 'notify2'
[12.030s] DEBUG:colcon.colcon_notification.desktop_notification.notify2:Failed to initialize notify2: org.freedesktop.DBus.Error.Spawn.ExecFailed: /usr/bin/dbus-launch terminated abnormally without any error message
[12.030s] DEBUG:colcon.colcon_core.event_reactor:joined thread
[12.031s] INFO:colcon.colcon_core.shell:Creating prefix script '/home/user/install/local_setup.ps1'
[12.041s] INFO:colcon.colcon_core.shell:Creating prefix util module '/home/user/install/_local_setup_util_ps1.py'
[12.046s] INFO:colcon.colcon_core.shell:Creating prefix chain script '/home/user/install/setup.ps1'
[12.066s] INFO:colcon.colcon_core.shell:Creating prefix script '/home/user/install/local_setup.sh'
[12.067s] INFO:colcon.colcon_core.shell:Creating prefix util module '/home/user/install/_local_setup_util_sh.py'
[12.070s] INFO:colcon.colcon_core.shell:Creating prefix chain script '/home/user/install/setup.sh'
[12.077s] INFO:colcon.colcon_core.shell:Creating prefix script '/home/user/install/local_setup.bash'
[12.077s] INFO:colcon.colcon_core.shell:Creating prefix chain script '/home/user/install/setup.bash'
[12.102s] INFO:colcon.colcon_core.shell:Creating prefix script '/home/user/install/local_setup.zsh'
[12.110s] INFO:colcon.colcon_core.shell:Creating prefix chain script '/home/user/install/setup.zsh'
