[1.996s] Invoking command in '/home/user/ros2_ws/src/move_towards_object': PYTHONPATH=/home/user/build/move_towards_object/prefix_override:/home/user/install/move_towards_object/lib/python3.10/site-packages:${PYTHONPATH} _=/usr/bin/env /usr/bin/python3 -W ignore:setup.py install is deprecated setup.py egg_info --egg-base ../../../build/move_towards_object build --build-base /home/user/build/move_towards_object/build install --record /home/user/build/move_towards_object/install.log --single-version-externally-managed install_data
[2.785s] running egg_info
[2.788s] writing ../../../build/move_towards_object/move_towards_object.egg-info/PKG-INFO
[2.790s] writing dependency_links to ../../../build/move_towards_object/move_towards_object.egg-info/dependency_links.txt
[2.790s] writing entry points to ../../../build/move_towards_object/move_towards_object.egg-info/entry_points.txt
[2.791s] writing requirements to ../../../build/move_towards_object/move_towards_object.egg-info/requires.txt
[2.792s] writing top-level names to ../../../build/move_towards_object/move_towards_object.egg-info/top_level.txt
[2.799s] reading manifest file '../../../build/move_towards_object/move_towards_object.egg-info/SOURCES.txt'
[2.804s] writing manifest file '../../../build/move_towards_object/move_towards_object.egg-info/SOURCES.txt'
[2.805s] running build
[2.805s] running build_py
[2.805s] copying move_towards_object/robot_environment.py -> /home/user/build/move_towards_object/build/lib/move_towards_object
[2.805s] running install
[2.805s] running install_lib
[2.805s] copying /home/user/build/move_towards_object/build/lib/move_towards_object/robot_environment.py -> /home/user/install/move_towards_object/lib/python3.10/site-packages/move_towards_object
[2.805s] byte-compiling /home/user/install/move_towards_object/lib/python3.10/site-packages/move_towards_object/robot_environment.py to robot_environment.cpython-310.pyc
[2.808s] running install_data
[2.808s] running install_egg_info
[2.812s] removing '/home/user/install/move_towards_object/lib/python3.10/site-packages/move_towards_object-0.0.0-py3.10.egg-info' (and everything under it)
[2.812s] Copying ../../../build/move_towards_object/move_towards_object.egg-info to /home/user/install/move_towards_object/lib/python3.10/site-packages/move_towards_object-0.0.0-py3.10.egg-info
[2.815s] running install_scripts
[2.868s] Installing move_towards_object_node script to /home/user/install/move_towards_object/lib/move_towards_object
[2.875s] writing list of installed files to '/home/user/build/move_towards_object/install.log'
[2.957s] Invoked command in '/home/user/ros2_ws/src/move_towards_object' returned '0': PYTHONPATH=/home/user/build/move_towards_object/prefix_override:/home/user/install/move_towards_object/lib/python3.10/site-packages:${PYTHONPATH} _=/usr/bin/env /usr/bin/python3 -W ignore:setup.py install is deprecated setup.py egg_info --egg-base ../../../build/move_towards_object build --build-base /home/user/build/move_towards_object/build install --record /home/user/build/move_towards_object/install.log --single-version-externally-managed install_data
