[6.804s] Invoking command in '/home/user/ros2_ws/src/3d_object_detection': PYTHONPATH=/home/user/build/3d_object_detection/prefix_override:/home/user/install/3d_object_detection/lib/python3.10/site-packages:${PYTHONPATH} _=/usr/bin/env /usr/bin/python3 -W ignore:setup.py install is deprecated setup.py egg_info --egg-base ../../../build/3d_object_detection build --build-base /home/user/build/3d_object_detection/build install --record /home/user/build/3d_object_detection/install.log --single-version-externally-managed install_data
[7.877s] running egg_info
[7.879s] writing ../../../build/3d_object_detection/3d_object_detection.egg-info/PKG-INFO
[7.880s] writing dependency_links to ../../../build/3d_object_detection/3d_object_detection.egg-info/dependency_links.txt
[7.885s] writing entry points to ../../../build/3d_object_detection/3d_object_detection.egg-info/entry_points.txt
[7.885s] writing requirements to ../../../build/3d_object_detection/3d_object_detection.egg-info/requires.txt
[7.886s] writing top-level names to ../../../build/3d_object_detection/3d_object_detection.egg-info/top_level.txt
[7.894s] reading manifest file '../../../build/3d_object_detection/3d_object_detection.egg-info/SOURCES.txt'
[7.896s] writing manifest file '../../../build/3d_object_detection/3d_object_detection.egg-info/SOURCES.txt'
[7.896s] running build
[7.897s] running build_py
[7.904s] running install
[7.904s] running install_lib
[7.957s] running install_data
[7.957s] running install_egg_info
[7.968s] removing '/home/user/install/3d_object_detection/lib/python3.10/site-packages/3d_object_detection-0.0.0-py3.10.egg-info' (and everything under it)
[7.969s] Copying ../../../build/3d_object_detection/3d_object_detection.egg-info to /home/user/install/3d_object_detection/lib/python3.10/site-packages/3d_object_detection-0.0.0-py3.10.egg-info
[7.971s] running install_scripts
[8.069s] Installing 3d_object_detection_node script to /home/user/install/3d_object_detection/lib/3d_object_detection
[8.069s] writing list of installed files to '/home/user/build/3d_object_detection/install.log'
[8.099s] Invoked command in '/home/user/ros2_ws/src/3d_object_detection' returned '0': PYTHONPATH=/home/user/build/3d_object_detection/prefix_override:/home/user/install/3d_object_detection/lib/python3.10/site-packages:${PYTHONPATH} _=/usr/bin/env /usr/bin/python3 -W ignore:setup.py install is deprecated setup.py egg_info --egg-base ../../../build/3d_object_detection build --build-base /home/user/build/3d_object_detection/build install --record /home/user/build/3d_object_detection/install.log --single-version-externally-managed install_data
