[4.984s] Invoking command in '/home/user/ros2_ws/src/3d_object_detection': PYTHONPATH=/home/user/build/3d_object_detection/prefix_override:/home/user/install/3d_object_detection/lib/python3.10/site-packages:${PYTHONPATH} _=/usr/bin/env /usr/bin/python3 -W ignore:setup.py install is deprecated setup.py egg_info --egg-base ../../../build/3d_object_detection build --build-base /home/user/build/3d_object_detection/build install --record /home/user/build/3d_object_detection/install.log --single-version-externally-managed install_data
[7.177s] running egg_info
[7.186s] creating ../../../build/3d_object_detection/3d_object_detection.egg-info
[7.187s] writing ../../../build/3d_object_detection/3d_object_detection.egg-info/PKG-INFO
[7.187s] writing dependency_links to ../../../build/3d_object_detection/3d_object_detection.egg-info/dependency_links.txt
[7.188s] writing entry points to ../../../build/3d_object_detection/3d_object_detection.egg-info/entry_points.txt
[7.188s] writing requirements to ../../../build/3d_object_detection/3d_object_detection.egg-info/requires.txt
[7.189s] writing top-level names to ../../../build/3d_object_detection/3d_object_detection.egg-info/top_level.txt
[7.189s] writing manifest file '../../../build/3d_object_detection/3d_object_detection.egg-info/SOURCES.txt'
[7.195s] reading manifest file '../../../build/3d_object_detection/3d_object_detection.egg-info/SOURCES.txt'
[7.206s] writing manifest file '../../../build/3d_object_detection/3d_object_detection.egg-info/SOURCES.txt'
[7.207s] running build
[7.207s] running build_py
[7.208s] creating /home/user/build/3d_object_detection/build
[7.208s] creating /home/user/build/3d_object_detection/build/lib
[7.208s] creating /home/user/build/3d_object_detection/build/lib/3d_object_detection
[7.209s] copying 3d_object_detection/__init__.py -> /home/user/build/3d_object_detection/build/lib/3d_object_detection
[7.209s] copying 3d_object_detection/3d_object_detection_node.py -> /home/user/build/3d_object_detection/build/lib/3d_object_detection
[7.210s] running install
[7.211s] running install_lib
[7.215s] creating /home/user/install/3d_object_detection/lib/python3.10/site-packages/3d_object_detection
[7.216s] copying /home/user/build/3d_object_detection/build/lib/3d_object_detection/__init__.py -> /home/user/install/3d_object_detection/lib/python3.10/site-packages/3d_object_detection
[7.217s] copying /home/user/build/3d_object_detection/build/lib/3d_object_detection/3d_object_detection_node.py -> /home/user/install/3d_object_detection/lib/python3.10/site-packages/3d_object_detection
[7.229s] byte-compiling /home/user/install/3d_object_detection/lib/python3.10/site-packages/3d_object_detection/__init__.py to __init__.cpython-310.pyc
[7.231s] byte-compiling /home/user/install/3d_object_detection/lib/python3.10/site-packages/3d_object_detection/3d_object_detection_node.py to 3d_object_detection_node.cpython-310.pyc
[7.238s] running install_data
[7.239s] creating /home/user/install/3d_object_detection/share/ament_index
[7.239s] creating /home/user/install/3d_object_detection/share/ament_index/resource_index
[7.239s] creating /home/user/install/3d_object_detection/share/ament_index/resource_index/packages
[7.240s] copying resource/3d_object_detection -> /home/user/install/3d_object_detection/share/ament_index/resource_index/packages
[7.240s] copying package.xml -> /home/user/install/3d_object_detection/share/3d_object_detection
[7.241s] running install_egg_info
[7.262s] Copying ../../../build/3d_object_detection/3d_object_detection.egg-info to /home/user/install/3d_object_detection/lib/python3.10/site-packages/3d_object_detection-0.0.0-py3.10.egg-info
[7.271s] running install_scripts
[7.401s] Installing 3d_object_detection_node script to /home/user/install/3d_object_detection/lib/3d_object_detection
[7.403s] writing list of installed files to '/home/user/build/3d_object_detection/install.log'
[7.535s] Invoked command in '/home/user/ros2_ws/src/3d_object_detection' returned '0': PYTHONPATH=/home/user/build/3d_object_detection/prefix_override:/home/user/install/3d_object_detection/lib/python3.10/site-packages:${PYTHONPATH} _=/usr/bin/env /usr/bin/python3 -W ignore:setup.py install is deprecated setup.py egg_info --egg-base ../../../build/3d_object_detection build --build-base /home/user/build/3d_object_detection/build install --record /home/user/build/3d_object_detection/install.log --single-version-externally-managed install_data
