[4.621s] Invoking command in '/home/user/ros2_ws/src/move_towards_object': PYTHONPATH=/home/user/build/move_towards_object/prefix_override:/home/user/install/move_towards_object/lib/python3.10/site-packages:${PYTHONPATH} _=/usr/bin/env /usr/bin/python3 -W ignore:setup.py install is deprecated setup.py egg_info --egg-base ../../../build/move_towards_object build --build-base /home/user/build/move_towards_object/build install --record /home/user/build/move_towards_object/install.log --single-version-externally-managed install_data
[6.607s] running egg_info
[6.620s] writing ../../../build/move_towards_object/move_towards_object.egg-info/PKG-INFO
[6.620s] writing dependency_links to ../../../build/move_towards_object/move_towards_object.egg-info/dependency_links.txt
[6.620s] writing entry points to ../../../build/move_towards_object/move_towards_object.egg-info/entry_points.txt
[6.621s] writing requirements to ../../../build/move_towards_object/move_towards_object.egg-info/requires.txt
[6.621s] writing top-level names to ../../../build/move_towards_object/move_towards_object.egg-info/top_level.txt
[6.623s] reading manifest file '../../../build/move_towards_object/move_towards_object.egg-info/SOURCES.txt'
[6.625s] writing manifest file '../../../build/move_towards_object/move_towards_object.egg-info/SOURCES.txt'
[6.625s] running build
[6.625s] running build_py
[6.625s] running install
[6.667s] running install_lib
[6.668s] running install_data
[6.668s] running install_egg_info
[6.673s] removing '/home/user/install/move_towards_object/lib/python3.10/site-packages/move_towards_object-0.0.0-py3.10.egg-info' (and everything under it)
[6.673s] Copying ../../../build/move_towards_object/move_towards_object.egg-info to /home/user/install/move_towards_object/lib/python3.10/site-packages/move_towards_object-0.0.0-py3.10.egg-info
[6.673s] running install_scripts
[6.856s] Installing move_towards_object_node script to /home/user/install/move_towards_object/lib/move_towards_object
[6.861s] writing list of installed files to '/home/user/build/move_towards_object/install.log'
[7.021s] Invoked command in '/home/user/ros2_ws/src/move_towards_object' returned '0': PYTHONPATH=/home/user/build/move_towards_object/prefix_override:/home/user/install/move_towards_object/lib/python3.10/site-packages:${PYTHONPATH} _=/usr/bin/env /usr/bin/python3 -W ignore:setup.py install is deprecated setup.py egg_info --egg-base ../../../build/move_towards_object build --build-base /home/user/build/move_towards_object/build install --record /home/user/build/move_towards_object/install.log --single-version-externally-managed install_data
